{
    "Identifier": "b68eb0e4-64b1-4128-893a-f4869af9373d",
    "Fullname": "BLLTest_PCT:BL.Operation.PostCheckInTest.PCRCompileTest.PCRPackunPack_DebugTest",
    "Owner": "Tophy",
    "OwnerName": "Tophy",
    "History": [
        {
            "Version": 83154,
            "Passed": false,
            "TestRun": "94f5da2c-c5e1-4419-a529-5cb62973ad89",
            "RunType": "PostCheckin",
            "Message": "Full Name: \r<br/>    BLLTest_PCT:BL.Operation.PostCheckInTest.PCRCompileTest.PCRPackunPack_DebugTest\r<br/>Message Version: \r<br/>    83154\r<br/>Message:\r<br/>    Error Message:\r\r<br/>    Assert.IsTrue failed. Case: [FAILED]\r\r<br/>    PCRPackunPack_DebugTest\r\r<br/>     Rounds 0\r\r<br/>     Tested Files 2\r\r<br/>     Result: &lt;Pass 1, Fail 1&gt;\r\r<br/>     Picked Files: 2/2\r\r<br/>      1st Priority 2 &lt;Unstable 0, Specified 2, RandomAtLeast 0&gt;\r\r<br/>      2nd Priority 0 &lt;NeverRun 0, RandomMore 0, Stable 0&gt;\r\r<br/>     Time: 0:32 &lt;Each 16.22&gt;\r\r<br/>     Pure: 1:02 &lt;Each 31.08 Compare 1.9&gt;\r\r<br/>     Threads 10.0 &lt;10&gt;\r\r<br/>    Log Folder: \\\\nebula-01\\TestLog\\C83154_.1\\BLL_From_VM_W7_64_2915\\MyTestResults\\BllLogs\r\r<br/>    Default_NA_R140104_T3000A_UHFB2.log\r\r<br/>    \r\r<br/>    StackTrace:\r\r<br/>       at BL.Operation.PostCheckInTest.PCRCompileTest.PCRPackunPack_DebugTest()\r<br/>           in \r<br/>           d:\\CI_1\\Sources\\Common_CPS_Platfrm\\Implementation\\RM2.0\\BusinessLogic\\Code\\Tools\\Test\\BL.Operation.PostCheckInTest\\PCRConfiguratio\r<br/>           nTest\\PCRCompileTest.cs:line 84\r\r<br/>    \r\r<br/>    \r<br/>"
        },
        {
            "Version": 83140,
            "Passed": false,
            "TestRun": "3020dd43-b127-4406-a220-33b0d4b0a963",
            "RunType": "PostCheckin",
            "Message": "Full Name: \r<br/>    BLLTest_PCT:BL.Operation.PostCheckInTest.PCRCompileTest.PCRPackunPack_DebugTest\r<br/>Message Version: \r<br/>    83140\r<br/>Message:\r<br/>    Error Message:\r\r<br/>    Assert.IsTrue failed. Case: [FAILED]\r\r<br/>    PCRPackunPack_DebugTest\r\r<br/>     Rounds 0\r\r<br/>     Tested Files 2\r\r<br/>     Result: &lt;Pass 1, Fail 1&gt;\r\r<br/>     Picked Files: 2/2\r\r<br/>      1st Priority 2 &lt;Unstable 0, Specified 2, RandomAtLeast 0&gt;\r\r<br/>      2nd Priority 0 &lt;NeverRun 0, RandomMore 0, Stable 0&gt;\r\r<br/>     Time: 0:47 &lt;Each 23.94&gt;\r\r<br/>     Pure: 1:33 &lt;Each 46.73 Compare 2.0&gt;\r\r<br/>     Threads 10.0 &lt;10&gt;\r\r<br/>    Log Folder: \\\\nebula-01\\TestLog\\C83140_.1\\BLL_From_VM_W7_64_2002\\MyTestResults\\BllLogs\r\r<br/>    Default_NA_R140104_T3000A_UHFB2.log\r\r<br/>    \r\r<br/>    StackTrace:\r\r<br/>       at BL.Operation.PostCheckInTest.PCRCompileTest.PCRPackunPack_DebugTest()\r<br/>           in \r<br/>           d:\\CI_1\\Sources\\Common_CPS_Platfrm\\Implementation\\RM2.0\\BusinessLogic\\Code\\Tools\\Test\\BL.Operation.PostCheckInTest\\PCRConfiguratio\r<br/>           nTest\\PCRCompileTest.cs:line 84\r\r<br/>    \r\r<br/>    \r<br/>"
        },
        {
            "Version": 83139,
            "Passed": false,
            "TestRun": "b3f1ebb0-35a8-40c6-96c3-bdf781e5488e",
            "RunType": "PostCheckin",
            "Message": "Full Name: \r<br/>    BLLTest_PCT:BL.Operation.PostCheckInTest.PCRCompileTest.PCRPackunPack_DebugTest\r<br/>Message Version: \r<br/>    83139\r<br/>Message:\r<br/>    Error Message:\r\r<br/>    Assert.IsTrue failed. Case: [FAILED]\r\r<br/>    PCRPackunPack_DebugTest\r\r<br/>     Rounds 0\r\r<br/>     Tested Files 2\r\r<br/>     Result: &lt;Pass 1, Fail 1&gt;\r\r<br/>     Picked Files: 2/2\r\r<br/>      1st Priority 2 &lt;Unstable 0, Specified 2, RandomAtLeast 0&gt;\r\r<br/>      2nd Priority 0 &lt;NeverRun 0, RandomMore 0, Stable 0&gt;\r\r<br/>     Time: 0:28 &lt;Each 14.34&gt;\r\r<br/>     Pure: 0:55 &lt;Each 27.67 Compare 1.9&gt;\r\r<br/>     Threads 10.0 &lt;10&gt;\r\r<br/>    Log Folder: \\\\nebula-01\\TestLog\\C83139_.1\\BLL_From_VM_W7_64_2107\\MyTestResults\\BllLogs\r\r<br/>    Default_NA_R140104_T3000A_UHFB2.log\r\r<br/>    \r\r<br/>    StackTrace:\r\r<br/>       at BL.Operation.PostCheckInTest.PCRCompileTest.PCRPackunPack_DebugTest()\r<br/>           in \r<br/>           d:\\CI_1\\Sources\\Common_CPS_Platfrm\\Implementation\\RM2.0\\BusinessLogic\\Code\\Tools\\Test\\BL.Operation.PostCheckInTest\\PCRConfiguratio\r<br/>           nTest\\PCRCompileTest.cs:line 84\r\r<br/>    \r\r<br/>    \r<br/>"
        },
        {
            "Version": 83136,
            "Passed": false,
            "TestRun": "4141b3a8-abdc-4e1b-868b-a3739f223730",
            "RunType": "PostCheckin",
            "Message": "Full Name: \r<br/>    BLLTest_PCT:BL.Operation.PostCheckInTest.PCRCompileTest.PCRPackunPack_DebugTest\r<br/>Message Version: \r<br/>    83136\r<br/>Message:\r<br/>    Error Message:\r\r<br/>    Assert.IsTrue failed. Case: [FAILED]\r\r<br/>    PCRPackunPack_DebugTest\r\r<br/>     Rounds 0\r\r<br/>     Tested Files 2\r\r<br/>     Result: &lt;Pass 1, Fail 1&gt;\r\r<br/>     Picked Files: 2/2\r\r<br/>      1st Priority 2 &lt;Unstable 0, Specified 2, RandomAtLeast 0&gt;\r\r<br/>      2nd Priority 0 &lt;NeverRun 0, RandomMore 0, Stable 0&gt;\r\r<br/>     Time: 0:29 &lt;Each 14.55&gt;\r\r<br/>     Pure: 0:55 &lt;Each 27.91 Compare 1.9&gt;\r\r<br/>     Threads 10.0 &lt;10&gt;\r\r<br/>    Log Folder: \\\\nebula-01\\TestLog\\C83136_.1\\BLL_From_VM_W7_64_2302\\MyTestResults\\BllLogs\r\r<br/>    Default_NA_R140104_T3000A_UHFB2.log\r\r<br/>    \r\r<br/>    StackTrace:\r\r<br/>       at BL.Operation.PostCheckInTest.PCRCompileTest.PCRPackunPack_DebugTest()\r<br/>           in \r<br/>           d:\\CI_1\\Sources\\Common_CPS_Platfrm\\Implementation\\RM2.0\\BusinessLogic\\Code\\Tools\\Test\\BL.Operation.PostCheckInTest\\PCRConfiguratio\r<br/>           nTest\\PCRCompileTest.cs:line 84\r\r<br/>    \r\r<br/>    \r<br/>"
        },
        {
            "Version": 83116,
            "Passed": false,
            "TestRun": "46decd43-5f70-4415-82ea-467020486b23",
            "RunType": "PostCheckin",
            "Message": "Full Name: \r<br/>    BLLTest_PCT:BL.Operation.PostCheckInTest.PCRCompileTest.PCRPackunPack_DebugTest\r<br/>Message Version: \r<br/>    83116\r<br/>Message:\r<br/>    Error Message:\r\r<br/>    Assert.IsTrue failed. Case: [FAILED]\r\r<br/>    PCRPackunPack_DebugTest\r\r<br/>     Rounds 0\r\r<br/>     Tested Files 2\r\r<br/>     Result: &lt;Pass 0, Fail 2&gt;\r\r<br/>     Picked Files: 2/2\r\r<br/>      1st Priority 2 &lt;Unstable 0, Specified 2, RandomAtLeast 0&gt;\r\r<br/>      2nd Priority 0 &lt;NeverRun 0, RandomMore 0, Stable 0&gt;\r\r<br/>     Time: 0:25 &lt;Each 12.72&gt;\r\r<br/>     Pure: 0:50 &lt;Each 25.26 Compare 2.0&gt;\r\r<br/>     Threads 10.0 &lt;10&gt;\r\r<br/>    Log Folder: \\\\nebula-01\\TestLog\\C83116_.1\\BLL_From_VM_W7_64_3017\\MyTestResults\\BllLogs\r\r<br/>    Default_NA_R140104_T3000A_UHFB2.log\r\r<br/>    Default_NA_R140104_T3000A_UHFB2.log\r\r<br/>    \r\r<br/>    StackTrace:\r\r<br/>       at BL.Operation.PostCheckInTest.PCRCompileTest.PCRPackunPack_DebugTest()\r<br/>           in \r<br/>           d:\\CI_1\\Sources\\Common_CPS_Platfrm\\Implementation\\RM2.0\\BusinessLogic\\Code\\Tools\\Test\\BL.Operation.PostCheckInTest\\PCRConfiguratio\r<br/>           nTest\\PCRCompileTest.cs:line 84\r\r<br/>    \r\r<br/>    \r<br/>"
        },
        {
            "Version": 83090,
            "Passed": false,
            "TestRun": "a7c66aa1-af4c-4704-9e1a-fadad1a46a16",
            "RunType": "PostCheckin",
            "Message": "Full Name: \r<br/>    BLLTest_PCT:BL.Operation.PostCheckInTest.PCRCompileTest.PCRPackunPack_DebugTest\r<br/>Message Version: \r<br/>    83090\r<br/>Message:\r<br/>    Error Message:\r\r<br/>    Assert.IsTrue failed. Case: [FAILED]\r\r<br/>    PCRPackunPack_DebugTest\r\r<br/>     Rounds 0\r\r<br/>     Tested Files 2\r\r<br/>     Result: &lt;Pass 0, Fail 2&gt;\r\r<br/>     Picked Files: 2/2\r\r<br/>      1st Priority 2 &lt;Unstable 0, Specified 2, RandomAtLeast 0&gt;\r\r<br/>      2nd Priority 0 &lt;NeverRun 0, RandomMore 0, Stable 0&gt;\r\r<br/>     Time: 0:28 &lt;Each 14.02&gt;\r\r<br/>     Pure: 0:55 &lt;Each 27.81 Compare 2.0&gt;\r\r<br/>     Threads 10.0 &lt;10&gt;\r\r<br/>    Log Folder: \\\\nebula-01\\TestLog\\C83090_.1\\BLL_From_VM_W7_64_3101\\MyTestResults\\BllLogs\r\r<br/>    Default_NA_R140104_T3000A_UHFB2.log\r\r<br/>    Default_NA_R140104_T3000A_UHFB2.log\r\r<br/>    \r\r<br/>    StackTrace:\r\r<br/>       at BL.Operation.PostCheckInTest.PCRCompileTest.PCRPackunPack_DebugTest()\r<br/>           in \r<br/>           d:\\CI_1\\Sources\\Common_CPS_Platfrm\\Implementation\\RM2.0\\BusinessLogic\\Code\\Tools\\Test\\BL.Operation.PostCheckInTest\\PCRConfiguratio\r<br/>           nTest\\PCRCompileTest.cs:line 84\r\r<br/>    \r\r<br/>    \r<br/>"
        },
        {
            "Version": 83072,
            "Passed": false,
            "TestRun": "b33f6b98-4b06-41e4-8da7-dc08fe5f46bb",
            "RunType": "PostCheckin",
            "Message": "Full Name: \r<br/>    BLLTest_PCT:BL.Operation.PostCheckInTest.PCRCompileTest.PCRPackunPack_DebugTest\r<br/>Message Version: \r<br/>    83072\r<br/>Message:\r<br/>    Error Message:\r\r<br/>    Assert.IsTrue failed. Case: [FAILED]\r\r<br/>    PCRPackunPack_DebugTest\r\r<br/>     Rounds 0\r\r<br/>     Tested Files 1\r\r<br/>     Result: &lt;Pass 0, Fail 1&gt;\r\r<br/>     Picked Files: 1/1\r\r<br/>      1st Priority 1 &lt;Unstable 0, Specified 1, RandomAtLeast 0&gt;\r\r<br/>      2nd Priority 0 &lt;NeverRun 0, RandomMore 0, Stable 0&gt;\r\r<br/>     Time: 0:22 &lt;Each 22.97&gt;\r\r<br/>     Pure: 0:22 &lt;Each 22.90 Compare 1.0&gt;\r\r<br/>     Threads 10.0 &lt;10&gt;\r\r<br/>    Log Folder: \\\\nebula-01\\TestLog\\C83072_.1\\BLL_From_VM_W7_64_2308\\MyTestResults\\BllLogs\r\r<br/>    Default_NA_R140104_T3000A_UHFB2.log\r\r<br/>    \r\r<br/>    StackTrace:\r\r<br/>       at BL.Operation.PostCheckInTest.PCRCompileTest.PCRPackunPack_DebugTest()\r<br/>           in \r<br/>           d:\\CI_1\\Sources\\Common_CPS_Platfrm\\Implementation\\RM2.0\\BusinessLogic\\Code\\Tools\\Test\\BL.Operation.PostCheckInTest\\PCRConfiguratio\r<br/>           nTest\\PCRCompileTest.cs:line 84\r\r<br/>    \r\r<br/>    \r<br/>"
        },
        {
            "Version": 83065,
            "Passed": false,
            "TestRun": "0f11cd67-4a2b-43b2-8cd4-7d84a28645c4",
            "RunType": "PostCheckin",
            "Message": "Full Name: \r<br/>    BLLTest_PCT:BL.Operation.PostCheckInTest.PCRCompileTest.PCRPackunPack_DebugTest\r<br/>Message Version: \r<br/>    83065\r<br/>Message:\r<br/>    Error Message:\r\r<br/>    Assert.IsTrue failed. Case: [FAILED]\r\r<br/>    PCRPackunPack_DebugTest\r\r<br/>     Rounds 0\r\r<br/>     Tested Files 1\r\r<br/>     Result: &lt;Pass 0, Fail 1&gt;\r\r<br/>     Picked Files: 1/1\r\r<br/>      1st Priority 1 &lt;Unstable 0, Specified 1, RandomAtLeast 0&gt;\r\r<br/>      2nd Priority 0 &lt;NeverRun 0, RandomMore 0, Stable 0&gt;\r\r<br/>     Time: 0:17 &lt;Each 17.78&gt;\r\r<br/>     Pure: 0:17 &lt;Each 17.69 Compare 1.0&gt;\r\r<br/>     Threads 10.0 &lt;10&gt;\r\r<br/>    Log Folder: \\\\nebula-01\\TestLog\\C83065_.1\\BLL_From_VM_W7_64_2102\\MyTestResults\\BllLogs\r\r<br/>    Default_NA_R140104_T3000A_UHFB2.log\r\r<br/>    \r\r<br/>    StackTrace:\r\r<br/>       at BL.Operation.PostCheckInTest.PCRCompileTest.PCRPackunPack_DebugTest()\r<br/>           in \r<br/>           d:\\CI_1\\Sources\\Common_CPS_Platfrm\\Implementation\\RM2.0\\BusinessLogic\\Code\\Tools\\Test\\BL.Operation.PostCheckInTest\\PCRConfiguratio\r<br/>           nTest\\PCRCompileTest.cs:line 84\r\r<br/>    \r\r<br/>    \r<br/>"
        },
        {
            "Version": 83063,
            "Passed": false,
            "TestRun": "d7521792-f03b-4960-a46b-90fe89421abb",
            "RunType": "PostCheckin",
            "Message": "Full Name: \r<br/>    BLLTest_PCT:BL.Operation.PostCheckInTest.PCRCompileTest.PCRPackunPack_DebugTest\r<br/>Message Version: \r<br/>    83063\r<br/>Message:\r<br/>    Error Message:\r\r<br/>    Assert.IsTrue failed. Case: [FAILED]\r\r<br/>    PCRPackunPack_DebugTest\r\r<br/>     Rounds 0\r\r<br/>     Tested Files 1\r\r<br/>     Result: &lt;Pass 0, Fail 1&gt;\r\r<br/>     Picked Files: 1/1\r\r<br/>      1st Priority 1 &lt;Unstable 0, Specified 1, RandomAtLeast 0&gt;\r\r<br/>      2nd Priority 0 &lt;NeverRun 0, RandomMore 0, Stable 0&gt;\r\r<br/>     Time: 0:16 &lt;Each 16.97&gt;\r\r<br/>     Pure: 0:16 &lt;Each 16.90 Compare 1.0&gt;\r\r<br/>     Threads 10.0 &lt;10&gt;\r\r<br/>    Log Folder: \\\\nebula-01\\TestLog\\C83063_.1\\BLL_From_VM_W7_64_2103\\MyTestResults\\BllLogs\r\r<br/>    Default_NA_R140104_T3000A_UHFB2.log\r\r<br/>    \r\r<br/>    StackTrace:\r\r<br/>       at BL.Operation.PostCheckInTest.PCRCompileTest.PCRPackunPack_DebugTest()\r<br/>           in \r<br/>           d:\\CI_1\\Sources\\Common_CPS_Platfrm\\Implementation\\RM2.0\\BusinessLogic\\Code\\Tools\\Test\\BL.Operation.PostCheckInTest\\PCRConfiguratio\r<br/>           nTest\\PCRCompileTest.cs:line 84\r\r<br/>    \r\r<br/>    \r<br/>"
        },
        {
            "Version": 83049,
            "Passed": false,
            "TestRun": "e0eae673-0293-40a1-8973-f2baf849f264",
            "RunType": "PostCheckin",
            "Message": "Full Name: \r<br/>    BLLTest_PCT:BL.Operation.PostCheckInTest.PCRCompileTest.PCRPackunPack_DebugTest\r<br/>Message Version: \r<br/>    83049\r<br/>Message:\r<br/>    Error Message:\r\r<br/>    Assert.IsTrue failed. Case: [FAILED]\r\r<br/>    PCRPackunPack_DebugTest\r\r<br/>     Rounds 0\r\r<br/>     Tested Files 1\r\r<br/>     Result: &lt;Pass 0, Fail 1&gt;\r\r<br/>     Picked Files: 1/1\r\r<br/>      1st Priority 1 &lt;Unstable 0, Specified 1, RandomAtLeast 0&gt;\r\r<br/>      2nd Priority 0 &lt;NeverRun 0, RandomMore 0, Stable 0&gt;\r\r<br/>     Time: 0:26 &lt;Each 26.67&gt;\r\r<br/>     Pure: 0:26 &lt;Each 26.05 Compare 1.0&gt;\r\r<br/>     Threads 10.0 &lt;10&gt;\r\r<br/>    Log Folder: \\\\nebula-01\\TestLog\\C83049_.1\\BLL_From_VM_W7_64_2002\\MyTestResults\\BllLogs\r\r<br/>    Default_NA_R140104_T3000A_UHFB2.log\r\r<br/>    \r\r<br/>    StackTrace:\r\r<br/>       at BL.Operation.PostCheckInTest.PCRCompileTest.PCRPackunPack_DebugTest()\r<br/>           in \r<br/>           d:\\CI_1\\Sources\\Common_CPS_Platfrm\\Implementation\\RM2.0\\BusinessLogic\\Code\\Tools\\Test\\BL.Operation.PostCheckInTest\\PCRConfiguratio\r<br/>           nTest\\PCRCompileTest.cs:line 84\r\r<br/>    \r\r<br/>    \r<br/>"
        },
        {
            "Version": 83043,
            "Passed": false,
            "TestRun": "342f2e29-3a3e-403b-b068-0218318cce75",
            "RunType": "PostCheckin",
            "Message": "Full Name: \r<br/>    BLLTest_PCT:BL.Operation.PostCheckInTest.PCRCompileTest.PCRPackunPack_DebugTest\r<br/>Message Version: \r<br/>    83043\r<br/>Message:\r<br/>    Error Message:\r\r<br/>    Assert.IsTrue failed. Case: [FAILED]\r\r<br/>    PCRPackunPack_DebugTest\r\r<br/>     Rounds 0\r\r<br/>     Tested Files 1\r\r<br/>     Result: &lt;Pass 0, Fail 1&gt;\r\r<br/>     Picked Files: 1/1\r\r<br/>      1st Priority 1 &lt;Unstable 0, Specified 1, RandomAtLeast 0&gt;\r\r<br/>      2nd Priority 0 &lt;NeverRun 0, RandomMore 0, Stable 0&gt;\r\r<br/>     Time: 0:28 &lt;Each 28.69&gt;\r\r<br/>     Pure: 0:28 &lt;Each 28.46 Compare 1.0&gt;\r\r<br/>     Threads 10.0 &lt;10&gt;\r\r<br/>    Log Folder: \\\\nebula-01\\TestLog\\C83043_.1\\BLL_From_VM_W7_64_0303\\MyTestResults\\BllLogs\r\r<br/>    Default_NA_R140104_T3000A_UHFB2.log\r\r<br/>    \r\r<br/>    StackTrace:\r\r<br/>       at BL.Operation.PostCheckInTest.PCRCompileTest.PCRPackunPack_DebugTest()\r<br/>           in \r<br/>           d:\\CI_1\\Sources\\Common_CPS_Platfrm\\Implementation\\RM2.0\\BusinessLogic\\Code\\Tools\\Test\\BL.Operation.PostCheckInTest\\PCRConfiguratio\r<br/>           nTest\\PCRCompileTest.cs:line 84\r\r<br/>    \r\r<br/>    \r<br/>"
        },
        {
            "Version": 83040,
            "Passed": false,
            "TestRun": "4502d0fc-7c66-4706-a03e-6560465ab9aa",
            "RunType": "PostCheckin",
            "Message": "Full Name: \r<br/>    BLLTest_PCT:BL.Operation.PostCheckInTest.PCRCompileTest.PCRPackunPack_DebugTest\r<br/>Message Version: \r<br/>    83040\r<br/>Message:\r<br/>    Error Message:\r\r<br/>    Assert.IsTrue failed. Case: [FAILED]\r\r<br/>    PCRPackunPack_DebugTest\r\r<br/>     Rounds 0\r\r<br/>     Tested Files 1\r\r<br/>     Result: &lt;Pass 0, Fail 1&gt;\r\r<br/>     Picked Files: 1/1\r\r<br/>      1st Priority 1 &lt;Unstable 0, Specified 1, RandomAtLeast 0&gt;\r\r<br/>      2nd Priority 0 &lt;NeverRun 0, RandomMore 0, Stable 0&gt;\r\r<br/>     Time: 0:29 &lt;Each 29.45&gt;\r\r<br/>     Pure: 0:29 &lt;Each 29.12 Compare 1.0&gt;\r\r<br/>     Threads 10.0 &lt;10&gt;\r\r<br/>    Log Folder: \\\\nebula-01\\TestLog\\C83040_.1\\BLL_From_VM_W7_64_0307\\MyTestResults\\BllLogs\r\r<br/>    Default_NA_R140104_T3000A_UHFB2.log\r\r<br/>    \r\r<br/>    StackTrace:\r\r<br/>       at BL.Operation.PostCheckInTest.PCRCompileTest.PCRPackunPack_DebugTest()\r<br/>           in \r<br/>           d:\\CI_1\\Sources\\Common_CPS_Platfrm\\Implementation\\RM2.0\\BusinessLogic\\Code\\Tools\\Test\\BL.Operation.PostCheckInTest\\PCRConfiguratio\r<br/>           nTest\\PCRCompileTest.cs:line 84\r\r<br/>    \r\r<br/>    \r<br/>"
        },
        {
            "Version": 83020,
            "Passed": false,
            "TestRun": "6336b2b7-eaa8-4e87-aa52-3f623ae9ee34",
            "RunType": "PostCheckin",
            "Message": "Full Name: \r<br/>    BLLTest_PCT:BL.Operation.PostCheckInTest.PCRCompileTest.PCRPackunPack_DebugTest\r<br/>Message Version: \r<br/>    83020\r<br/>Message:\r<br/>    Error Message:\r\r<br/>    Assert.IsTrue failed. Case: [FAILED]\r\r<br/>    PCRPackunPack_DebugTest\r\r<br/>     Rounds 0\r\r<br/>     Tested Files 1\r\r<br/>     Result: &lt;Pass 0, Fail 1&gt;\r\r<br/>     Picked Files: 1/1\r\r<br/>      1st Priority 1 &lt;Unstable 0, Specified 1, RandomAtLeast 0&gt;\r\r<br/>      2nd Priority 0 &lt;NeverRun 0, RandomMore 0, Stable 0&gt;\r\r<br/>     Time: 0:21 &lt;Each 21.27&gt;\r\r<br/>     Pure: 0:21 &lt;Each 21.20 Compare 1.0&gt;\r\r<br/>     Threads 10.0 &lt;10&gt;\r\r<br/>    Log Folder: \\\\nebula-01\\TestLog\\C83020_.1\\BLL_From_VM_W7_64_0406\\MyTestResults\\BllLogs\r\r<br/>    Default_NA_R140104_T3000A_UHFB2.log\r\r<br/>    PCRPackunPack_DebugTest.log\r\r<br/>    Compile_NA_R140104_T3000A_UHFB2\r\r<br/>    \r\r<br/>    -----\r\r<br/>    SPELLCHECK_FAILED_IN_COMPILE\r\r<br/>       at BL.Operations.Operations.Compile(IBLDocument doc)\r<br/>           in \r<br/>           d:\\CI_1\\Sources\\Common_CPS_Platfrm\\Implementation\\RM2.0\\BusinessLogic\\Code\\Platform\\Features\\BL.Operations\\CompileOperations.cs:li\r<br/>           ne 78\r\r<br/>       at BL.Operations.Test.Utility.PCRCompilePbaCompare.Test(String pbaFile, Boolean isPureDefaultCodeplug, ICompileTestCoverage \r<br/>    compileTestCoverage)\r<br/>           in \r<br/>           d:\\CI_1\\Sources\\Common_CPS_Platfrm\\Implementation\\RM2.0\\BusinessLogic\\Code\\Tools\\Test\\BL.Operations.GatedCheckInTest\\Utility\\PCRCo\r<br/>           mpilePbaCompare.cs:line 61\r\r<br/>       at BL.Operations.Test.Utility.PCRCompilePbaCompare.CompareCompileCodeplug(String pbaFile, String logFileName)\r<br/>           in \r<br/>           d:\\CI_1\\Sources\\Common_CPS_Platfrm\\Implementation\\RM2.0\\BusinessLogic\\Code\\Tools\\Test\\BL.Operations.GatedCheckInTest\\Utility\\PCRCo\r<br/>           mpilePbaCompare.cs:line 147\r\r<br/>       at BL.Operations.Test.Utility.Queue.QueueTestDataFiles.RunTestOnSingleFile(List`1 methods, DataFileKey key)\r<br/>           in \r<br/>           d:\\CI_1\\Sources\\Common_CPS_Platfrm\\Implementation\\RM2.0\\BusinessLogic\\Code\\Tools\\Test\\BL.Operations.GatedCheckInTest\\Utility\\Queue\r<br/>           TestDataFiles.cs:line 947\r\r<br/>    -----\r\r<br/>    \r\r<br/>    \r\r<br/>    \r\r<br/>    StackTrace:\r\r<br/>       at BL.Operation.PostCheckInTest.PCRCompileTest.PCRPackunPack_DebugTest()\r<br/>           in \r<br/>           d:\\CI_1\\Sources\\Common_CPS_Platfrm\\Implementation\\RM2.0\\BusinessLogic\\Code\\Tools\\Test\\BL.Operation.PostCheckInTest\\PCRConfiguratio\r<br/>           nTest\\PCRCompileTest.cs:line 84\r\r<br/>    \r\r<br/>    \r<br/>"
        },
        {
            "Version": 83006,
            "Passed": false,
            "TestRun": "1b1c6450-7c00-43bd-ad6f-d468b655edeb",
            "RunType": "PostCheckin",
            "Message": "Full Name: \r<br/>    BLLTest_PCT:BL.Operation.PostCheckInTest.PCRCompileTest.PCRPackunPack_DebugTest\r<br/>Message Version: \r<br/>    83006\r<br/>Message:\r<br/>    Error Message:\r\r<br/>    Assert.IsTrue failed. Case: [FAILED]\r\r<br/>    PCRPackunPack_DebugTest\r\r<br/>     Rounds 0\r\r<br/>     Tested Files 1\r\r<br/>     Result: &lt;Pass 0, Fail 1&gt;\r\r<br/>     Picked Files: 1/1\r\r<br/>      1st Priority 1 &lt;Unstable 0, Specified 1, RandomAtLeast 0&gt;\r\r<br/>      2nd Priority 0 &lt;NeverRun 0, RandomMore 0, Stable 0&gt;\r\r<br/>     Time: 0:23 &lt;Each 23.52&gt;\r\r<br/>     Pure: 0:23 &lt;Each 23.37 Compare 1.0&gt;\r\r<br/>     Threads 10.0 &lt;10&gt;\r\r<br/>    Log Folder: \\\\nebula-01\\TestLog\\C83006_.1\\BLL_From_VM_W7_64_0412\\MyTestResults\\BllLogs\r\r<br/>    Default_NA_R140104_T3000A_UHFB2.log\r\r<br/>    PCRPackunPack_DebugTest.log\r\r<br/>    Compile_NA_R140104_T3000A_UHFB2\r\r<br/>    \r\r<br/>    -----\r\r<br/>    SPELLCHECK_FAILED_IN_COMPILE\r\r<br/>       at BL.Operations.Operations.Compile(IBLDocument doc)\r<br/>           in \r<br/>           d:\\CI_1\\Sources\\Common_CPS_Platfrm\\Implementation\\RM2.0\\BusinessLogic\\Code\\Platform\\Features\\BL.Operations\\CompileOperations.cs:li\r<br/>           ne 78\r\r<br/>       at BL.Operations.Test.Utility.PCRCompilePbaCompare.Test(String pbaFile, Boolean isPureDefaultCodeplug, ICompileTestCoverage \r<br/>    compileTestCoverage)\r<br/>           in \r<br/>           d:\\CI_1\\Sources\\Common_CPS_Platfrm\\Implementation\\RM2.0\\BusinessLogic\\Code\\Tools\\Test\\BL.Operations.GatedCheckInTest\\Utility\\PCRCo\r<br/>           mpilePbaCompare.cs:line 61\r\r<br/>       at BL.Operations.Test.Utility.PCRCompilePbaCompare.CompareCompileCodeplug(String pbaFile, String logFileName)\r<br/>           in \r<br/>           d:\\CI_1\\Sources\\Common_CPS_Platfrm\\Implementation\\RM2.0\\BusinessLogic\\Code\\Tools\\Test\\BL.Operations.GatedCheckInTest\\Utility\\PCRCo\r<br/>           mpilePbaCompare.cs:line 147\r\r<br/>       at BL.Operations.Test.Utility.Queue.QueueTestDataFiles.RunTestOnSingleFile(List`1 methods, DataFileKey key)\r<br/>           in \r<br/>           d:\\CI_1\\Sources\\Common_CPS_Platfrm\\Implementation\\RM2.0\\BusinessLogic\\Code\\Tools\\Test\\BL.Operations.GatedCheckInTest\\Utility\\Queue\r<br/>           TestDataFiles.cs:line 947\r\r<br/>    -----\r\r<br/>    \r\r<br/>    \r\r<br/>    \r\r<br/>    StackTrace:\r\r<br/>       at BL.Operation.PostCheckInTest.PCRCompileTest.PCRPackunPack_DebugTest()\r<br/>           in \r<br/>           d:\\CI_1\\Sources\\Common_CPS_Platfrm\\Implementation\\RM2.0\\BusinessLogic\\Code\\Tools\\Test\\BL.Operation.PostCheckInTest\\PCRConfiguratio\r<br/>           nTest\\PCRCompileTest.cs:line 84\r\r<br/>    \r\r<br/>    \r<br/>"
        },
        {
            "Version": 83004,
            "Passed": false,
            "TestRun": "080fe0d1-5cc7-4e4b-a372-d040db6622b8",
            "RunType": "PostCheckin",
            "Message": "Full Name: \r<br/>    BLLTest_PCT:BL.Operation.PostCheckInTest.PCRCompileTest.PCRPackunPack_DebugTest\r<br/>Message Version: \r<br/>    83004\r<br/>Message:\r<br/>    Error Message:\r\r<br/>    Assert.IsTrue failed. Case: [FAILED]\r\r<br/>    PCRPackunPack_DebugTest\r\r<br/>     Rounds 0\r\r<br/>     Tested Files 1\r\r<br/>     Result: &lt;Pass 0, Fail 1&gt;\r\r<br/>     Picked Files: 1/1\r\r<br/>      1st Priority 1 &lt;Unstable 0, Specified 1, RandomAtLeast 0&gt;\r\r<br/>      2nd Priority 0 &lt;NeverRun 0, RandomMore 0, Stable 0&gt;\r\r<br/>     Time: 0:16 &lt;Each 16.11&gt;\r\r<br/>     Pure: 0:15 &lt;Each 15.84 Compare 1.0&gt;\r\r<br/>     Threads 10.0 &lt;10&gt;\r\r<br/>    Log Folder: \\\\nebula-01\\TestLog\\C83004_.1\\BLL_From_VM_W7_64_1201\\MyTestResults\\BllLogs\r\r<br/>    Default_NA_R140104_T3000A_UHFB2.log\r\r<br/>    PCRPackunPack_DebugTest.log\r\r<br/>    Compile_NA_R140104_T3000A_UHFB2\r\r<br/>    \r\r<br/>    -----\r\r<br/>    SPELLCHECK_FAILED_IN_COMPILE\r\r<br/>       at BL.Operations.Operations.Compile(IBLDocument doc)\r<br/>           in \r<br/>           d:\\CI_1\\Sources\\Common_CPS_Platfrm\\Implementation\\RM2.0\\BusinessLogic\\Code\\Platform\\Features\\BL.Operations\\CompileOperations.cs:li\r<br/>           ne 78\r\r<br/>       at BL.Operations.Test.Utility.PCRCompilePbaCompare.Test(String pbaFile, Boolean isPureDefaultCodeplug, ICompileTestCoverage \r<br/>    compileTestCoverage)\r<br/>           in \r<br/>           d:\\CI_1\\Sources\\Common_CPS_Platfrm\\Implementation\\RM2.0\\BusinessLogic\\Code\\Tools\\Test\\BL.Operations.GatedCheckInTest\\Utility\\PCRCo\r<br/>           mpilePbaCompare.cs:line 61\r\r<br/>       at BL.Operations.Test.Utility.PCRCompilePbaCompare.CompareCompileCodeplug(String pbaFile, String logFileName)\r<br/>           in \r<br/>           d:\\CI_1\\Sources\\Common_CPS_Platfrm\\Implementation\\RM2.0\\BusinessLogic\\Code\\Tools\\Test\\BL.Operations.GatedCheckInTest\\Utility\\PCRCo\r<br/>           mpilePbaCompare.cs:line 147\r\r<br/>       at BL.Operations.Test.Utility.Queue.QueueTestDataFiles.RunTestOnSingleFile(List`1 methods, DataFileKey key)\r<br/>           in \r<br/>           d:\\CI_1\\Sources\\Common_CPS_Platfrm\\Implementation\\RM2.0\\BusinessLogic\\Code\\Tools\\Test\\BL.Operations.GatedCheckInTest\\Utility\\Queue\r<br/>           TestDataFiles.cs:line 947\r\r<br/>    -----\r\r<br/>    \r\r<br/>    \r\r<br/>    \r\r<br/>    StackTrace:\r\r<br/>       at BL.Operation.PostCheckInTest.PCRCompileTest.PCRPackunPack_DebugTest()\r<br/>           in \r<br/>           d:\\CI_1\\Sources\\Common_CPS_Platfrm\\Implementation\\RM2.0\\BusinessLogic\\Code\\Tools\\Test\\BL.Operation.PostCheckInTest\\PCRConfiguratio\r<br/>           nTest\\PCRCompileTest.cs:line 84\r\r<br/>    \r\r<br/>    \r<br/>"
        },
        {
            "Version": 82998,
            "Passed": false,
            "TestRun": "a36ebe88-a0f5-4103-866b-6445faa90e31",
            "RunType": "PostCheckin",
            "Message": "Full Name: \r<br/>    BLLTest_PCT:BL.Operation.PostCheckInTest.PCRCompileTest.PCRPackunPack_DebugTest\r<br/>Message Version: \r<br/>    82998\r<br/>Message:\r<br/>    Error Message:\r\r<br/>    Assert.IsTrue failed. Case: [FAILED]\r\r<br/>    PCRPackunPack_DebugTest\r\r<br/>     Rounds 0\r\r<br/>     Tested Files 1\r\r<br/>     Result: &lt;Pass 0, Fail 1&gt;\r\r<br/>     Picked Files: 1/1\r\r<br/>      1st Priority 1 &lt;Unstable 0, Specified 1, RandomAtLeast 0&gt;\r\r<br/>      2nd Priority 0 &lt;NeverRun 0, RandomMore 0, Stable 0&gt;\r\r<br/>     Time: 0:21 &lt;Each 21.23&gt;\r\r<br/>     Pure: 0:20 &lt;Each 20.87 Compare 1.0&gt;\r\r<br/>     Threads 10.0 &lt;10&gt;\r\r<br/>    Log Folder: \\\\nebula-01\\TestLog\\C82998_.1\\BLL_From_VM_W7_64_1811\\MyTestResults\\BllLogs\r\r<br/>    Default_NA_R140104_T3000A_UHFB2.log\r\r<br/>    PCRPackunPack_DebugTest.log\r\r<br/>    Compile_NA_R140104_T3000A_UHFB2\r\r<br/>    \r\r<br/>    -----\r\r<br/>    SPELLCHECK_FAILED_IN_COMPILE\r\r<br/>       at BL.Operations.Operations.Compile(IBLDocument doc)\r<br/>           in \r<br/>           d:\\CI_1\\Sources\\Common_CPS_Platfrm\\Implementation\\RM2.0\\BusinessLogic\\Code\\Platform\\Features\\BL.Operations\\CompileOperations.cs:li\r<br/>           ne 78\r\r<br/>       at BL.Operations.Test.Utility.PCRCompilePbaCompare.Test(String pbaFile, Boolean isPureDefaultCodeplug, ICompileTestCoverage \r<br/>    compileTestCoverage)\r<br/>           in \r<br/>           d:\\CI_1\\Sources\\Common_CPS_Platfrm\\Implementation\\RM2.0\\BusinessLogic\\Code\\Tools\\Test\\BL.Operations.GatedCheckInTest\\Utility\\PCRCo\r<br/>           mpilePbaCompare.cs:line 61\r\r<br/>       at BL.Operations.Test.Utility.PCRCompilePbaCompare.CompareCompileCodeplug(String pbaFile, String logFileName)\r<br/>           in \r<br/>           d:\\CI_1\\Sources\\Common_CPS_Platfrm\\Implementation\\RM2.0\\BusinessLogic\\Code\\Tools\\Test\\BL.Operations.GatedCheckInTest\\Utility\\PCRCo\r<br/>           mpilePbaCompare.cs:line 147\r\r<br/>       at BL.Operations.Test.Utility.Queue.QueueTestDataFiles.RunTestOnSingleFile(List`1 methods, DataFileKey key)\r<br/>           in \r<br/>           d:\\CI_1\\Sources\\Common_CPS_Platfrm\\Implementation\\RM2.0\\BusinessLogic\\Code\\Tools\\Test\\BL.Operations.GatedCheckInTest\\Utility\\Queue\r<br/>           TestDataFiles.cs:line 947\r\r<br/>    -----\r\r<br/>    \r\r<br/>    \r\r<br/>    \r\r<br/>    StackTrace:\r\r<br/>       at BL.Operation.PostCheckInTest.PCRCompileTest.PCRPackunPack_DebugTest()\r<br/>           in \r<br/>           d:\\CI_1\\Sources\\Common_CPS_Platfrm\\Implementation\\RM2.0\\BusinessLogic\\Code\\Tools\\Test\\BL.Operation.PostCheckInTest\\PCRConfiguratio\r<br/>           nTest\\PCRCompileTest.cs:line 84\r\r<br/>    \r\r<br/>    \r<br/>"
        },
        {
            "Version": 82996,
            "Passed": false,
            "TestRun": "1fcd3c9b-b748-4aea-9478-e19ba19b6fb5",
            "RunType": "PostCheckin",
            "Message": "Full Name: \r<br/>    BLLTest_PCT:BL.Operation.PostCheckInTest.PCRCompileTest.PCRPackunPack_DebugTest\r<br/>Message Version: \r<br/>    82996\r<br/>Message:\r<br/>    Error Message:\r\r<br/>    Assert.IsTrue failed. Case: [FAILED]\r\r<br/>    PCRPackunPack_DebugTest\r\r<br/>     Rounds 0\r\r<br/>     Tested Files 1\r\r<br/>     Result: &lt;Pass 0, Fail 1&gt;\r\r<br/>     Picked Files: 1/1\r\r<br/>      1st Priority 1 &lt;Unstable 0, Specified 1, RandomAtLeast 0&gt;\r\r<br/>      2nd Priority 0 &lt;NeverRun 0, RandomMore 0, Stable 0&gt;\r\r<br/>     Time: 0:14 &lt;Each 14.61&gt;\r\r<br/>     Pure: 0:14 &lt;Each 14.40 Compare 1.0&gt;\r\r<br/>     Threads 10.0 &lt;10&gt;\r\r<br/>    Log Folder: \\\\nebula-01\\TestLog\\C82996_.1\\BLL_From_VM_W7_64_1810\\MyTestResults\\BllLogs\r\r<br/>    Default_NA_R140104_T3000A_UHFB2.log\r\r<br/>    PCRPackunPack_DebugTest.log\r\r<br/>    Compile_NA_R140104_T3000A_UHFB2\r\r<br/>    \r\r<br/>    -----\r\r<br/>    SPELLCHECK_FAILED_IN_COMPILE\r\r<br/>       at BL.Operations.Operations.Compile(IBLDocument doc)\r<br/>           in \r<br/>           d:\\CI_1\\Sources\\Common_CPS_Platfrm\\Implementation\\RM2.0\\BusinessLogic\\Code\\Platform\\Features\\BL.Operations\\CompileOperations.cs:li\r<br/>           ne 78\r\r<br/>       at BL.Operations.Test.Utility.PCRCompilePbaCompare.Test(String pbaFile, Boolean isPureDefaultCodeplug, ICompileTestCoverage \r<br/>    compileTestCoverage)\r<br/>           in \r<br/>           d:\\CI_1\\Sources\\Common_CPS_Platfrm\\Implementation\\RM2.0\\BusinessLogic\\Code\\Tools\\Test\\BL.Operations.GatedCheckInTest\\Utility\\PCRCo\r<br/>           mpilePbaCompare.cs:line 61\r\r<br/>       at BL.Operations.Test.Utility.PCRCompilePbaCompare.CompareCompileCodeplug(String pbaFile, String logFileName)\r<br/>           in \r<br/>           d:\\CI_1\\Sources\\Common_CPS_Platfrm\\Implementation\\RM2.0\\BusinessLogic\\Code\\Tools\\Test\\BL.Operations.GatedCheckInTest\\Utility\\PCRCo\r<br/>           mpilePbaCompare.cs:line 147\r\r<br/>       at BL.Operations.Test.Utility.Queue.QueueTestDataFiles.RunTestOnSingleFile(List`1 methods, DataFileKey key)\r<br/>           in \r<br/>           d:\\CI_1\\Sources\\Common_CPS_Platfrm\\Implementation\\RM2.0\\BusinessLogic\\Code\\Tools\\Test\\BL.Operations.GatedCheckInTest\\Utility\\Queue\r<br/>           TestDataFiles.cs:line 947\r\r<br/>    -----\r\r<br/>    \r\r<br/>    \r\r<br/>    \r\r<br/>    StackTrace:\r\r<br/>       at BL.Operation.PostCheckInTest.PCRCompileTest.PCRPackunPack_DebugTest()\r<br/>           in \r<br/>           d:\\CI_1\\Sources\\Common_CPS_Platfrm\\Implementation\\RM2.0\\BusinessLogic\\Code\\Tools\\Test\\BL.Operation.PostCheckInTest\\PCRConfiguratio\r<br/>           nTest\\PCRCompileTest.cs:line 84\r\r<br/>    \r\r<br/>    \r<br/>"
        },
        {
            "Version": 82984,
            "Passed": false,
            "TestRun": "e4e74463-b326-4f08-86ae-9655e474ed24",
            "RunType": "PostCheckin",
            "Message": "Full Name: \r<br/>    BLLTest_PCT:BL.Operation.PostCheckInTest.PCRCompileTest.PCRPackunPack_DebugTest\r<br/>Message Version: \r<br/>    82984\r<br/>Message:\r<br/>    Error Message:\r\r<br/>    Assert.IsTrue failed. Case: [FAILED]\r\r<br/>    PCRPackunPack_DebugTest\r\r<br/>     Rounds 0\r\r<br/>     Tested Files 1\r\r<br/>     Result: &lt;Pass 0, Fail 1&gt;\r\r<br/>     Picked Files: 1/1\r\r<br/>      1st Priority 1 &lt;Unstable 0, Specified 1, RandomAtLeast 0&gt;\r\r<br/>      2nd Priority 0 &lt;NeverRun 0, RandomMore 0, Stable 0&gt;\r\r<br/>     Time: 0:16 &lt;Each 16.34&gt;\r\r<br/>     Pure: 0:16 &lt;Each 16.15 Compare 1.0&gt;\r\r<br/>     Threads 10.0 &lt;10&gt;\r\r<br/>    Log Folder: \\\\nebula-01\\TestLog\\C82984_.1\\BLL_From_VM_W7_64_2203\\MyTestResults\\BllLogs\r\r<br/>    Default_NA_R140104_T3000A_UHFB2.log\r\r<br/>    PCRPackunPack_DebugTest.log\r\r<br/>    Compile_NA_R140104_T3000A_UHFB2\r\r<br/>    \r\r<br/>    -----\r\r<br/>    SPELLCHECK_FAILED_IN_COMPILE\r\r<br/>       at BL.Operations.Operations.Compile(IBLDocument doc)\r<br/>           in \r<br/>           d:\\CI_1\\Sources\\Common_CPS_Platfrm\\Implementation\\RM2.0\\BusinessLogic\\Code\\Platform\\Features\\BL.Operations\\CompileOperations.cs:li\r<br/>           ne 78\r\r<br/>       at BL.Operations.Test.Utility.PCRCompilePbaCompare.Test(String pbaFile, Boolean isPureDefaultCodeplug, ICompileTestCoverage \r<br/>    compileTestCoverage)\r<br/>           in \r<br/>           d:\\CI_1\\Sources\\Common_CPS_Platfrm\\Implementation\\RM2.0\\BusinessLogic\\Code\\Tools\\Test\\BL.Operations.GatedCheckInTest\\Utility\\PCRCo\r<br/>           mpilePbaCompare.cs:line 61\r\r<br/>       at BL.Operations.Test.Utility.PCRCompilePbaCompare.CompareCompileCodeplug(String pbaFile, String logFileName)\r<br/>           in \r<br/>           d:\\CI_1\\Sources\\Common_CPS_Platfrm\\Implementation\\RM2.0\\BusinessLogic\\Code\\Tools\\Test\\BL.Operations.GatedCheckInTest\\Utility\\PCRCo\r<br/>           mpilePbaCompare.cs:line 147\r\r<br/>       at BL.Operations.Test.Utility.Queue.QueueTestDataFiles.RunTestOnSingleFile(List`1 methods, DataFileKey key)\r<br/>           in \r<br/>           d:\\CI_1\\Sources\\Common_CPS_Platfrm\\Implementation\\RM2.0\\BusinessLogic\\Code\\Tools\\Test\\BL.Operations.GatedCheckInTest\\Utility\\Queue\r<br/>           TestDataFiles.cs:line 944\r\r<br/>    -----\r\r<br/>    \r\r<br/>    \r\r<br/>    \r\r<br/>    StackTrace:\r\r<br/>       at BL.Operation.PostCheckInTest.PCRCompileTest.PCRPackunPack_DebugTest()\r<br/>           in \r<br/>           d:\\CI_1\\Sources\\Common_CPS_Platfrm\\Implementation\\RM2.0\\BusinessLogic\\Code\\Tools\\Test\\BL.Operation.PostCheckInTest\\PCRConfiguratio\r<br/>           nTest\\PCRCompileTest.cs:line 84\r\r<br/>    \r\r<br/>    \r<br/>"
        },
        {
            "Version": 82972,
            "Passed": false,
            "TestRun": "ae33b771-704a-446a-a348-ca823dba0043",
            "RunType": "PostCheckin",
            "Message": "Full Name: \r<br/>    BLLTest_PCT:BL.Operation.PostCheckInTest.PCRCompileTest.PCRPackunPack_DebugTest\r<br/>Message Version: \r<br/>    82972\r<br/>Message:\r<br/>    Error Message:\r\r<br/>    Assert.IsTrue failed. Case: [FAILED]\r\r<br/>    PCRPackunPack_DebugTest\r\r<br/>     Rounds 0\r\r<br/>     Tested Files 1\r\r<br/>     Result: &lt;Pass 0, Fail 1&gt;\r\r<br/>     Picked Files: 1/1\r\r<br/>      1st Priority 1 &lt;Unstable 0, Specified 1, RandomAtLeast 0&gt;\r\r<br/>      2nd Priority 0 &lt;NeverRun 0, RandomMore 0, Stable 0&gt;\r\r<br/>     Time: 0:35 &lt;Each 35.28&gt;\r\r<br/>     Pure: 0:35 &lt;Each 35.12 Compare 1.0&gt;\r\r<br/>     Threads 10.0 &lt;10&gt;\r\r<br/>    Log Folder: \\\\nebula-01\\TestLog\\C82972_.1\\BLL_From_VM_W7_64_2714\\MyTestResults\\BllLogs\r\r<br/>    Default_NA_R140104_T3000A_UHFB2.log\r\r<br/>    PCRPackunPack_DebugTest.log\r\r<br/>    Compile_NA_R140104_T3000A_UHFB2\r\r<br/>    \r\r<br/>    -----\r\r<br/>    SPELLCHECK_FAILED_IN_COMPILE\r\r<br/>       at BL.Operations.Operations.Compile(IBLDocument doc)\r<br/>           in \r<br/>           d:\\CI_1\\Sources\\Common_CPS_Platfrm\\Implementation\\RM2.0\\BusinessLogic\\Code\\Platform\\Features\\BL.Operations\\CompileOperations.cs:li\r<br/>           ne 78\r\r<br/>       at BL.Operations.Test.Utility.PCRCompilePbaCompare.Test(String pbaFile, Boolean isPureDefaultCodeplug, ICompileTestCoverage \r<br/>    compileTestCoverage)\r<br/>           in \r<br/>           d:\\CI_1\\Sources\\Common_CPS_Platfrm\\Implementation\\RM2.0\\BusinessLogic\\Code\\Tools\\Test\\BL.Operations.GatedCheckInTest\\Utility\\PCRCo\r<br/>           mpilePbaCompare.cs:line 61\r\r<br/>       at BL.Operations.Test.Utility.PCRCompilePbaCompare.CompareCompileCodeplug(String pbaFile, String logFileName)\r<br/>           in \r<br/>           d:\\CI_1\\Sources\\Common_CPS_Platfrm\\Implementation\\RM2.0\\BusinessLogic\\Code\\Tools\\Test\\BL.Operations.GatedCheckInTest\\Utility\\PCRCo\r<br/>           mpilePbaCompare.cs:line 147\r\r<br/>       at BL.Operations.Test.Utility.Queue.QueueTestDataFiles.RunTestOnSingleFile(List`1 methods, DataFileKey key)\r<br/>           in \r<br/>           d:\\CI_1\\Sources\\Common_CPS_Platfrm\\Implementation\\RM2.0\\BusinessLogic\\Code\\Tools\\Test\\BL.Operations.GatedCheckInTest\\Utility\\Queue\r<br/>           TestDataFiles.cs:line 944\r\r<br/>    -----\r\r<br/>    \r\r<br/>    \r\r<br/>    \r\r<br/>    StackTrace:\r\r<br/>       at BL.Operation.PostCheckInTest.PCRCompileTest.PCRPackunPack_DebugTest()\r<br/>           in \r<br/>           d:\\CI_1\\Sources\\Common_CPS_Platfrm\\Implementation\\RM2.0\\BusinessLogic\\Code\\Tools\\Test\\BL.Operation.PostCheckInTest\\PCRConfiguratio\r<br/>           nTest\\PCRCompileTest.cs:line 84\r\r<br/>    \r\r<br/>    \r<br/>"
        },
        {
            "Version": 82957,
            "Passed": false,
            "TestRun": "7996a26a-6290-46a3-a533-6f04d6e3b480",
            "RunType": "PostCheckin",
            "Message": "Full Name: \r<br/>    BLLTest_PCT:BL.Operation.PostCheckInTest.PCRCompileTest.PCRPackunPack_DebugTest\r<br/>Message Version: \r<br/>    82957\r<br/>Message:\r<br/>    Error Message:\r\r<br/>    Assert.IsTrue failed. Case: [FAILED]\r\r<br/>    PCRPackunPack_DebugTest\r\r<br/>     Rounds 0\r\r<br/>     Tested Files 1\r\r<br/>     Result: &lt;Pass 0, Fail 1&gt;\r\r<br/>     Picked Files: 1/1\r\r<br/>      1st Priority 1 &lt;Unstable 0, Specified 1, RandomAtLeast 0&gt;\r\r<br/>      2nd Priority 0 &lt;NeverRun 0, RandomMore 0, Stable 0&gt;\r\r<br/>     Time: 0:33 &lt;Each 33.08&gt;\r\r<br/>     Pure: 0:32 &lt;Each 32.35 Compare 1.0&gt;\r\r<br/>     Threads 10.0 &lt;10&gt;\r\r<br/>    Log Folder: \\\\nebula-01\\TestLog\\C82957_.1\\BLL_From_VM_W7_64_0310\\MyTestResults\\BllLogs\r\r<br/>    Default_NA_R140104_T3000A_UHFB2.log\r\r<br/>    PCRPackunPack_DebugTest.log\r\r<br/>    Compile_NA_R140104_T3000A_UHFB2\r\r<br/>    \r\r<br/>    -----\r\r<br/>    SPELLCHECK_FAILED_IN_COMPILE\r\r<br/>       at BL.Operations.Operations.Compile(IBLDocument doc)\r<br/>           in \r<br/>           d:\\CI_1\\Sources\\Common_CPS_Platfrm\\Implementation\\RM2.0\\BusinessLogic\\Code\\Platform\\Features\\BL.Operations\\CompileOperations.cs:li\r<br/>           ne 78\r\r<br/>       at BL.Operations.Test.Utility.PCRCompilePbaCompare.Test(String pbaFile, Boolean isPureDefaultCodeplug, ICompileTestCoverage \r<br/>    compileTestCoverage)\r<br/>           in \r<br/>           d:\\CI_1\\Sources\\Common_CPS_Platfrm\\Implementation\\RM2.0\\BusinessLogic\\Code\\Tools\\Test\\BL.Operations.GatedCheckInTest\\Utility\\PCRCo\r<br/>           mpilePbaCompare.cs:line 61\r\r<br/>       at BL.Operations.Test.Utility.PCRCompilePbaCompare.CompareCompileCodeplug(String pbaFile, String logFileName)\r<br/>           in \r<br/>           d:\\CI_1\\Sources\\Common_CPS_Platfrm\\Implementation\\RM2.0\\BusinessLogic\\Code\\Tools\\Test\\BL.Operations.GatedCheckInTest\\Utility\\PCRCo\r<br/>           mpilePbaCompare.cs:line 147\r\r<br/>       at BL.Operations.Test.Utility.Queue.QueueTestDataFiles.RunTestOnSingleFile(List`1 methods, DataFileKey key)\r<br/>           in \r<br/>           d:\\CI_1\\Sources\\Common_CPS_Platfrm\\Implementation\\RM2.0\\BusinessLogic\\Code\\Tools\\Test\\BL.Operations.GatedCheckInTest\\Utility\\Queue\r<br/>           TestDataFiles.cs:line 944\r\r<br/>    -----\r\r<br/>    \r\r<br/>    \r\r<br/>    \r\r<br/>    StackTrace:\r\r<br/>       at BL.Operation.PostCheckInTest.PCRCompileTest.PCRPackunPack_DebugTest()\r<br/>           in \r<br/>           d:\\CI_1\\Sources\\Common_CPS_Platfrm\\Implementation\\RM2.0\\BusinessLogic\\Code\\Tools\\Test\\BL.Operation.PostCheckInTest\\PCRConfiguratio\r<br/>           nTest\\PCRCompileTest.cs:line 84\r\r<br/>    \r\r<br/>    \r<br/>"
        },
        {
            "Version": 82950,
            "Passed": false,
            "TestRun": "eca25290-5f85-4d0a-a218-b8ae23ca3701",
            "RunType": "PostCheckin",
            "Message": "Full Name: \r<br/>    BLLTest_PCT:BL.Operation.PostCheckInTest.PCRCompileTest.PCRPackunPack_DebugTest\r<br/>Message Version: \r<br/>    82950\r<br/>Message:\r<br/>    Error Message:\r\r<br/>    Assert.IsTrue failed. Case: [FAILED]\r\r<br/>    PCRPackunPack_DebugTest\r\r<br/>     Rounds 0\r\r<br/>     Tested Files 1\r\r<br/>     Result: &lt;Pass 0, Fail 1&gt;\r\r<br/>     Picked Files: 1/1\r\r<br/>      1st Priority 1 &lt;Unstable 0, Specified 1, RandomAtLeast 0&gt;\r\r<br/>      2nd Priority 0 &lt;NeverRun 0, RandomMore 0, Stable 0&gt;\r\r<br/>     Time: 0:26 &lt;Each 26.22&gt;\r\r<br/>     Pure: 0:25 &lt;Each 25.89 Compare 1.0&gt;\r\r<br/>     Threads 10.0 &lt;10&gt;\r\r<br/>    Log Folder: \\\\nebula-01\\TestLog\\C82950_.1\\BLL_From_VM_W7_64_0402\\MyTestResults\\BllLogs\r\r<br/>    Default_NA_R140104_T3000A_UHFB2.log\r\r<br/>    PCRPackunPack_DebugTest.log\r\r<br/>    Compile_NA_R140104_T3000A_UHFB2\r\r<br/>    \r\r<br/>    -----\r\r<br/>    SPELLCHECK_FAILED_IN_COMPILE\r\r<br/>       at BL.Operations.Operations.Compile(IBLDocument doc)\r<br/>           in \r<br/>           d:\\CI_1\\Sources\\Common_CPS_Platfrm\\Implementation\\RM2.0\\BusinessLogic\\Code\\Platform\\Features\\BL.Operations\\CompileOperations.cs:li\r<br/>           ne 78\r\r<br/>       at BL.Operations.Test.Utility.PCRCompilePbaCompare.Test(String pbaFile, Boolean isPureDefaultCodeplug, ICompileTestCoverage \r<br/>    compileTestCoverage)\r<br/>           in \r<br/>           d:\\CI_1\\Sources\\Common_CPS_Platfrm\\Implementation\\RM2.0\\BusinessLogic\\Code\\Tools\\Test\\BL.Operations.GatedCheckInTest\\Utility\\PCRCo\r<br/>           mpilePbaCompare.cs:line 61\r\r<br/>       at BL.Operations.Test.Utility.PCRCompilePbaCompare.CompareCompileCodeplug(String pbaFile, String logFileName)\r<br/>           in \r<br/>           d:\\CI_1\\Sources\\Common_CPS_Platfrm\\Implementation\\RM2.0\\BusinessLogic\\Code\\Tools\\Test\\BL.Operations.GatedCheckInTest\\Utility\\PCRCo\r<br/>           mpilePbaCompare.cs:line 147\r\r<br/>       at BL.Operations.Test.Utility.Queue.QueueTestDataFiles.RunTestOnSingleFile(List`1 methods, DataFileKey key)\r<br/>           in \r<br/>           d:\\CI_1\\Sources\\Common_CPS_Platfrm\\Implementation\\RM2.0\\BusinessLogic\\Code\\Tools\\Test\\BL.Operations.GatedCheckInTest\\Utility\\Queue\r<br/>           TestDataFiles.cs:line 944\r\r<br/>    -----\r\r<br/>    \r\r<br/>    \r\r<br/>    \r\r<br/>    StackTrace:\r\r<br/>       at BL.Operation.PostCheckInTest.PCRCompileTest.PCRPackunPack_DebugTest()\r<br/>           in \r<br/>           d:\\CI_1\\Sources\\Common_CPS_Platfrm\\Implementation\\RM2.0\\BusinessLogic\\Code\\Tools\\Test\\BL.Operation.PostCheckInTest\\PCRConfiguratio\r<br/>           nTest\\PCRCompileTest.cs:line 84\r\r<br/>    \r\r<br/>    \r<br/>"
        },
        {
            "Version": 82933,
            "Passed": false,
            "TestRun": "7cfcbb63-0370-4675-a898-bf88046f2881",
            "RunType": "PostCheckin",
            "Message": "Full Name: \r<br/>    BLLTest_PCT:BL.Operation.PostCheckInTest.PCRCompileTest.PCRPackunPack_DebugTest\r<br/>Message Version: \r<br/>    82933\r<br/>Message:\r<br/>    Error Message:\r\r<br/>    Assert.IsTrue failed. Case: [FAILED]\r\r<br/>    PCRPackunPack_DebugTest\r\r<br/>     Rounds 0\r\r<br/>     Tested Files 1\r\r<br/>     Result: &lt;Pass 0, Fail 1&gt;\r\r<br/>     Picked Files: 1/1\r\r<br/>      1st Priority 1 &lt;Unstable 0, Specified 1, RandomAtLeast 0&gt;\r\r<br/>      2nd Priority 0 &lt;NeverRun 0, RandomMore 0, Stable 0&gt;\r\r<br/>     Time: 0:19 &lt;Each 19.06&gt;\r\r<br/>     Pure: 0:18 &lt;Each 18.80 Compare 1.0&gt;\r\r<br/>     Threads 10.0 &lt;10&gt;\r\r<br/>    Log Folder: \\\\nebula-01\\TestLog\\C82933_.1\\BLL_From_VM_W7_64_2008\\MyTestResults\\BllLogs\r\r<br/>    Default_NA_R140104_T3000A_UHFB2.log\r\r<br/>    PCRPackunPack_DebugTest.log\r\r<br/>    Compile_NA_R140104_T3000A_UHFB2\r\r<br/>    \r\r<br/>    -----\r\r<br/>    SPELLCHECK_FAILED_IN_COMPILE\r\r<br/>       at BL.Operations.Operations.Compile(IBLDocument doc)\r<br/>           in \r<br/>           d:\\CI_1\\Sources\\Common_CPS_Platfrm\\Implementation\\RM2.0\\BusinessLogic\\Code\\Platform\\Features\\BL.Operations\\CompileOperations.cs:li\r<br/>           ne 78\r\r<br/>       at BL.Operations.Test.Utility.PCRCompilePbaCompare.Test(String pbaFile, Boolean isPureDefaultCodeplug, ICompileTestCoverage \r<br/>    compileTestCoverage)\r<br/>           in \r<br/>           d:\\CI_1\\Sources\\Common_CPS_Platfrm\\Implementation\\RM2.0\\BusinessLogic\\Code\\Tools\\Test\\BL.Operations.GatedCheckInTest\\Utility\\PCRCo\r<br/>           mpilePbaCompare.cs:line 61\r\r<br/>       at BL.Operations.Test.Utility.PCRCompilePbaCompare.CompareCompileCodeplug(String pbaFile, String logFileName)\r<br/>           in \r<br/>           d:\\CI_1\\Sources\\Common_CPS_Platfrm\\Implementation\\RM2.0\\BusinessLogic\\Code\\Tools\\Test\\BL.Operations.GatedCheckInTest\\Utility\\PCRCo\r<br/>           mpilePbaCompare.cs:line 147\r\r<br/>       at BL.Operations.Test.Utility.Queue.QueueTestDataFiles.RunTestOnSingleFile(List`1 methods, DataFileKey key)\r<br/>           in \r<br/>           d:\\CI_1\\Sources\\Common_CPS_Platfrm\\Implementation\\RM2.0\\BusinessLogic\\Code\\Tools\\Test\\BL.Operations.GatedCheckInTest\\Utility\\Queue\r<br/>           TestDataFiles.cs:line 944\r\r<br/>    -----\r\r<br/>    \r\r<br/>    \r\r<br/>    \r\r<br/>    StackTrace:\r\r<br/>       at BL.Operation.PostCheckInTest.PCRCompileTest.PCRPackunPack_DebugTest()\r<br/>           in \r<br/>           d:\\CI_1\\Sources\\Common_CPS_Platfrm\\Implementation\\RM2.0\\BusinessLogic\\Code\\Tools\\Test\\BL.Operation.PostCheckInTest\\PCRConfiguratio\r<br/>           nTest\\PCRCompileTest.cs:line 84\r\r<br/>    \r\r<br/>    \r<br/>"
        },
        {
            "Version": 82928,
            "Passed": false,
            "TestRun": "27fb6aa1-3d15-4583-90e4-516cc1af94da",
            "RunType": "PostCheckin",
            "Message": "Full Name: \r<br/>    BLLTest_PCT:BL.Operation.PostCheckInTest.PCRCompileTest.PCRPackunPack_DebugTest\r<br/>Message Version: \r<br/>    82928\r<br/>Message:\r<br/>    Error Message:\r\r<br/>    Assert.IsTrue failed. Case: [FAILED]\r\r<br/>    PCRPackunPack_DebugTest\r\r<br/>     Rounds 0\r\r<br/>     Tested Files 1\r\r<br/>     Result: &lt;Pass 0, Fail 1&gt;\r\r<br/>     Picked Files: 1/1\r\r<br/>      1st Priority 1 &lt;Unstable 0, Specified 1, RandomAtLeast 0&gt;\r\r<br/>      2nd Priority 0 &lt;NeverRun 0, RandomMore 0, Stable 0&gt;\r\r<br/>     Time: 0:19 &lt;Each 19.83&gt;\r\r<br/>     Pure: 0:19 &lt;Each 19.66 Compare 1.0&gt;\r\r<br/>     Threads 10.0 &lt;10&gt;\r\r<br/>    Log Folder: \\\\nebula-01\\TestLog\\C82928_.1\\BLL_From_VM_W7_64_1211\\MyTestResults\\BllLogs\r\r<br/>    Default_NA_R140104_T3000A_UHFB2.log\r\r<br/>    PCRPackunPack_DebugTest.log\r\r<br/>    Compile_NA_R140104_T3000A_UHFB2\r\r<br/>    \r\r<br/>    -----\r\r<br/>    SPELLCHECK_FAILED_IN_COMPILE\r\r<br/>       at BL.Operations.Operations.Compile(IBLDocument doc)\r<br/>           in \r<br/>           d:\\CI_1\\Sources\\Common_CPS_Platfrm\\Implementation\\RM2.0\\BusinessLogic\\Code\\Platform\\Features\\BL.Operations\\CompileOperations.cs:li\r<br/>           ne 78\r\r<br/>       at BL.Operations.Test.Utility.PCRCompilePbaCompare.Test(String pbaFile, Boolean isPureDefaultCodeplug, ICompileTestCoverage \r<br/>    compileTestCoverage)\r<br/>           in \r<br/>           d:\\CI_1\\Sources\\Common_CPS_Platfrm\\Implementation\\RM2.0\\BusinessLogic\\Code\\Tools\\Test\\BL.Operations.GatedCheckInTest\\Utility\\PCRCo\r<br/>           mpilePbaCompare.cs:line 61\r\r<br/>       at BL.Operations.Test.Utility.PCRCompilePbaCompare.CompareCompileCodeplug(String pbaFile, String logFileName)\r<br/>           in \r<br/>           d:\\CI_1\\Sources\\Common_CPS_Platfrm\\Implementation\\RM2.0\\BusinessLogic\\Code\\Tools\\Test\\BL.Operations.GatedCheckInTest\\Utility\\PCRCo\r<br/>           mpilePbaCompare.cs:line 147\r\r<br/>       at BL.Operations.Test.Utility.Queue.QueueTestDataFiles.RunTestOnSingleFile(List`1 methods, DataFileKey key)\r<br/>           in \r<br/>           d:\\CI_1\\Sources\\Common_CPS_Platfrm\\Implementation\\RM2.0\\BusinessLogic\\Code\\Tools\\Test\\BL.Operations.GatedCheckInTest\\Utility\\Queue\r<br/>           TestDataFiles.cs:line 944\r\r<br/>    -----\r\r<br/>    \r\r<br/>    \r\r<br/>    \r\r<br/>    StackTrace:\r\r<br/>       at BL.Operation.PostCheckInTest.PCRCompileTest.PCRPackunPack_DebugTest()\r<br/>           in \r<br/>           d:\\CI_1\\Sources\\Common_CPS_Platfrm\\Implementation\\RM2.0\\BusinessLogic\\Code\\Tools\\Test\\BL.Operation.PostCheckInTest\\PCRConfiguratio\r<br/>           nTest\\PCRCompileTest.cs:line 84\r\r<br/>    \r\r<br/>    \r<br/>"
        },
        {
            "Version": 82924,
            "Passed": false,
            "TestRun": "150feb5d-1c3c-4d29-87ed-198c2b6c8db8",
            "RunType": "PostCheckin",
            "Message": "Full Name: \r<br/>    BLLTest_PCT:BL.Operation.PostCheckInTest.PCRCompileTest.PCRPackunPack_DebugTest\r<br/>Message Version: \r<br/>    82924\r<br/>Message:\r<br/>    Error Message:\r\r<br/>    Assert.IsTrue failed. Case: [FAILED]\r\r<br/>    PCRPackunPack_DebugTest\r\r<br/>     Rounds 0\r\r<br/>     Tested Files 1\r\r<br/>     Result: &lt;Pass 0, Fail 1&gt;\r\r<br/>     Picked Files: 1/1\r\r<br/>      1st Priority 1 &lt;Unstable 0, Specified 1, RandomAtLeast 0&gt;\r\r<br/>      2nd Priority 0 &lt;NeverRun 0, RandomMore 0, Stable 0&gt;\r\r<br/>     Time: 0:27 &lt;Each 27.48&gt;\r\r<br/>     Pure: 0:26 &lt;Each 26.90 Compare 1.0&gt;\r\r<br/>     Threads 10.0 &lt;10&gt;\r\r<br/>    Log Folder: \\\\nebula-01\\TestLog\\C82924_.1\\BLL_From_VM_W7_64_0807\\MyTestResults\\BllLogs\r\r<br/>    Default_NA_R140104_T3000A_UHFB2.log\r\r<br/>    PCRPackunPack_DebugTest.log\r\r<br/>    Compile_NA_R140104_T3000A_UHFB2\r\r<br/>    \r\r<br/>    -----\r\r<br/>    SPELLCHECK_FAILED_IN_COMPILE\r\r<br/>       at BL.Operations.Operations.Compile(IBLDocument doc)\r<br/>           in \r<br/>           d:\\CI_1\\Sources\\Common_CPS_Platfrm\\Implementation\\RM2.0\\BusinessLogic\\Code\\Platform\\Features\\BL.Operations\\CompileOperations.cs:li\r<br/>           ne 78\r\r<br/>       at BL.Operations.Test.Utility.PCRCompilePbaCompare.Test(String pbaFile, Boolean isPureDefaultCodeplug, ICompileTestCoverage \r<br/>    compileTestCoverage)\r<br/>           in \r<br/>           d:\\CI_1\\Sources\\Common_CPS_Platfrm\\Implementation\\RM2.0\\BusinessLogic\\Code\\Tools\\Test\\BL.Operations.GatedCheckInTest\\Utility\\PCRCo\r<br/>           mpilePbaCompare.cs:line 61\r\r<br/>       at BL.Operations.Test.Utility.PCRCompilePbaCompare.CompareCompileCodeplug(String pbaFile, String logFileName)\r<br/>           in \r<br/>           d:\\CI_1\\Sources\\Common_CPS_Platfrm\\Implementation\\RM2.0\\BusinessLogic\\Code\\Tools\\Test\\BL.Operations.GatedCheckInTest\\Utility\\PCRCo\r<br/>           mpilePbaCompare.cs:line 147\r\r<br/>       at BL.Operations.Test.Utility.Queue.QueueTestDataFiles.RunTestOnSingleFile(List`1 methods, DataFileKey key)\r<br/>           in \r<br/>           d:\\CI_1\\Sources\\Common_CPS_Platfrm\\Implementation\\RM2.0\\BusinessLogic\\Code\\Tools\\Test\\BL.Operations.GatedCheckInTest\\Utility\\Queue\r<br/>           TestDataFiles.cs:line 944\r\r<br/>    -----\r\r<br/>    \r\r<br/>    \r\r<br/>    \r\r<br/>    StackTrace:\r\r<br/>       at BL.Operation.PostCheckInTest.PCRCompileTest.PCRPackunPack_DebugTest()\r<br/>           in \r<br/>           d:\\CI_1\\Sources\\Common_CPS_Platfrm\\Implementation\\RM2.0\\BusinessLogic\\Code\\Tools\\Test\\BL.Operation.PostCheckInTest\\PCRConfiguratio\r<br/>           nTest\\PCRCompileTest.cs:line 84\r\r<br/>    \r\r<br/>    \r<br/>"
        },
        {
            "Version": 82923,
            "Passed": false,
            "TestRun": "c7817045-5ea3-4b52-9998-e84aa6b5aa64",
            "RunType": "PostCheckin",
            "Message": "Full Name: \r<br/>    BLLTest_PCT:BL.Operation.PostCheckInTest.PCRCompileTest.PCRPackunPack_DebugTest\r<br/>Message Version: \r<br/>    82923\r<br/>Message:\r<br/>    Error Message:\r\r<br/>    Assert.IsTrue failed. Case: [FAILED]\r\r<br/>    PCRPackunPack_DebugTest\r\r<br/>     Rounds 0\r\r<br/>     Tested Files 1\r\r<br/>     Result: &lt;Pass 0, Fail 1&gt;\r\r<br/>     Picked Files: 1/1\r\r<br/>      1st Priority 1 &lt;Unstable 0, Specified 1, RandomAtLeast 0&gt;\r\r<br/>      2nd Priority 0 &lt;NeverRun 0, RandomMore 0, Stable 0&gt;\r\r<br/>     Time: 0:27 &lt;Each 27.61&gt;\r\r<br/>     Pure: 0:26 &lt;Each 26.59 Compare 1.0&gt;\r\r<br/>     Threads 10.0 &lt;10&gt;\r\r<br/>    Log Folder: \\\\nebula-01\\TestLog\\C82923_.1\\BLL_From_VM_W7_64_0606\\MyTestResults\\BllLogs\r\r<br/>    Default_NA_R140104_T3000A_UHFB2.log\r\r<br/>    PCRPackunPack_DebugTest.log\r\r<br/>    Compile_NA_R140104_T3000A_UHFB2\r\r<br/>    \r\r<br/>    -----\r\r<br/>    SPELLCHECK_FAILED_IN_COMPILE\r\r<br/>       at BL.Operations.Operations.Compile(IBLDocument doc)\r<br/>           in \r<br/>           d:\\CI_1\\Sources\\Common_CPS_Platfrm\\Implementation\\RM2.0\\BusinessLogic\\Code\\Platform\\Features\\BL.Operations\\CompileOperations.cs:li\r<br/>           ne 78\r\r<br/>       at BL.Operations.Test.Utility.PCRCompilePbaCompare.Test(String pbaFile, Boolean isPureDefaultCodeplug, ICompileTestCoverage \r<br/>    compileTestCoverage)\r<br/>           in \r<br/>           d:\\CI_1\\Sources\\Common_CPS_Platfrm\\Implementation\\RM2.0\\BusinessLogic\\Code\\Tools\\Test\\BL.Operations.GatedCheckInTest\\Utility\\PCRCo\r<br/>           mpilePbaCompare.cs:line 61\r\r<br/>       at BL.Operations.Test.Utility.PCRCompilePbaCompare.CompareCompileCodeplug(String pbaFile, String logFileName)\r<br/>           in \r<br/>           d:\\CI_1\\Sources\\Common_CPS_Platfrm\\Implementation\\RM2.0\\BusinessLogic\\Code\\Tools\\Test\\BL.Operations.GatedCheckInTest\\Utility\\PCRCo\r<br/>           mpilePbaCompare.cs:line 147\r\r<br/>       at BL.Operations.Test.Utility.Queue.QueueTestDataFiles.RunTestOnSingleFile(List`1 methods, DataFileKey key)\r<br/>           in \r<br/>           d:\\CI_1\\Sources\\Common_CPS_Platfrm\\Implementation\\RM2.0\\BusinessLogic\\Code\\Tools\\Test\\BL.Operations.GatedCheckInTest\\Utility\\Queue\r<br/>           TestDataFiles.cs:line 944\r\r<br/>    -----\r\r<br/>    \r\r<br/>    \r\r<br/>    \r\r<br/>    StackTrace:\r\r<br/>       at BL.Operation.PostCheckInTest.PCRCompileTest.PCRPackunPack_DebugTest()\r<br/>           in \r<br/>           d:\\CI_1\\Sources\\Common_CPS_Platfrm\\Implementation\\RM2.0\\BusinessLogic\\Code\\Tools\\Test\\BL.Operation.PostCheckInTest\\PCRConfiguratio\r<br/>           nTest\\PCRCompileTest.cs:line 84\r\r<br/>    \r\r<br/>    \r<br/>"
        },
        {
            "Version": 82920,
            "Passed": false,
            "TestRun": "d2d02bcd-4600-4dbb-aea8-87c46e26c682",
            "RunType": "PostCheckin",
            "Message": "Full Name: \r<br/>    BLLTest_PCT:BL.Operation.PostCheckInTest.PCRCompileTest.PCRPackunPack_DebugTest\r<br/>Message Version: \r<br/>    82920\r<br/>Message:\r<br/>    Error Message:\r\r<br/>    Assert.IsTrue failed. Case: [FAILED]\r\r<br/>    PCRPackunPack_DebugTest\r\r<br/>     Rounds 0\r\r<br/>     Tested Files 1\r\r<br/>     Result: &lt;Pass 0, Fail 1&gt;\r\r<br/>     Picked Files: 1/1\r\r<br/>      1st Priority 1 &lt;Unstable 0, Specified 1, RandomAtLeast 0&gt;\r\r<br/>      2nd Priority 0 &lt;NeverRun 0, RandomMore 0, Stable 0&gt;\r\r<br/>     Time: 0:16 &lt;Each 16.47&gt;\r\r<br/>     Pure: 0:16 &lt;Each 16.37 Compare 1.0&gt;\r\r<br/>     Threads 10.0 &lt;10&gt;\r\r<br/>    Log Folder: \\\\nebula-01\\TestLog\\C82920_.1\\BLL_From_VM_W7_64_1705\\MyTestResults\\BllLogs\r\r<br/>    Default_NA_R140104_T3000A_UHFB2.log\r\r<br/>    PCRPackunPack_DebugTest.log\r\r<br/>    Compile_NA_R140104_T3000A_UHFB2\r\r<br/>    \r\r<br/>    -----\r\r<br/>    SPELLCHECK_FAILED_IN_COMPILE\r\r<br/>       at BL.Operations.Operations.Compile(IBLDocument doc)\r<br/>           in \r<br/>           d:\\CI_1\\Sources\\Common_CPS_Platfrm\\Implementation\\RM2.0\\BusinessLogic\\Code\\Platform\\Features\\BL.Operations\\CompileOperations.cs:li\r<br/>           ne 78\r\r<br/>       at BL.Operations.Test.Utility.PCRCompilePbaCompare.Test(String pbaFile, Boolean isPureDefaultCodeplug, ICompileTestCoverage \r<br/>    compileTestCoverage)\r<br/>           in \r<br/>           d:\\CI_1\\Sources\\Common_CPS_Platfrm\\Implementation\\RM2.0\\BusinessLogic\\Code\\Tools\\Test\\BL.Operations.GatedCheckInTest\\Utility\\PCRCo\r<br/>           mpilePbaCompare.cs:line 61\r\r<br/>       at BL.Operations.Test.Utility.PCRCompilePbaCompare.CompareCompileCodeplug(String pbaFile, String logFileName)\r<br/>           in \r<br/>           d:\\CI_1\\Sources\\Common_CPS_Platfrm\\Implementation\\RM2.0\\BusinessLogic\\Code\\Tools\\Test\\BL.Operations.GatedCheckInTest\\Utility\\PCRCo\r<br/>           mpilePbaCompare.cs:line 147\r\r<br/>       at BL.Operations.Test.Utility.Queue.QueueTestDataFiles.RunTestOnSingleFile(List`1 methods, DataFileKey key)\r<br/>           in \r<br/>           d:\\CI_1\\Sources\\Common_CPS_Platfrm\\Implementation\\RM2.0\\BusinessLogic\\Code\\Tools\\Test\\BL.Operations.GatedCheckInTest\\Utility\\Queue\r<br/>           TestDataFiles.cs:line 944\r\r<br/>    -----\r\r<br/>    \r\r<br/>    \r\r<br/>    \r\r<br/>    StackTrace:\r\r<br/>       at BL.Operation.PostCheckInTest.PCRCompileTest.PCRPackunPack_DebugTest()\r<br/>           in \r<br/>           d:\\CI_1\\Sources\\Common_CPS_Platfrm\\Implementation\\RM2.0\\BusinessLogic\\Code\\Tools\\Test\\BL.Operation.PostCheckInTest\\PCRConfiguratio\r<br/>           nTest\\PCRCompileTest.cs:line 84\r\r<br/>    \r\r<br/>    \r<br/>"
        },
        {
            "Version": 82894,
            "Passed": false,
            "TestRun": "4d2cf639-b85d-4359-b826-a325796de629",
            "RunType": "PostCheckin",
            "Message": "Full Name: \r<br/>    BLLTest_PCT:BL.Operation.PostCheckInTest.PCRCompileTest.PCRPackunPack_DebugTest\r<br/>Message Version: \r<br/>    82894\r<br/>Message:\r<br/>    Error Message:\r\r<br/>    Assert.IsTrue failed. Case: [FAILED]\r\r<br/>    PCRPackunPack_DebugTest\r\r<br/>     Rounds 0\r\r<br/>     Tested Files 1\r\r<br/>     Result: &lt;Pass 0, Fail 1&gt;\r\r<br/>     Picked Files: 1/1\r\r<br/>      1st Priority 1 &lt;Unstable 0, Specified 1, RandomAtLeast 0&gt;\r\r<br/>      2nd Priority 0 &lt;NeverRun 0, RandomMore 0, Stable 0&gt;\r\r<br/>     Time: 0:15 &lt;Each 15.72&gt;\r\r<br/>     Pure: 0:15 &lt;Each 15.62 Compare 1.0&gt;\r\r<br/>     Threads 10.0 &lt;10&gt;\r\r<br/>    Log Folder: \\\\nebula-01\\TestLog\\C82894_.1\\BLL_From_VM_W7_64_1302\\MyTestResults\\BllLogs\r\r<br/>    Default_NA_R140104_T3000A_UHFB2.log\r\r<br/>    PCRPackunPack_DebugTest.log\r\r<br/>    Compile_NA_R140104_T3000A_UHFB2\r\r<br/>    \r\r<br/>    -----\r\r<br/>    SPELLCHECK_FAILED_IN_COMPILE\r\r<br/>       at BL.Operations.Operations.Compile(IBLDocument doc)\r<br/>           in \r<br/>           d:\\CI_1\\Sources\\Common_CPS_Platfrm\\Implementation\\RM2.0\\BusinessLogic\\Code\\Platform\\Features\\BL.Operations\\CompileOperations.cs:li\r<br/>           ne 78\r\r<br/>       at BL.Operations.Test.Utility.PCRCompilePbaCompare.Test(String pbaFile, Boolean isPureDefaultCodeplug, ICompileTestCoverage \r<br/>    compileTestCoverage)\r<br/>           in \r<br/>           d:\\CI_1\\Sources\\Common_CPS_Platfrm\\Implementation\\RM2.0\\BusinessLogic\\Code\\Tools\\Test\\BL.Operations.GatedCheckInTest\\Utility\\PCRCo\r<br/>           mpilePbaCompare.cs:line 57\r\r<br/>       at BL.Operations.Test.Utility.PCRCompilePbaCompare.CompareCompileCodeplug(String pbaFile, String logFileName)\r<br/>           in \r<br/>           d:\\CI_1\\Sources\\Common_CPS_Platfrm\\Implementation\\RM2.0\\BusinessLogic\\Code\\Tools\\Test\\BL.Operations.GatedCheckInTest\\Utility\\PCRCo\r<br/>           mpilePbaCompare.cs:line 93\r\r<br/>       at BL.Operations.Test.Utility.Queue.QueueTestDataFiles.RunTestOnSingleFile(List`1 methods, DataFileKey key)\r<br/>           in \r<br/>           d:\\CI_1\\Sources\\Common_CPS_Platfrm\\Implementation\\RM2.0\\BusinessLogic\\Code\\Tools\\Test\\BL.Operations.GatedCheckInTest\\Utility\\Queue\r<br/>           TestDataFiles.cs:line 944\r\r<br/>    -----\r\r<br/>    \r\r<br/>    \r\r<br/>    \r\r<br/>    StackTrace:\r\r<br/>       at BL.Operation.PostCheckInTest.PCRCompileTest.PCRPackunPack_DebugTest()\r<br/>           in \r<br/>           d:\\CI_1\\Sources\\Common_CPS_Platfrm\\Implementation\\RM2.0\\BusinessLogic\\Code\\Tools\\Test\\BL.Operation.PostCheckInTest\\PCRConfiguratio\r<br/>           nTest\\PCRCompileTest.cs:line 84\r\r<br/>    \r\r<br/>    \r<br/>"
        },
        {
            "Version": 82870,
            "Passed": false,
            "TestRun": "2f145e07-23ff-4efd-8125-3344c1c80d6d",
            "RunType": "PostCheckin",
            "Message": "Full Name: \r<br/>    BLLTest_PCT:BL.Operation.PostCheckInTest.PCRCompileTest.PCRPackunPack_DebugTest\r<br/>Message Version: \r<br/>    82870\r<br/>Message:\r<br/>    Error Message:\r\r<br/>    Assert.IsTrue failed. Case: [FAILED]\r\r<br/>    PCRPackunPack_DebugTest\r\r<br/>     Rounds 0\r\r<br/>     Tested Files 1\r\r<br/>     Result: &lt;Pass 0, Fail 1&gt;\r\r<br/>     Picked Files: 1/1\r\r<br/>      1st Priority 1 &lt;Unstable 0, Specified 1, RandomAtLeast 0&gt;\r\r<br/>      2nd Priority 0 &lt;NeverRun 0, RandomMore 0, Stable 0&gt;\r\r<br/>     Time: 0:23 &lt;Each 23.22&gt;\r\r<br/>     Pure: 0:23 &lt;Each 23.07 Compare 1.0&gt;\r\r<br/>     Threads 3.0 &lt;3&gt;\r\r<br/>    Log Folder: \\\\nebula-01\\TestLog\\C82870_.1\\BLL_From_VM_W7_64_0607\\MyTestResults\\BllLogs\r\r<br/>    Default_NA_R140104_T3000A_UHFB2.log\r\r<br/>    PCRPackunPack_DebugTest.log\r\r<br/>    Compile_NA_R140104_T3000A_UHFB2\r\r<br/>    \r\r<br/>    -----\r\r<br/>    SPELLCHECK_FAILED_IN_COMPILE\r\r<br/>       at BL.Operations.Operations.Compile(IBLDocument doc)\r<br/>           in \r<br/>           d:\\CI_1\\Sources\\Common_CPS_Platfrm\\Implementation\\RM2.0\\BusinessLogic\\Code\\Platform\\Features\\BL.Operations\\CompileOperations.cs:li\r<br/>           ne 78\r\r<br/>       at BL.Operations.Test.Utility.PCRCompilePbaCompare.Test(String pbaFile, Boolean isPureDefaultCodeplug, ICompileTestCoverage \r<br/>    compileTestCoverage)\r<br/>           in \r<br/>           d:\\CI_1\\Sources\\Common_CPS_Platfrm\\Implementation\\RM2.0\\BusinessLogic\\Code\\Tools\\Test\\BL.Operations.GatedCheckInTest\\Utility\\PCRCo\r<br/>           mpilePbaCompare.cs:line 57\r\r<br/>       at BL.Operations.Test.Utility.PCRCompilePbaCompare.CompareCompileCodeplug(String pbaFile, String logFileName)\r<br/>           in \r<br/>           d:\\CI_1\\Sources\\Common_CPS_Platfrm\\Implementation\\RM2.0\\BusinessLogic\\Code\\Tools\\Test\\BL.Operations.GatedCheckInTest\\Utility\\PCRCo\r<br/>           mpilePbaCompare.cs:line 93\r\r<br/>       at BL.Operations.Test.Utility.Queue.QueueTestDataFiles.RunTestOnSingleFile(List`1 methods, DataFileKey key)\r<br/>           in \r<br/>           d:\\CI_1\\Sources\\Common_CPS_Platfrm\\Implementation\\RM2.0\\BusinessLogic\\Code\\Tools\\Test\\BL.Operations.GatedCheckInTest\\Utility\\Queue\r<br/>           TestDataFiles.cs:line 944\r\r<br/>    -----\r\r<br/>    \r\r<br/>    \r\r<br/>    \r\r<br/>    StackTrace:\r\r<br/>       at BL.Operation.PostCheckInTest.PCRCompileTest.PCRPackunPack_DebugTest()\r<br/>           in \r<br/>           d:\\CI_1\\Sources\\Common_CPS_Platfrm\\Implementation\\RM2.0\\BusinessLogic\\Code\\Tools\\Test\\BL.Operation.PostCheckInTest\\PCRConfiguratio\r<br/>           nTest\\PCRCompileTest.cs:line 84\r\r<br/>    \r\r<br/>    \r<br/>"
        },
        {
            "Version": 82858,
            "Passed": false,
            "TestRun": "eda1d4a9-880f-410f-a69d-014a6e4ccc44",
            "RunType": "PostCheckin",
            "Message": "Full Name: \r<br/>    BLLTest_PCT:BL.Operation.PostCheckInTest.PCRCompileTest.PCRPackunPack_DebugTest\r<br/>Message Version: \r<br/>    82858\r<br/>Message:\r<br/>    Error Message:\r\r<br/>    Assert.IsTrue failed. Case: [FAILED]\r\r<br/>    PCRPackunPack_DebugTest\r\r<br/>     Rounds 0\r\r<br/>     Tested Files 1\r\r<br/>     Result: &lt;Pass 0, Fail 1&gt;\r\r<br/>     Picked Files: 1/1\r\r<br/>      1st Priority 1 &lt;Unstable 0, Specified 1, RandomAtLeast 0&gt;\r\r<br/>      2nd Priority 0 &lt;NeverRun 0, RandomMore 0, Stable 0&gt;\r\r<br/>     Time: 0:24 &lt;Each 24.48&gt;\r\r<br/>     Pure: 0:22 &lt;Each 22.99 Compare 0.9&gt;\r\r<br/>     Threads 3.0 &lt;3&gt;\r\r<br/>    Log Folder: \\\\nebula-01\\TestLog\\C82858_.1\\BLL_From_VM_W7_64_2306\\MyTestResults\\BllLogs\r\r<br/>    Default_NA_R140104_T3000A_UHFB2.log\r\r<br/>    PCRPackunPack_DebugTest.log\r\r<br/>    Compile_NA_R140104_T3000A_UHFB2\r\r<br/>    \r\r<br/>    -----\r\r<br/>    SPELLCHECK_FAILED_IN_COMPILE\r\r<br/>       at BL.Operations.Operations.Compile(IBLDocument doc)\r<br/>           in \r<br/>           d:\\CI_1\\Sources\\Common_CPS_Platfrm\\Implementation\\RM2.0\\BusinessLogic\\Code\\Platform\\Features\\BL.Operations\\CompileOperations.cs:li\r<br/>           ne 78\r\r<br/>       at BL.Operations.Test.Utility.PCRCompilePbaCompare.Test(String pbaFile, Boolean isPureDefaultCodeplug, ICompileTestCoverage \r<br/>    compileTestCoverage)\r<br/>           in \r<br/>           d:\\CI_1\\Sources\\Common_CPS_Platfrm\\Implementation\\RM2.0\\BusinessLogic\\Code\\Tools\\Test\\BL.Operations.GatedCheckInTest\\Utility\\PCRCo\r<br/>           mpilePbaCompare.cs:line 57\r\r<br/>       at BL.Operations.Test.Utility.PCRCompilePbaCompare.CompareCompileCodeplug(String pbaFile, String logFileName)\r<br/>           in \r<br/>           d:\\CI_1\\Sources\\Common_CPS_Platfrm\\Implementation\\RM2.0\\BusinessLogic\\Code\\Tools\\Test\\BL.Operations.GatedCheckInTest\\Utility\\PCRCo\r<br/>           mpilePbaCompare.cs:line 93\r\r<br/>       at BL.Operations.Test.Utility.Queue.QueueTestDataFiles.RunTestOnSingleFile(List`1 methods, DataFileKey key)\r<br/>           in \r<br/>           d:\\CI_1\\Sources\\Common_CPS_Platfrm\\Implementation\\RM2.0\\BusinessLogic\\Code\\Tools\\Test\\BL.Operations.GatedCheckInTest\\Utility\\Queue\r<br/>           TestDataFiles.cs:line 944\r\r<br/>    -----\r\r<br/>    \r\r<br/>    \r\r<br/>    \r\r<br/>    StackTrace:\r\r<br/>       at BL.Operation.PostCheckInTest.PCRCompileTest.PCRPackunPack_DebugTest()\r<br/>           in \r<br/>           d:\\CI_1\\Sources\\Common_CPS_Platfrm\\Implementation\\RM2.0\\BusinessLogic\\Code\\Tools\\Test\\BL.Operation.PostCheckInTest\\PCRConfiguratio\r<br/>           nTest\\PCRCompileTest.cs:line 84\r\r<br/>    \r\r<br/>    \r<br/>"
        },
        {
            "Version": 82847,
            "Passed": false,
            "TestRun": "a4b7ae59-c9ce-49a6-8db4-b4326c70e680",
            "RunType": "PostCheckin",
            "Message": "Full Name: \r<br/>    BLLTest_PCT:BL.Operation.PostCheckInTest.PCRCompileTest.PCRPackunPack_DebugTest\r<br/>Message Version: \r<br/>    82847\r<br/>Message:\r<br/>    Error Message:\r\r<br/>    Assert.IsTrue failed. Case: [FAILED]\r\r<br/>    PCRPackunPack_DebugTest\r\r<br/>     Rounds 0\r\r<br/>     Tested Files 1\r\r<br/>     Result: &lt;Pass 0, Fail 1&gt;\r\r<br/>     Picked Files: 1/1\r\r<br/>      1st Priority 1 &lt;Unstable 0, Specified 1, RandomAtLeast 0&gt;\r\r<br/>      2nd Priority 0 &lt;NeverRun 0, RandomMore 0, Stable 0&gt;\r\r<br/>     Time: 0:16 &lt;Each 16.88&gt;\r\r<br/>     Pure: 0:16 &lt;Each 16.82 Compare 1.0&gt;\r\r<br/>     Threads 3.0 &lt;3&gt;\r\r<br/>    Log Folder: \\\\nebula-01\\TestLog\\C82847_.1\\BLL_From_VM_W7_64_0911\\MyTestResults\\BllLogs\r\r<br/>    Default_NA_R140104_T3000A_UHFB2.log\r\r<br/>    PCRPackunPack_DebugTest.log\r\r<br/>    Compile_NA_R140104_T3000A_UHFB2\r\r<br/>    \r\r<br/>    -----\r\r<br/>    SPELLCHECK_FAILED_IN_COMPILE\r\r<br/>       at BL.Operations.Operations.Compile(IBLDocument doc)\r<br/>           in \r<br/>           d:\\CI_1\\Sources\\Common_CPS_Platfrm\\Implementation\\RM2.0\\BusinessLogic\\Code\\Platform\\Features\\BL.Operations\\CompileOperations.cs:li\r<br/>           ne 78\r\r<br/>       at BL.Operations.Test.Utility.PCRCompilePbaCompare.Test(String pbaFile, Boolean isPureDefaultCodeplug, ICompileTestCoverage \r<br/>    compileTestCoverage)\r<br/>           in \r<br/>           d:\\CI_1\\Sources\\Common_CPS_Platfrm\\Implementation\\RM2.0\\BusinessLogic\\Code\\Tools\\Test\\BL.Operations.GatedCheckInTest\\Utility\\PCRCo\r<br/>           mpilePbaCompare.cs:line 57\r\r<br/>       at BL.Operations.Test.Utility.PCRCompilePbaCompare.CompareCompileCodeplug(String pbaFile, String logFileName)\r<br/>           in \r<br/>           d:\\CI_1\\Sources\\Common_CPS_Platfrm\\Implementation\\RM2.0\\BusinessLogic\\Code\\Tools\\Test\\BL.Operations.GatedCheckInTest\\Utility\\PCRCo\r<br/>           mpilePbaCompare.cs:line 93\r\r<br/>       at BL.Operations.Test.Utility.Queue.QueueTestDataFiles.RunTestOnSingleFile(List`1 methods, DataFileKey key)\r<br/>           in \r<br/>           d:\\CI_1\\Sources\\Common_CPS_Platfrm\\Implementation\\RM2.0\\BusinessLogic\\Code\\Tools\\Test\\BL.Operations.GatedCheckInTest\\Utility\\Queue\r<br/>           TestDataFiles.cs:line 944\r\r<br/>    -----\r\r<br/>    \r\r<br/>    \r\r<br/>    \r\r<br/>    StackTrace:\r\r<br/>       at BL.Operation.PostCheckInTest.PCRCompileTest.PCRPackunPack_DebugTest()\r<br/>           in \r<br/>           d:\\CI_1\\Sources\\Common_CPS_Platfrm\\Implementation\\RM2.0\\BusinessLogic\\Code\\Tools\\Test\\BL.Operation.PostCheckInTest\\PCRConfiguratio\r<br/>           nTest\\PCRCompileTest.cs:line 84\r\r<br/>    \r\r<br/>    \r<br/>"
        },
        {
            "Version": 82833,
            "Passed": false,
            "TestRun": "60706edc-3dc2-46c0-8e91-1ea1d5f83dc0",
            "RunType": "PostCheckin",
            "Message": "Full Name: \r<br/>    BLLTest_PCT:BL.Operation.PostCheckInTest.PCRCompileTest.PCRPackunPack_DebugTest\r<br/>Message Version: \r<br/>    82833\r<br/>Message:\r<br/>    Error Message:\r\r<br/>    Assert.IsTrue failed. Case: [FAILED]\r\r<br/>    PCRPackunPack_DebugTest\r\r<br/>     Rounds 0\r\r<br/>     Tested Files 1\r\r<br/>     Result: &lt;Pass 0, Fail 1&gt;\r\r<br/>     Picked Files: 1/1\r\r<br/>      1st Priority 1 &lt;Unstable 0, Specified 1, RandomAtLeast 0&gt;\r\r<br/>      2nd Priority 0 &lt;NeverRun 0, RandomMore 0, Stable 0&gt;\r\r<br/>     Time: 0:19 &lt;Each 19.31&gt;\r\r<br/>     Pure: 0:19 &lt;Each 19.25 Compare 1.0&gt;\r\r<br/>     Threads 3.0 &lt;3&gt;\r\r<br/>    Log Folder: \\\\nebula-01\\TestLog\\C82833_.1\\BLL_From_VM_W7_64_1703\\MyTestResults\\BllLogs\r\r<br/>    Default_NA_R140104_T3000A_UHFB2.log\r\r<br/>    PCRPackunPack_DebugTest.log\r\r<br/>    Compile_NA_R140104_T3000A_UHFB2\r\r<br/>    \r\r<br/>    -----\r\r<br/>    SPELLCHECK_FAILED_IN_COMPILE\r\r<br/>       at BL.Operations.Operations.Compile(IBLDocument doc)\r<br/>           in \r<br/>           d:\\CI_1\\Sources\\Common_CPS_Platfrm\\Implementation\\RM2.0\\BusinessLogic\\Code\\Platform\\Features\\BL.Operations\\CompileOperations.cs:li\r<br/>           ne 78\r\r<br/>       at BL.Operations.Test.Utility.PCRCompilePbaCompare.Test(String pbaFile, Boolean isPureDefaultCodeplug, ICompileTestCoverage \r<br/>    compileTestCoverage)\r<br/>           in \r<br/>           d:\\CI_1\\Sources\\Common_CPS_Platfrm\\Implementation\\RM2.0\\BusinessLogic\\Code\\Tools\\Test\\BL.Operations.GatedCheckInTest\\Utility\\PCRCo\r<br/>           mpilePbaCompare.cs:line 57\r\r<br/>       at BL.Operations.Test.Utility.PCRCompilePbaCompare.CompareCompileCodeplug(String pbaFile, String logFileName)\r<br/>           in \r<br/>           d:\\CI_1\\Sources\\Common_CPS_Platfrm\\Implementation\\RM2.0\\BusinessLogic\\Code\\Tools\\Test\\BL.Operations.GatedCheckInTest\\Utility\\PCRCo\r<br/>           mpilePbaCompare.cs:line 93\r\r<br/>       at BL.Operations.Test.Utility.Queue.QueueTestDataFiles.RunTestOnSingleFile(List`1 methods, DataFileKey key)\r<br/>           in \r<br/>           d:\\CI_1\\Sources\\Common_CPS_Platfrm\\Implementation\\RM2.0\\BusinessLogic\\Code\\Tools\\Test\\BL.Operations.GatedCheckInTest\\Utility\\Queue\r<br/>           TestDataFiles.cs:line 944\r\r<br/>    -----\r\r<br/>    \r\r<br/>    \r\r<br/>    \r\r<br/>    StackTrace:\r\r<br/>       at BL.Operation.PostCheckInTest.PCRCompileTest.PCRPackunPack_DebugTest()\r<br/>           in \r<br/>           d:\\CI_1\\Sources\\Common_CPS_Platfrm\\Implementation\\RM2.0\\BusinessLogic\\Code\\Tools\\Test\\BL.Operation.PostCheckInTest\\PCRConfiguratio\r<br/>           nTest\\PCRCompileTest.cs:line 84\r\r<br/>    \r\r<br/>    \r<br/>"
        },
        {
            "Version": 82832,
            "Passed": false,
            "TestRun": "8fbf2c30-ceb4-4f33-8dc9-06efa3f87c44",
            "RunType": "PostCheckin",
            "Message": "Full Name: \r<br/>    BLLTest_PCT:BL.Operation.PostCheckInTest.PCRCompileTest.PCRPackunPack_DebugTest\r<br/>Message Version: \r<br/>    82832\r<br/>Message:\r<br/>    Error Message:\r\r<br/>    Assert.IsTrue failed. Case: [FAILED]\r\r<br/>    PCRPackunPack_DebugTest\r\r<br/>     Rounds 0\r\r<br/>     Tested Files 1\r\r<br/>     Result: &lt;Pass 0, Fail 1&gt;\r\r<br/>     Picked Files: 1/1\r\r<br/>      1st Priority 1 &lt;Unstable 0, Specified 1, RandomAtLeast 0&gt;\r\r<br/>      2nd Priority 0 &lt;NeverRun 0, RandomMore 0, Stable 0&gt;\r\r<br/>     Time: 0:34 &lt;Each 34.97&gt;\r\r<br/>     Pure: 0:34 &lt;Each 34.30 Compare 1.0&gt;\r\r<br/>     Threads 3.0 &lt;3&gt;\r\r<br/>    Log Folder: \\\\nebula-01\\TestLog\\C82832_.1\\BLL_From_VM_W7_64_1105\\MyTestResults\\BllLogs\r\r<br/>    Default_NA_R140104_T3000A_UHFB2.log\r\r<br/>    PCRPackunPack_DebugTest.log\r\r<br/>    Compile_NA_R140104_T3000A_UHFB2\r\r<br/>    \r\r<br/>    -----\r\r<br/>    SPELLCHECK_FAILED_IN_COMPILE\r\r<br/>       at BL.Operations.Operations.Compile(IBLDocument doc)\r<br/>           in \r<br/>           d:\\CI_1\\Sources\\Common_CPS_Platfrm\\Implementation\\RM2.0\\BusinessLogic\\Code\\Platform\\Features\\BL.Operations\\CompileOperations.cs:li\r<br/>           ne 78\r\r<br/>       at BL.Operations.Test.Utility.PCRCompilePbaCompare.Test(String pbaFile, Boolean isPureDefaultCodeplug, ICompileTestCoverage \r<br/>    compileTestCoverage)\r<br/>           in \r<br/>           d:\\CI_1\\Sources\\Common_CPS_Platfrm\\Implementation\\RM2.0\\BusinessLogic\\Code\\Tools\\Test\\BL.Operations.GatedCheckInTest\\Utility\\PCRCo\r<br/>           mpilePbaCompare.cs:line 57\r\r<br/>       at BL.Operations.Test.Utility.PCRCompilePbaCompare.CompareCompileCodeplug(String pbaFile, String logFileName)\r<br/>           in \r<br/>           d:\\CI_1\\Sources\\Common_CPS_Platfrm\\Implementation\\RM2.0\\BusinessLogic\\Code\\Tools\\Test\\BL.Operations.GatedCheckInTest\\Utility\\PCRCo\r<br/>           mpilePbaCompare.cs:line 93\r\r<br/>       at BL.Operations.Test.Utility.Queue.QueueTestDataFiles.RunTestOnSingleFile(List`1 methods, DataFileKey key)\r<br/>           in \r<br/>           d:\\CI_1\\Sources\\Common_CPS_Platfrm\\Implementation\\RM2.0\\BusinessLogic\\Code\\Tools\\Test\\BL.Operations.GatedCheckInTest\\Utility\\Queue\r<br/>           TestDataFiles.cs:line 944\r\r<br/>    -----\r\r<br/>    \r\r<br/>    \r\r<br/>    \r\r<br/>    StackTrace:\r\r<br/>       at BL.Operation.PostCheckInTest.PCRCompileTest.PCRPackunPack_DebugTest()\r<br/>           in \r<br/>           d:\\CI_1\\Sources\\Common_CPS_Platfrm\\Implementation\\RM2.0\\BusinessLogic\\Code\\Tools\\Test\\BL.Operation.PostCheckInTest\\PCRConfiguratio\r<br/>           nTest\\PCRCompileTest.cs:line 84\r\r<br/>    \r\r<br/>    \r<br/>"
        },
        {
            "Version": 82829,
            "Passed": false,
            "TestRun": "780e1236-f964-4375-8ead-c05cfbbc0100",
            "RunType": "PostCheckin",
            "Message": "Full Name: \r<br/>    BLLTest_PCT:BL.Operation.PostCheckInTest.PCRCompileTest.PCRPackunPack_DebugTest\r<br/>Message Version: \r<br/>    82829\r<br/>Message:\r<br/>    Error Message:\r\r<br/>    Assert.IsTrue failed. Case: [FAILED]\r\r<br/>    PCRPackunPack_DebugTest\r\r<br/>     Rounds 0\r\r<br/>     Tested Files 1\r\r<br/>     Result: &lt;Pass 0, Fail 1&gt;\r\r<br/>     Picked Files: 1/1\r\r<br/>      1st Priority 1 &lt;Unstable 0, Specified 1, RandomAtLeast 0&gt;\r\r<br/>      2nd Priority 0 &lt;NeverRun 0, RandomMore 0, Stable 0&gt;\r\r<br/>     Time: 0:19 &lt;Each 19.38&gt;\r\r<br/>     Pure: 0:19 &lt;Each 19.16 Compare 1.0&gt;\r\r<br/>     Threads 3.0 &lt;3&gt;\r\r<br/>    Log Folder: \\\\nebula-01\\TestLog\\C82829_.1\\BLL_From_VM_W7_64_1608\\MyTestResults\\BllLogs\r\r<br/>    Default_NA_R140104_T3000A_UHFB2.log\r\r<br/>    PCRPackunPack_DebugTest.log\r\r<br/>    Compile_NA_R140104_T3000A_UHFB2\r\r<br/>    \r\r<br/>    -----\r\r<br/>    SPELLCHECK_FAILED_IN_COMPILE\r\r<br/>       at BL.Operations.Operations.Compile(IBLDocument doc)\r<br/>           in \r<br/>           d:\\CI_1\\Sources\\Common_CPS_Platfrm\\Implementation\\RM2.0\\BusinessLogic\\Code\\Platform\\Features\\BL.Operations\\CompileOperations.cs:li\r<br/>           ne 78\r\r<br/>       at BL.Operations.Test.Utility.PCRCompilePbaCompare.Test(String pbaFile, Boolean isPureDefaultCodeplug, ICompileTestCoverage \r<br/>    compileTestCoverage)\r<br/>           in \r<br/>           d:\\CI_1\\Sources\\Common_CPS_Platfrm\\Implementation\\RM2.0\\BusinessLogic\\Code\\Tools\\Test\\BL.Operations.GatedCheckInTest\\Utility\\PCRCo\r<br/>           mpilePbaCompare.cs:line 57\r\r<br/>       at BL.Operations.Test.Utility.PCRCompilePbaCompare.CompareCompileCodeplug(String pbaFile, String logFileName)\r<br/>           in \r<br/>           d:\\CI_1\\Sources\\Common_CPS_Platfrm\\Implementation\\RM2.0\\BusinessLogic\\Code\\Tools\\Test\\BL.Operations.GatedCheckInTest\\Utility\\PCRCo\r<br/>           mpilePbaCompare.cs:line 93\r\r<br/>       at BL.Operations.Test.Utility.Queue.QueueTestDataFiles.RunTestOnSingleFile(List`1 methods, DataFileKey key)\r<br/>           in \r<br/>           d:\\CI_1\\Sources\\Common_CPS_Platfrm\\Implementation\\RM2.0\\BusinessLogic\\Code\\Tools\\Test\\BL.Operations.GatedCheckInTest\\Utility\\Queue\r<br/>           TestDataFiles.cs:line 944\r\r<br/>    -----\r\r<br/>    \r\r<br/>    \r\r<br/>    \r\r<br/>    StackTrace:\r\r<br/>       at BL.Operation.PostCheckInTest.PCRCompileTest.PCRPackunPack_DebugTest()\r<br/>           in \r<br/>           d:\\CI_1\\Sources\\Common_CPS_Platfrm\\Implementation\\RM2.0\\BusinessLogic\\Code\\Tools\\Test\\BL.Operation.PostCheckInTest\\PCRConfiguratio\r<br/>           nTest\\PCRCompileTest.cs:line 84\r\r<br/>    \r\r<br/>    \r<br/>"
        },
        {
            "Version": 82827,
            "Passed": false,
            "TestRun": "726d25f3-785e-4736-b7c2-8fc7bbaf28d9",
            "RunType": "PostCheckin",
            "Message": "Full Name: \r<br/>    BLLTest_PCT:BL.Operation.PostCheckInTest.PCRCompileTest.PCRPackunPack_DebugTest\r<br/>Message Version: \r<br/>    82827\r<br/>Message:\r<br/>    Error Message:\r\r<br/>    Assert.IsTrue failed. Case: [FAILED]\r\r<br/>    PCRPackunPack_DebugTest\r\r<br/>     Rounds 0\r\r<br/>     Tested Files 1\r\r<br/>     Result: &lt;Pass 0, Fail 1&gt;\r\r<br/>     Picked Files: 1/1\r\r<br/>      1st Priority 1 &lt;Unstable 0, Specified 1, RandomAtLeast 0&gt;\r\r<br/>      2nd Priority 0 &lt;NeverRun 0, RandomMore 0, Stable 0&gt;\r\r<br/>     Time: 0:25 &lt;Each 25.56&gt;\r\r<br/>     Pure: 0:25 &lt;Each 25.35 Compare 1.0&gt;\r\r<br/>     Threads 3.0 &lt;3&gt;\r\r<br/>    Log Folder: \\\\nebula-01\\TestLog\\C82827_.1\\BLL_From_VM_W7_64_0402\\MyTestResults\\BllLogs\r\r<br/>    Default_NA_R140104_T3000A_UHFB2.log\r\r<br/>    PCRPackunPack_DebugTest.log\r\r<br/>    Compile_NA_R140104_T3000A_UHFB2\r\r<br/>    \r\r<br/>    -----\r\r<br/>    SPELLCHECK_FAILED_IN_COMPILE\r\r<br/>       at BL.Operations.Operations.Compile(IBLDocument doc)\r<br/>           in \r<br/>           d:\\CI_1\\Sources\\Common_CPS_Platfrm\\Implementation\\RM2.0\\BusinessLogic\\Code\\Platform\\Features\\BL.Operations\\CompileOperations.cs:li\r<br/>           ne 78\r\r<br/>       at BL.Operations.Test.Utility.PCRCompilePbaCompare.Test(String pbaFile, Boolean isPureDefaultCodeplug, ICompileTestCoverage \r<br/>    compileTestCoverage)\r<br/>           in \r<br/>           d:\\CI_1\\Sources\\Common_CPS_Platfrm\\Implementation\\RM2.0\\BusinessLogic\\Code\\Tools\\Test\\BL.Operations.GatedCheckInTest\\Utility\\PCRCo\r<br/>           mpilePbaCompare.cs:line 57\r\r<br/>       at BL.Operations.Test.Utility.PCRCompilePbaCompare.CompareCompileCodeplug(String pbaFile, String logFileName)\r<br/>           in \r<br/>           d:\\CI_1\\Sources\\Common_CPS_Platfrm\\Implementation\\RM2.0\\BusinessLogic\\Code\\Tools\\Test\\BL.Operations.GatedCheckInTest\\Utility\\PCRCo\r<br/>           mpilePbaCompare.cs:line 93\r\r<br/>       at BL.Operations.Test.Utility.Queue.QueueTestDataFiles.RunTestOnSingleFile(List`1 methods, DataFileKey key)\r<br/>           in \r<br/>           d:\\CI_1\\Sources\\Common_CPS_Platfrm\\Implementation\\RM2.0\\BusinessLogic\\Code\\Tools\\Test\\BL.Operations.GatedCheckInTest\\Utility\\Queue\r<br/>           TestDataFiles.cs:line 944\r\r<br/>    -----\r\r<br/>    \r\r<br/>    \r\r<br/>    \r\r<br/>    StackTrace:\r\r<br/>       at BL.Operation.PostCheckInTest.PCRCompileTest.PCRPackunPack_DebugTest()\r<br/>           in \r<br/>           d:\\CI_1\\Sources\\Common_CPS_Platfrm\\Implementation\\RM2.0\\BusinessLogic\\Code\\Tools\\Test\\BL.Operation.PostCheckInTest\\PCRConfiguratio\r<br/>           nTest\\PCRCompileTest.cs:line 84\r\r<br/>    \r\r<br/>    \r<br/>"
        },
        {
            "Version": 82811,
            "Passed": false,
            "TestRun": "620bc791-b3cc-42fa-8810-f027319c2cd7",
            "RunType": "PostCheckin",
            "Message": "Full Name: \r<br/>    BLLTest_PCT:BL.Operation.PostCheckInTest.PCRCompileTest.PCRPackunPack_DebugTest\r<br/>Message Version: \r<br/>    82811\r<br/>Message:\r<br/>    Error Message:\r\r<br/>    Assert.IsTrue failed. Case: [FAILED]\r\r<br/>    PCRPackunPack_DebugTest\r\r<br/>     Rounds 0\r\r<br/>     Tested Files 1\r\r<br/>     Result: &lt;Pass 0, Fail 1&gt;\r\r<br/>     Picked Files: 1/1\r\r<br/>      1st Priority 1 &lt;Unstable 0, Specified 1, RandomAtLeast 0&gt;\r\r<br/>      2nd Priority 0 &lt;NeverRun 0, RandomMore 0, Stable 0&gt;\r\r<br/>     Time: 0:42 &lt;Each 42.94&gt;\r\r<br/>     Pure: 0:42 &lt;Each 42.83 Compare 1.0&gt;\r\r<br/>     Threads 1.0 &lt;1&gt;\r\r<br/>    Log Folder: \\\\nebula-01\\TestLog\\C82811_.1\\BLL_From_VM_W7_64_1710\\MyTestResults\\BllLogs\r\r<br/>    Default_NA_R140104_T3000A_UHFB2.log\r\r<br/>    PCRPackunPack_DebugTest.log\r\r<br/>    Compile_NA_R140104_T3000A_UHFB2\r\r<br/>    \r\r<br/>    -----\r\r<br/>    SPELLCHECK_FAILED_IN_COMPILE\r\r<br/>       at BL.Operations.Operations.Compile(IBLDocument doc)\r<br/>           in \r<br/>           d:\\CI_1\\Sources\\Common_CPS_Platfrm\\Implementation\\RM2.0\\BusinessLogic\\Code\\Platform\\Features\\BL.Operations\\CompileOperations.cs:li\r<br/>           ne 78\r\r<br/>       at BL.Operations.Test.Utility.PCRCompilePbaCompare.Test(String pbaFile, Boolean isPureDefaultCodeplug, ICompileTestCoverage \r<br/>    compileTestCoverage)\r<br/>           in \r<br/>           d:\\CI_1\\Sources\\Common_CPS_Platfrm\\Implementation\\RM2.0\\BusinessLogic\\Code\\Tools\\Test\\BL.Operations.GatedCheckInTest\\Utility\\PCRCo\r<br/>           mpilePbaCompare.cs:line 57\r\r<br/>       at BL.Operations.Test.Utility.PCRCompilePbaCompare.CompareCompileCodeplug(String pbaFile, String logFileName)\r<br/>           in \r<br/>           d:\\CI_1\\Sources\\Common_CPS_Platfrm\\Implementation\\RM2.0\\BusinessLogic\\Code\\Tools\\Test\\BL.Operations.GatedCheckInTest\\Utility\\PCRCo\r<br/>           mpilePbaCompare.cs:line 93\r\r<br/>       at BL.Operations.Test.Utility.Queue.QueueTestDataFiles.RunTestOnSingleFile(List`1 methods, DataFileKey key)\r<br/>           in \r<br/>           d:\\CI_1\\Sources\\Common_CPS_Platfrm\\Implementation\\RM2.0\\BusinessLogic\\Code\\Tools\\Test\\BL.Operations.GatedCheckInTest\\Utility\\Queue\r<br/>           TestDataFiles.cs:line 944\r\r<br/>    -----\r\r<br/>    \r\r<br/>    \r\r<br/>    \r\r<br/>    StackTrace:\r\r<br/>       at BL.Operation.PostCheckInTest.PCRCompileTest.PCRPackunPack_DebugTest()\r<br/>           in \r<br/>           d:\\CI_1\\Sources\\Common_CPS_Platfrm\\Implementation\\RM2.0\\BusinessLogic\\Code\\Tools\\Test\\BL.Operation.PostCheckInTest\\PCRConfiguratio\r<br/>           nTest\\PCRCompileTest.cs:line 84\r\r<br/>    \r\r<br/>    \r<br/>"
        },
        {
            "Version": 82799,
            "Passed": false,
            "TestRun": "0b4437f3-2f83-4304-ba5c-f5f608ae8b59",
            "RunType": "PostCheckin",
            "Message": "Full Name: \r<br/>    BLLTest_PCT:BL.Operation.PostCheckInTest.PCRCompileTest.PCRPackunPack_DebugTest\r<br/>Message Version: \r<br/>    82799\r<br/>Message:\r<br/>    Error Message:\r\r<br/>    Assert.IsTrue failed. Case: [FAILED]\r\r<br/>    PCRPackunPack_DebugTest\r\r<br/>     Rounds 0 Threads 4 1.0\r\r<br/>     Tested Files 1\r\r<br/>     Result: &lt;Pass 0, Fail 1&gt;\r\r<br/>     Picked Files: 1/1\r\r<br/>      1st Priority 1 &lt;Unstable 0, Specified 1, RandomAtLeast 0&gt;\r\r<br/>      2nd Priority 0 &lt;NeverRun 0, RandomMore 0, Stable 0&gt;\r\r<br/>     Time: 0:25 &lt;Each 25.61&gt;\r\r<br/>     Pure: 0:25 &lt;Each 25.40 Compare 1.0&gt;\r\r<br/>    Log Folder: \\\\nebula-01\\TestLog\\C82799_.1\\BLL_From_VM_W7_64_0502\\MyTestResults\\BllLogs\r\r<br/>    Default_NA_R140104_T3000A_UHFB2.log\r\r<br/>    PCRPackunPack_DebugTest.log\r\r<br/>    Compile_NA_R140104_T3000A_UHFB2\r\r<br/>    \r\r<br/>    -----\r\r<br/>    SPELLCHECK_FAILED_IN_COMPILE\r\r<br/>       at BL.Operations.Operations.Compile(IBLDocument doc)\r<br/>           in \r<br/>           d:\\CI_1\\Sources\\Common_CPS_Platfrm\\Implementation\\RM2.0\\BusinessLogic\\Code\\Platform\\Features\\BL.Operations\\CompileOperations.cs:li\r<br/>           ne 78\r\r<br/>       at BL.Operations.Test.Utility.PCRCompilePbaCompare.Test(String pbaFile, Boolean isPureDefaultCodeplug, ICompileTestCoverage \r<br/>    compileTestCoverage)\r<br/>           in \r<br/>           d:\\CI_1\\Sources\\Common_CPS_Platfrm\\Implementation\\RM2.0\\BusinessLogic\\Code\\Tools\\Test\\BL.Operations.GatedCheckInTest\\Utility\\PCRCo\r<br/>           mpilePbaCompare.cs:line 57\r\r<br/>       at BL.Operations.Test.Utility.PCRCompilePbaCompare.CompareCompileCodeplug(String pbaFile, String logFileName)\r<br/>           in \r<br/>           d:\\CI_1\\Sources\\Common_CPS_Platfrm\\Implementation\\RM2.0\\BusinessLogic\\Code\\Tools\\Test\\BL.Operations.GatedCheckInTest\\Utility\\PCRCo\r<br/>           mpilePbaCompare.cs:line 93\r\r<br/>       at BL.Operations.Test.Utility.Queue.QueueTestDataFiles.RunTestOnSingleFile(List`1 methods, DataFileKey key)\r<br/>           in \r<br/>           d:\\CI_1\\Sources\\Common_CPS_Platfrm\\Implementation\\RM2.0\\BusinessLogic\\Code\\Tools\\Test\\BL.Operations.GatedCheckInTest\\Utility\\Queue\r<br/>           TestDataFiles.cs:line 944\r\r<br/>    -----\r\r<br/>    \r\r<br/>    \r\r<br/>    \r\r<br/>    StackTrace:\r\r<br/>       at BL.Operation.PostCheckInTest.PCRCompileTest.PCRPackunPack_DebugTest()\r<br/>           in \r<br/>           d:\\CI_1\\Sources\\Common_CPS_Platfrm\\Implementation\\RM2.0\\BusinessLogic\\Code\\Tools\\Test\\BL.Operation.PostCheckInTest\\PCRConfiguratio\r<br/>           nTest\\PCRCompileTest.cs:line 84\r\r<br/>    \r\r<br/>    \r<br/>"
        },
        {
            "Version": 82790,
            "Passed": false,
            "TestRun": "9c866296-5b61-46d0-86ad-2e555b458072",
            "RunType": "PostCheckin",
            "Message": "Full Name: \r<br/>    BLLTest_PCT:BL.Operation.PostCheckInTest.PCRCompileTest.PCRPackunPack_DebugTest\r<br/>Message Version: \r<br/>    82790\r<br/>Message:\r<br/>    Error Message:\r\r<br/>    Assert.IsTrue failed. Case: [FAILED]\r\r<br/>    PCRPackunPack_DebugTest\r\r<br/>     Rounds 0 Threads 4 1.0\r\r<br/>     Tested Files 1\r\r<br/>     Result: &lt;Pass 0, Fail 1&gt;\r\r<br/>     Picked Files: 1/1\r\r<br/>      1st Priority 1 &lt;Unstable 0, Specified 1, RandomAtLeast 0&gt;\r\r<br/>      2nd Priority 0 &lt;NeverRun 0, RandomMore 0, Stable 0&gt;\r\r<br/>     Time: 0:20 &lt;Each 20.78&gt;\r\r<br/>     Pure: 0:20 &lt;Each 20.65 Compare 1.0&gt;\r\r<br/>    Log Folder: \\\\nebula-01\\TestLog\\C82790_.1\\BLL_From_VM_W7_64_1404\\MyTestResults\\BllLogs\r\r<br/>    Default_NA_R140104_T3000A_UHFB2.log\r\r<br/>    PCRPackunPack_DebugTest.log\r\r<br/>    Compile_NA_R140104_T3000A_UHFB2\r\r<br/>    \r\r<br/>    -----\r\r<br/>    SPELLCHECK_FAILED_IN_COMPILE\r\r<br/>       at BL.Operations.Operations.Compile(IBLDocument doc)\r<br/>           in \r<br/>           d:\\CI_1\\Sources\\Common_CPS_Platfrm\\Implementation\\RM2.0\\BusinessLogic\\Code\\Platform\\Features\\BL.Operations\\CompileOperations.cs:li\r<br/>           ne 78\r\r<br/>       at BL.Operations.Test.Utility.PCRCompilePbaCompare.Test(String pbaFile, Boolean isPureDefaultCodeplug, ICompileTestCoverage \r<br/>    compileTestCoverage)\r<br/>           in \r<br/>           d:\\CI_1\\Sources\\Common_CPS_Platfrm\\Implementation\\RM2.0\\BusinessLogic\\Code\\Tools\\Test\\BL.Operations.GatedCheckInTest\\Utility\\PCRCo\r<br/>           mpilePbaCompare.cs:line 57\r\r<br/>       at BL.Operations.Test.Utility.PCRCompilePbaCompare.CompareCompileCodeplug(String pbaFile, String logFileName)\r<br/>           in \r<br/>           d:\\CI_1\\Sources\\Common_CPS_Platfrm\\Implementation\\RM2.0\\BusinessLogic\\Code\\Tools\\Test\\BL.Operations.GatedCheckInTest\\Utility\\PCRCo\r<br/>           mpilePbaCompare.cs:line 93\r\r<br/>       at BL.Operations.Test.Utility.Queue.QueueTestDataFiles.RunTestOnSingleFile(List`1 methods, DataFileKey key)\r<br/>           in \r<br/>           d:\\CI_1\\Sources\\Common_CPS_Platfrm\\Implementation\\RM2.0\\BusinessLogic\\Code\\Tools\\Test\\BL.Operations.GatedCheckInTest\\Utility\\Queue\r<br/>           TestDataFiles.cs:line 944\r\r<br/>    -----\r\r<br/>    \r\r<br/>    \r\r<br/>    \r\r<br/>    StackTrace:\r\r<br/>       at BL.Operation.PostCheckInTest.PCRCompileTest.PCRPackunPack_DebugTest()\r<br/>           in \r<br/>           d:\\CI_1\\Sources\\Common_CPS_Platfrm\\Implementation\\RM2.0\\BusinessLogic\\Code\\Tools\\Test\\BL.Operation.PostCheckInTest\\PCRConfiguratio\r<br/>           nTest\\PCRCompileTest.cs:line 84\r\r<br/>    \r\r<br/>    \r<br/>"
        },
        {
            "Version": 82787,
            "Passed": false,
            "TestRun": "de6701cf-b605-4dbf-b214-9e881e0974b0",
            "RunType": "PostCheckin",
            "Message": "Full Name: \r<br/>    BLLTest_PCT:BL.Operation.PostCheckInTest.PCRCompileTest.PCRPackunPack_DebugTest\r<br/>Message Version: \r<br/>    82787\r<br/>Message:\r<br/>    Error Message:\r\r<br/>    Assert.IsTrue failed. Case: [FAILED]\r\r<br/>    PCRPackunPack_DebugTest\r\r<br/>     Rounds 0 Threads 4 1.0\r\r<br/>     Tested Files 1\r\r<br/>     Result: &lt;Pass 0, Fail 1&gt;\r\r<br/>     Picked Files: 1/1\r\r<br/>      1st Priority 1 &lt;Unstable 0, Specified 1, RandomAtLeast 0&gt;\r\r<br/>      2nd Priority 0 &lt;NeverRun 0, RandomMore 0, Stable 0&gt;\r\r<br/>     Time: 0:21 &lt;Each 21.03&gt;\r\r<br/>     Pure: 0:20 &lt;Each 20.85 Compare 1.0&gt;\r\r<br/>    Log Folder: \\\\nebula-01\\TestLog\\C82787_.1\\BLL_From_VM_W7_64_0301\\MyTestResults\\BllLogs\r\r<br/>    Default_NA_R140104_T3000A_UHFB2.log\r\r<br/>    PCRPackunPack_DebugTest.log\r\r<br/>    Compile_NA_R140104_T3000A_UHFB2\r\r<br/>    \r\r<br/>    -----\r\r<br/>    SPELLCHECK_FAILED_IN_COMPILE\r\r<br/>       at BL.Operations.Operations.Compile(IBLDocument doc)\r<br/>           in \r<br/>           d:\\CI_1\\Sources\\Common_CPS_Platfrm\\Implementation\\RM2.0\\BusinessLogic\\Code\\Platform\\Features\\BL.Operations\\CompileOperations.cs:li\r<br/>           ne 78\r\r<br/>       at BL.Operations.Test.Utility.PCRCompilePbaCompare.Test(String pbaFile, Boolean isPureDefaultCodeplug, ICompileTestCoverage \r<br/>    compileTestCoverage)\r<br/>           in \r<br/>           d:\\CI_1\\Sources\\Common_CPS_Platfrm\\Implementation\\RM2.0\\BusinessLogic\\Code\\Tools\\Test\\BL.Operations.GatedCheckInTest\\Utility\\PCRCo\r<br/>           mpilePbaCompare.cs:line 57\r\r<br/>       at BL.Operations.Test.Utility.PCRCompilePbaCompare.CompareCompileCodeplug(String pbaFile, String logFileName)\r<br/>           in \r<br/>           d:\\CI_1\\Sources\\Common_CPS_Platfrm\\Implementation\\RM2.0\\BusinessLogic\\Code\\Tools\\Test\\BL.Operations.GatedCheckInTest\\Utility\\PCRCo\r<br/>           mpilePbaCompare.cs:line 93\r\r<br/>       at BL.Operations.Test.Utility.Queue.QueueTestDataFiles.RunTestOnSingleFile(List`1 methods, DataFileKey key)\r<br/>           in \r<br/>           d:\\CI_1\\Sources\\Common_CPS_Platfrm\\Implementation\\RM2.0\\BusinessLogic\\Code\\Tools\\Test\\BL.Operations.GatedCheckInTest\\Utility\\Queue\r<br/>           TestDataFiles.cs:line 944\r\r<br/>    -----\r\r<br/>    \r\r<br/>    \r\r<br/>    \r\r<br/>    StackTrace:\r\r<br/>       at BL.Operation.PostCheckInTest.PCRCompileTest.PCRPackunPack_DebugTest()\r<br/>           in \r<br/>           d:\\CI_1\\Sources\\Common_CPS_Platfrm\\Implementation\\RM2.0\\BusinessLogic\\Code\\Tools\\Test\\BL.Operation.PostCheckInTest\\PCRConfiguratio\r<br/>           nTest\\PCRCompileTest.cs:line 84\r\r<br/>    \r\r<br/>    \r<br/>"
        },
        {
            "Version": 82780,
            "Passed": false,
            "TestRun": "d034e6e1-c34e-421b-9562-7c8e7a42eb37",
            "RunType": "PostCheckin",
            "Message": "Full Name: \r<br/>    BLLTest_PCT:BL.Operation.PostCheckInTest.PCRCompileTest.PCRPackunPack_DebugTest\r<br/>Message Version: \r<br/>    82780\r<br/>Message:\r<br/>    Error Message:\r\r<br/>    Assert.IsTrue failed. Case: [FAILED]\r\r<br/>    PCRPackunPack_DebugTest\r\r<br/>     Rounds 0 Threads 4 1.0\r\r<br/>     Tested Files 1\r\r<br/>     Result: &lt;Pass 0, Fail 1&gt;\r\r<br/>     Picked Files: 1/1\r\r<br/>      1st Priority 1 &lt;Unstable 0, Specified 1, RandomAtLeast 0&gt;\r\r<br/>      2nd Priority 0 &lt;NeverRun 0, RandomMore 0, Stable 0&gt;\r\r<br/>     Time: 0:27 &lt;Each 27.70&gt;\r\r<br/>     Pure: 0:27 &lt;Each 27.45 Compare 1.0&gt;\r\r<br/>    Log Folder: \\\\nebula-01\\TestLog\\C82780_.1\\BLL_From_VM_W7_64_0304\\MyTestResults\\BllLogs\r\r<br/>    Default_NA_R140104_T3000A_UHFB2.log\r\r<br/>    PCRPackunPack_DebugTest.log\r\r<br/>    Compile_NA_R140104_T3000A_UHFB2\r\r<br/>    \r\r<br/>    -----\r\r<br/>    SPELLCHECK_FAILED_IN_COMPILE\r\r<br/>       at BL.Operations.Operations.Compile(IBLDocument doc)\r<br/>           in \r<br/>           d:\\CI_1\\Sources\\Common_CPS_Platfrm\\Implementation\\RM2.0\\BusinessLogic\\Code\\Platform\\Features\\BL.Operations\\CompileOperations.cs:li\r<br/>           ne 78\r\r<br/>       at BL.Operations.Test.Utility.PCRCompilePbaCompare.Test(String pbaFile, Boolean isPureDefaultCodeplug, ICompileTestCoverage \r<br/>    compileTestCoverage)\r<br/>           in \r<br/>           d:\\CI_1\\Sources\\Common_CPS_Platfrm\\Implementation\\RM2.0\\BusinessLogic\\Code\\Tools\\Test\\BL.Operations.GatedCheckInTest\\Utility\\PCRCo\r<br/>           mpilePbaCompare.cs:line 57\r\r<br/>       at BL.Operations.Test.Utility.PCRCompilePbaCompare.CompareCompileCodeplug(String pbaFile, String logFileName)\r<br/>           in \r<br/>           d:\\CI_1\\Sources\\Common_CPS_Platfrm\\Implementation\\RM2.0\\BusinessLogic\\Code\\Tools\\Test\\BL.Operations.GatedCheckInTest\\Utility\\PCRCo\r<br/>           mpilePbaCompare.cs:line 93\r\r<br/>       at BL.Operations.Test.Utility.Queue.QueueTestDataFiles.RunTestOnSingleFile(List`1 methods, DataFileKey key)\r<br/>           in \r<br/>           d:\\CI_1\\Sources\\Common_CPS_Platfrm\\Implementation\\RM2.0\\BusinessLogic\\Code\\Tools\\Test\\BL.Operations.GatedCheckInTest\\Utility\\Queue\r<br/>           TestDataFiles.cs:line 933\r\r<br/>    -----\r\r<br/>    \r\r<br/>    \r\r<br/>    \r\r<br/>    StackTrace:\r\r<br/>       at BL.Operation.PostCheckInTest.PCRCompileTest.PCRPackunPack_DebugTest()\r<br/>           in \r<br/>           d:\\CI_1\\Sources\\Common_CPS_Platfrm\\Implementation\\RM2.0\\BusinessLogic\\Code\\Tools\\Test\\BL.Operation.PostCheckInTest\\PCRConfiguratio\r<br/>           nTest\\PCRCompileTest.cs:line 84\r\r<br/>    \r\r<br/>    \r<br/>"
        },
        {
            "Version": 82771,
            "Passed": false,
            "TestRun": "5a86a396-2636-4cca-9ca5-a9c132a3a018",
            "RunType": "PostCheckin",
            "Message": "Full Name: \r<br/>    BLLTest_PCT:BL.Operation.PostCheckInTest.PCRCompileTest.PCRPackunPack_DebugTest\r<br/>Message Version: \r<br/>    82771\r<br/>Message:\r<br/>    Error Message:\r\r<br/>    Assert.IsTrue failed. Case: [FAILED]\r\r<br/>    PCRPackunPack_DebugTest\r\r<br/>     Rounds 0 Threads 4 1.0\r\r<br/>     Tested Files 1\r\r<br/>     Result: &lt;Pass 0, Fail 1&gt;\r\r<br/>     Picked Files: 1/1\r\r<br/>      1st Priority 1 &lt;Unstable 0, Specified 1, RandomAtLeast 0&gt;\r\r<br/>      2nd Priority 0 &lt;NeverRun 0, RandomMore 0, Stable 0&gt;\r\r<br/>     Time: 0:25 &lt;Each 25.72&gt;\r\r<br/>     Pure: 0:00:24 &lt;Each 24.65 Compare 1.0&gt;\r\r<br/>    Log Folder: \\\\nebula-01\\TestLog\\C82771_.1\\BLL_From_VM_W7_64_0902\\MyTestResults\\BllLogs\r\r<br/>    Default_NA_R140104_T3000A_UHFB2.log\r\r<br/>    PCRPackunPack_DebugTest.log\r\r<br/>    Compile_NA_R140104_T3000A_UHFB2\r\r<br/>    \r\r<br/>    -----\r\r<br/>    SPELLCHECK_FAILED_IN_COMPILE\r\r<br/>       at BL.Operations.Operations.Compile(IBLDocument doc)\r<br/>           in \r<br/>           d:\\CI_1\\Sources\\Common_CPS_Platfrm\\Implementation\\RM2.0\\BusinessLogic\\Code\\Platform\\Features\\BL.Operations\\CompileOperations.cs:li\r<br/>           ne 78\r\r<br/>       at BL.Operations.Test.Utility.PCRCompilePbaCompare.Test(String pbaFile, Boolean isPureDefaultCodeplug, ICompileTestCoverage \r<br/>    compileTestCoverage)\r<br/>           in \r<br/>           d:\\CI_1\\Sources\\Common_CPS_Platfrm\\Implementation\\RM2.0\\BusinessLogic\\Code\\Tools\\Test\\BL.Operations.GatedCheckInTest\\Utility\\PCRCo\r<br/>           mpilePbaCompare.cs:line 57\r\r<br/>       at BL.Operations.Test.Utility.PCRCompilePbaCompare.CompareCompileCodeplug(String pbaFile, String logFileName)\r<br/>           in \r<br/>           d:\\CI_1\\Sources\\Common_CPS_Platfrm\\Implementation\\RM2.0\\BusinessLogic\\Code\\Tools\\Test\\BL.Operations.GatedCheckInTest\\Utility\\PCRCo\r<br/>           mpilePbaCompare.cs:line 93\r\r<br/>       at BL.Operations.Test.Utility.Queue.QueueTestDataFiles.RunTestOnSingleFile(List`1 methods, DataFileKey key)\r<br/>           in \r<br/>           d:\\CI_1\\Sources\\Common_CPS_Platfrm\\Implementation\\RM2.0\\BusinessLogic\\Code\\Tools\\Test\\BL.Operations.GatedCheckInTest\\Utility\\Queue\r<br/>           TestDataFiles.cs:line 933\r\r<br/>    -----\r\r<br/>    \r\r<br/>    \r\r<br/>    \r\r<br/>    StackTrace:\r\r<br/>       at BL.Operation.PostCheckInTest.PCRCompileTest.PCRPackunPack_DebugTest()\r<br/>           in \r<br/>           d:\\CI_1\\Sources\\Common_CPS_Platfrm\\Implementation\\RM2.0\\BusinessLogic\\Code\\Tools\\Test\\BL.Operation.PostCheckInTest\\PCRConfiguratio\r<br/>           nTest\\PCRCompileTest.cs:line 84\r\r<br/>    \r\r<br/>    \r<br/>"
        },
        {
            "Version": 82766,
            "Passed": false,
            "TestRun": "f4d5b087-ed21-4932-ab19-ecec52e1cec8",
            "RunType": "PostCheckin",
            "Message": "Full Name: \r<br/>    BLLTest_PCT:BL.Operation.PostCheckInTest.PCRCompileTest.PCRPackunPack_DebugTest\r<br/>Message Version: \r<br/>    82766\r<br/>Message:\r<br/>    Error Message:\r\r<br/>    Assert.IsTrue failed. Case: [FAILED]\r\r<br/>    PCRPackunPack_DebugTest\r\r<br/>     Rounds 0 Threads 4 1.0\r\r<br/>     Tested Files 1\r\r<br/>     Result: &lt;Pass 0, Fail 1&gt;\r\r<br/>     Picked Files: 1/1\r\r<br/>      1st Priority 1 &lt;Unstable 0, Specified 1, RandomAtLeast 0&gt;\r\r<br/>      2nd Priority 0 &lt;NeverRun 0, RandomMore 0, Stable 0&gt;\r\r<br/>     Time: 0:28 &lt;Each 28.55&gt;\r\r<br/>     Pure: 0:00:28 &lt;Each 28.41 Compare 1.0&gt;\r\r<br/>    Log Folder: \\\\nebula-01\\TestLog\\C82766_.1\\BLL_From_VM_W7_64_0612\\MyTestResults\\BllLogs\r\r<br/>    Default_NA_R140104_T3000A_UHFB2.log\r\r<br/>    PCRPackunPack_DebugTest.log\r\r<br/>    Compile_NA_R140104_T3000A_UHFB2\r\r<br/>    \r\r<br/>    -----\r\r<br/>    SPELLCHECK_FAILED_IN_COMPILE\r\r<br/>       at BL.Operations.Operations.Compile(IBLDocument doc)\r<br/>           in \r<br/>           d:\\CI_1\\Sources\\Common_CPS_Platfrm\\Implementation\\RM2.0\\BusinessLogic\\Code\\Platform\\Features\\BL.Operations\\CompileOperations.cs:li\r<br/>           ne 78\r\r<br/>       at BL.Operations.Test.Utility.PCRCompilePbaCompare.Test(String pbaFile, Boolean isPureDefaultCodeplug, ICompileTestCoverage \r<br/>    compileTestCoverage)\r<br/>           in \r<br/>           d:\\CI_1\\Sources\\Common_CPS_Platfrm\\Implementation\\RM2.0\\BusinessLogic\\Code\\Tools\\Test\\BL.Operations.GatedCheckInTest\\Utility\\PCRCo\r<br/>           mpilePbaCompare.cs:line 57\r\r<br/>       at BL.Operations.Test.Utility.PCRCompilePbaCompare.CompareCompileCodeplug(String pbaFile, String logFileName)\r<br/>           in \r<br/>           d:\\CI_1\\Sources\\Common_CPS_Platfrm\\Implementation\\RM2.0\\BusinessLogic\\Code\\Tools\\Test\\BL.Operations.GatedCheckInTest\\Utility\\PCRCo\r<br/>           mpilePbaCompare.cs:line 93\r\r<br/>       at BL.Operations.Test.Utility.Queue.QueueTestDataFiles.RunTestOnSingleFile(List`1 methods, DataFileKey key)\r<br/>           in \r<br/>           d:\\CI_1\\Sources\\Common_CPS_Platfrm\\Implementation\\RM2.0\\BusinessLogic\\Code\\Tools\\Test\\BL.Operations.GatedCheckInTest\\Utility\\Queue\r<br/>           TestDataFiles.cs:line 933\r\r<br/>    -----\r\r<br/>    \r\r<br/>    \r\r<br/>    \r\r<br/>    StackTrace:\r\r<br/>       at BL.Operation.PostCheckInTest.PCRCompileTest.PCRPackunPack_DebugTest()\r<br/>           in \r<br/>           d:\\CI_1\\Sources\\Common_CPS_Platfrm\\Implementation\\RM2.0\\BusinessLogic\\Code\\Tools\\Test\\BL.Operation.PostCheckInTest\\PCRConfiguratio\r<br/>           nTest\\PCRCompileTest.cs:line 84\r\r<br/>    \r\r<br/>    \r<br/>"
        },
        {
            "Version": 82765,
            "Passed": false,
            "TestRun": "9d76e5ab-540d-4a00-b463-b7722955de7c",
            "RunType": "PostCheckin",
            "Message": "Full Name: \r<br/>    BLLTest_PCT:BL.Operation.PostCheckInTest.PCRCompileTest.PCRPackunPack_DebugTest\r<br/>Message Version: \r<br/>    82765\r<br/>Message:\r<br/>    Error Message:\r\r<br/>    Assert.IsTrue failed. Case: [FAILED]\r\r<br/>    PCRPackunPack_DebugTest\r\r<br/>     Rounds 0 Threads 4 1.0\r\r<br/>     Tested Files 1\r\r<br/>     Result: &lt;Pass 0, Fail 1&gt;\r\r<br/>     Picked Files: 1/1\r\r<br/>      1st Priority 1 &lt;Unstable 0, Specified 1, RandomAtLeast 0&gt;\r\r<br/>      2nd Priority 0 &lt;NeverRun 0, RandomMore 0, Stable 0&gt;\r\r<br/>     Time: 0:16 &lt;Each 16.09&gt;\r\r<br/>     Pure: 0:00:15 &lt;Each 15.87 Compare 1.0&gt;\r\r<br/>    Log Folder: \\\\nebula-01\\TestLog\\C82765_.1\\BLL_From_VM_W7_64_2006\\MyTestResults\\BllLogs\r\r<br/>    Default_NA_R140104_T3000A_UHFB2.log\r\r<br/>    PCRPackunPack_DebugTest.log\r\r<br/>    Compile_NA_R140104_T3000A_UHFB2\r\r<br/>    \r\r<br/>    -----\r\r<br/>    SPELLCHECK_FAILED_IN_COMPILE\r\r<br/>       at BL.Operations.Operations.Compile(IBLDocument doc)\r<br/>           in \r<br/>           d:\\CI_1\\Sources\\Common_CPS_Platfrm\\Implementation\\RM2.0\\BusinessLogic\\Code\\Platform\\Features\\BL.Operations\\CompileOperations.cs:li\r<br/>           ne 78\r\r<br/>       at BL.Operations.Test.Utility.PCRCompilePbaCompare.Test(String pbaFile, Boolean isPureDefaultCodeplug, ICompileTestCoverage \r<br/>    compileTestCoverage)\r<br/>           in \r<br/>           d:\\CI_1\\Sources\\Common_CPS_Platfrm\\Implementation\\RM2.0\\BusinessLogic\\Code\\Tools\\Test\\BL.Operations.GatedCheckInTest\\Utility\\PCRCo\r<br/>           mpilePbaCompare.cs:line 57\r\r<br/>       at BL.Operations.Test.Utility.PCRCompilePbaCompare.CompareCompileCodeplug(String pbaFile, String logFileName)\r<br/>           in \r<br/>           d:\\CI_1\\Sources\\Common_CPS_Platfrm\\Implementation\\RM2.0\\BusinessLogic\\Code\\Tools\\Test\\BL.Operations.GatedCheckInTest\\Utility\\PCRCo\r<br/>           mpilePbaCompare.cs:line 93\r\r<br/>       at BL.Operations.Test.Utility.Queue.QueueTestDataFiles.RunTestOnSingleFile(List`1 methods, DataFileKey key)\r<br/>           in \r<br/>           d:\\CI_1\\Sources\\Common_CPS_Platfrm\\Implementation\\RM2.0\\BusinessLogic\\Code\\Tools\\Test\\BL.Operations.GatedCheckInTest\\Utility\\Queue\r<br/>           TestDataFiles.cs:line 933\r\r<br/>    -----\r\r<br/>    \r\r<br/>    \r\r<br/>    \r\r<br/>    StackTrace:\r\r<br/>       at BL.Operation.PostCheckInTest.PCRCompileTest.PCRPackunPack_DebugTest()\r<br/>           in \r<br/>           d:\\CI_1\\Sources\\Common_CPS_Platfrm\\Implementation\\RM2.0\\BusinessLogic\\Code\\Tools\\Test\\BL.Operation.PostCheckInTest\\PCRConfiguratio\r<br/>           nTest\\PCRCompileTest.cs:line 84\r\r<br/>    \r\r<br/>    \r<br/>"
        },
        {
            "Version": 82764,
            "Passed": false,
            "TestRun": "f87742d6-08b8-4cfe-b1d3-8e0d4faca148",
            "RunType": "PostCheckin",
            "Message": "Full Name: \r<br/>    BLLTest_PCT:BL.Operation.PostCheckInTest.PCRCompileTest.PCRPackunPack_DebugTest\r<br/>Message Version: \r<br/>    82764\r<br/>Message:\r<br/>    Error Message:\r\r<br/>    Assert.IsTrue failed. Case: [FAILED]\r\r<br/>    PCRPackunPack_DebugTest\r\r<br/>    Rounds 0\r\r<br/>     Tested Files 1\r\r<br/>     Result: &lt;Pass 0, Fail 1&gt;\r\r<br/>     Picked Files: 1/1\r\r<br/>      1st Priority 1 &lt;Unstable 0, Specified 1, RandomAtLeast 0&gt;\r\r<br/>      2nd Priority 0 &lt;NeverRun 0, RandomMore 0, Stable 0&gt;\r\r<br/>     Time: 0:43 &lt;Each 43.3&gt;\r\r<br/>     Pure: 0:00:43 &lt;Each 43.1 Compare 1.0&gt;\r\r<br/>    Log Folder: \\\\nebula-01\\TestLog\\C82764_.1\\BLL_From_VM_W7_64_0412\\MyTestResults\\BllLogs\r\r<br/>    Default_NA_R140104_T3000A_UHFB2.log\r\r<br/>    PCRPackunPack_DebugTest.log\r\r<br/>    Compile_NA_R140104_T3000A_UHFB2\r\r<br/>    \r\r<br/>    -----\r\r<br/>    SPELLCHECK_FAILED_IN_COMPILE\r\r<br/>       at BL.Operations.Operations.Compile(IBLDocument doc)\r<br/>           in \r<br/>           d:\\CI_1\\Sources\\Common_CPS_Platfrm\\Implementation\\RM2.0\\BusinessLogic\\Code\\Platform\\Features\\BL.Operations\\CompileOperations.cs:li\r<br/>           ne 78\r\r<br/>       at BL.Operations.Test.Utility.PCRCompilePbaCompare.Test(String pbaFile, Boolean isPureDefaultCodeplug, ICompileTestCoverage \r<br/>    compileTestCoverage)\r<br/>           in \r<br/>           d:\\CI_1\\Sources\\Common_CPS_Platfrm\\Implementation\\RM2.0\\BusinessLogic\\Code\\Tools\\Test\\BL.Operations.GatedCheckInTest\\Utility\\PCRCo\r<br/>           mpilePbaCompare.cs:line 57\r\r<br/>       at BL.Operations.Test.Utility.PCRCompilePbaCompare.CompareCompileCodeplug(String pbaFile, String logFileName)\r<br/>           in \r<br/>           d:\\CI_1\\Sources\\Common_CPS_Platfrm\\Implementation\\RM2.0\\BusinessLogic\\Code\\Tools\\Test\\BL.Operations.GatedCheckInTest\\Utility\\PCRCo\r<br/>           mpilePbaCompare.cs:line 93\r\r<br/>       at BL.Operations.Test.Utility.Queue.QueueTestDataFiles.RunTestOnSingleFile(List`1 methods, DataFileKey key)\r<br/>           in \r<br/>           d:\\CI_1\\Sources\\Common_CPS_Platfrm\\Implementation\\RM2.0\\BusinessLogic\\Code\\Tools\\Test\\BL.Operations.GatedCheckInTest\\Utility\\Queue\r<br/>           TestDataFiles.cs:line 942\r\r<br/>    -----\r\r<br/>    \r\r<br/>    \r\r<br/>    \r\r<br/>    StackTrace:\r\r<br/>       at BL.Operation.PostCheckInTest.PCRCompileTest.PCRPackunPack_DebugTest()\r<br/>           in \r<br/>           d:\\CI_1\\Sources\\Common_CPS_Platfrm\\Implementation\\RM2.0\\BusinessLogic\\Code\\Tools\\Test\\BL.Operation.PostCheckInTest\\PCRConfiguratio\r<br/>           nTest\\PCRCompileTest.cs:line 84\r\r<br/>    \r\r<br/>    \r<br/>"
        },
        {
            "Version": 82762,
            "Passed": false,
            "TestRun": "d4c44a91-394f-4554-9971-70bd2fadc156",
            "RunType": "PostCheckin",
            "Message": "Full Name: \r<br/>    BLLTest_PCT:BL.Operation.PostCheckInTest.PCRCompileTest.PCRPackunPack_DebugTest\r<br/>Message Version: \r<br/>    82762\r<br/>Message:\r<br/>    Error Message:\r\r<br/>    Assert.IsTrue failed. Case: [FAILED]\r\r<br/>    PCRPackunPack_DebugTest\r\r<br/>    Rounds 0\r\r<br/>     Tested Files 1\r\r<br/>     Result: &lt;Pass 0, Fail 1&gt;\r\r<br/>     Picked Files: 1/1\r\r<br/>      1st Priority 1 &lt;Unstable 0, Specified 1, RandomAtLeast 0&gt;\r\r<br/>      2nd Priority 0 &lt;NeverRun 0, RandomMore 0, Stable 0&gt;\r\r<br/>     Time: 0:22 &lt;Each 22.1&gt;\r\r<br/>     Pure: 0:00:22 &lt;Each 22.1 Compare 1.0&gt;\r\r<br/>    Log Folder: \\\\nebula-01\\TestLog\\C82762_.1\\BLL_From_VM_W7_64_1112\\MyTestResults\\BllLogs\r\r<br/>    Default_NA_R140104_T3000A_UHFB2.log\r\r<br/>    PCRPackunPack_DebugTest.log\r\r<br/>    Compile_NA_R140104_T3000A_UHFB2\r\r<br/>    \r\r<br/>    -----\r\r<br/>    SPELLCHECK_FAILED_IN_COMPILE\r\r<br/>       at BL.Operations.Operations.Compile(IBLDocument doc)\r<br/>           in \r<br/>           d:\\CI_1\\Sources\\Common_CPS_Platfrm\\Implementation\\RM2.0\\BusinessLogic\\Code\\Platform\\Features\\BL.Operations\\CompileOperations.cs:li\r<br/>           ne 78\r\r<br/>       at BL.Operations.Test.Utility.PCRCompilePbaCompare.Test(String pbaFile, Boolean isPureDefaultCodeplug, ICompileTestCoverage \r<br/>    compileTestCoverage)\r<br/>           in \r<br/>           d:\\CI_1\\Sources\\Common_CPS_Platfrm\\Implementation\\RM2.0\\BusinessLogic\\Code\\Tools\\Test\\BL.Operations.GatedCheckInTest\\Utility\\PCRCo\r<br/>           mpilePbaCompare.cs:line 57\r\r<br/>       at BL.Operations.Test.Utility.PCRCompilePbaCompare.CompareCompileCodeplug(String pbaFile, String logFileName)\r<br/>           in \r<br/>           d:\\CI_1\\Sources\\Common_CPS_Platfrm\\Implementation\\RM2.0\\BusinessLogic\\Code\\Tools\\Test\\BL.Operations.GatedCheckInTest\\Utility\\PCRCo\r<br/>           mpilePbaCompare.cs:line 93\r\r<br/>       at BL.Operations.Test.Utility.Queue.QueueTestDataFiles.RunTestOnSingleFile(List`1 methods, DataFileKey key)\r<br/>           in \r<br/>           d:\\CI_1\\Sources\\Common_CPS_Platfrm\\Implementation\\RM2.0\\BusinessLogic\\Code\\Tools\\Test\\BL.Operations.GatedCheckInTest\\Utility\\Queue\r<br/>           TestDataFiles.cs:line 942\r\r<br/>    -----\r\r<br/>    \r\r<br/>    \r\r<br/>    \r\r<br/>    StackTrace:\r\r<br/>       at BL.Operation.PostCheckInTest.PCRCompileTest.PCRPackunPack_DebugTest()\r<br/>           in \r<br/>           d:\\CI_1\\Sources\\Common_CPS_Platfrm\\Implementation\\RM2.0\\BusinessLogic\\Code\\Tools\\Test\\BL.Operation.PostCheckInTest\\PCRConfiguratio\r<br/>           nTest\\PCRCompileTest.cs:line 84\r\r<br/>    \r\r<br/>    \r<br/>"
        },
        {
            "Version": 82746,
            "Passed": false,
            "TestRun": "107bfed4-72af-4771-b486-e7ec7d55d258",
            "RunType": "PostCheckin",
            "Message": "Full Name: \r<br/>    BLLTest_PCT:BL.Operation.PostCheckInTest.PCRCompileTest.PCRPackunPack_DebugTest\r<br/>Message Version: \r<br/>    82746\r<br/>Message:\r<br/>    Error Message:\r\r<br/>    Assert.IsTrue failed. Case: [FAILED]\r\r<br/>    PCRPackunPack_DebugTest\r\r<br/>    Rounds 0\r\r<br/>     Tested Files 1\r\r<br/>     Result: &lt;Pass 0, Fail 1&gt;\r\r<br/>     Picked Files: 1/1\r\r<br/>      1st Priority 1 &lt;Unstable 0, Specified 1, RandomAtLeast 0&gt;\r\r<br/>      2nd Priority 0 &lt;NeverRun 0, RandomMore 0, Stable 0&gt;\r\r<br/>     Time: 0:19 &lt;Each 19.8&gt;\r\r<br/>     Pure: 0:00:19 &lt;Each 19.6 Compare 1.0&gt;\r\r<br/>    Log Folder: \\\\nebula-01\\TestLog\\C82746_.1\\BLL_From_VM_W7_64_2207\\MyTestResults\\BllLogs\r\r<br/>    Default_NA_R140104_T3000A_UHFB2.log\r\r<br/>    PCRPackunPack_DebugTest.log\r\r<br/>    Compile_NA_R140104_T3000A_UHFB2\r\r<br/>    \r\r<br/>    -----\r\r<br/>    SPELLCHECK_FAILED_IN_COMPILE\r\r<br/>       at BL.Operations.Operations.Compile(IBLDocument doc)\r<br/>           in \r<br/>           d:\\CI_1\\Sources\\Common_CPS_Platfrm\\Implementation\\RM2.0\\BusinessLogic\\Code\\Platform\\Features\\BL.Operations\\CompileOperations.cs:li\r<br/>           ne 78\r\r<br/>       at BL.Operations.Test.Utility.PCRCompilePbaCompare.Test(String pbaFile, Boolean isPureDefaultCodeplug, ICompileTestCoverage \r<br/>    compileTestCoverage)\r<br/>           in \r<br/>           d:\\CI_1\\Sources\\Common_CPS_Platfrm\\Implementation\\RM2.0\\BusinessLogic\\Code\\Tools\\Test\\BL.Operations.GatedCheckInTest\\Utility\\PCRCo\r<br/>           mpilePbaCompare.cs:line 57\r\r<br/>       at BL.Operations.Test.Utility.PCRCompilePbaCompare.CompareCompileCodeplug(String pbaFile, String logFileName)\r<br/>           in \r<br/>           d:\\CI_1\\Sources\\Common_CPS_Platfrm\\Implementation\\RM2.0\\BusinessLogic\\Code\\Tools\\Test\\BL.Operations.GatedCheckInTest\\Utility\\PCRCo\r<br/>           mpilePbaCompare.cs:line 93\r\r<br/>       at BL.Operations.Test.Utility.Queue.QueueTestDataFiles.RunTestOnSingleFile(List`1 methods, DataFileKey key)\r<br/>           in \r<br/>           d:\\CI_1\\Sources\\Common_CPS_Platfrm\\Implementation\\RM2.0\\BusinessLogic\\Code\\Tools\\Test\\BL.Operations.GatedCheckInTest\\Utility\\Queue\r<br/>           TestDataFiles.cs:line 942\r\r<br/>    -----\r\r<br/>    \r\r<br/>    \r\r<br/>    \r\r<br/>    StackTrace:\r\r<br/>       at BL.Operation.PostCheckInTest.PCRCompileTest.PCRPackunPack_DebugTest()\r<br/>           in \r<br/>           d:\\CI_1\\Sources\\Common_CPS_Platfrm\\Implementation\\RM2.0\\BusinessLogic\\Code\\Tools\\Test\\BL.Operation.PostCheckInTest\\PCRConfiguratio\r<br/>           nTest\\PCRCompileTest.cs:line 84\r\r<br/>    \r\r<br/>    \r<br/>"
        },
        {
            "Version": 82730,
            "Passed": false,
            "TestRun": "b15863d9-868c-4d73-881c-76fe9b3e083c",
            "RunType": "PostCheckin",
            "Message": "Full Name: \r<br/>    BLLTest_PCT:BL.Operation.PostCheckInTest.PCRCompileTest.PCRPackunPack_DebugTest\r<br/>Message Version: \r<br/>    82730\r<br/>Message:\r<br/>    Error Message:\r\r<br/>    Assert.IsTrue failed. Case: [FAILED]\r\r<br/>    PCRPackunPack_DebugTest\r\r<br/>    Rounds 0\r\r<br/>     Tested Files 1\r\r<br/>     Result: &lt;Pass 0, Fail 1&gt;\r\r<br/>     Picked Files: 1/1\r\r<br/>      1st Priority 1 &lt;Unstable 0, Specified 1, RandomAtLeast 0&gt;\r\r<br/>      2nd Priority 0 &lt;NeverRun 0, RandomMore 0, Stable 0&gt;\r\r<br/>     Time: 0:21 &lt;Each 21.3&gt;\r\r<br/>     Pure: 0:00:20 &lt;Each 20.9 Compare 1.0&gt;\r\r<br/>    Log Folder: \\\\nebula-01\\TestLog\\C82730_.1\\BLL_From_VM_W7_64_1012\\MyTestResults\\BllLogs\r\r<br/>    Default_NA_R140104_T3000A_UHFB2.log\r\r<br/>    PCRPackunPack_DebugTest.log\r\r<br/>    Compile_NA_R140104_T3000A_UHFB2\r\r<br/>    \r\r<br/>    -----\r\r<br/>    SPELLCHECK_FAILED_IN_COMPILE\r\r<br/>       at BL.Operations.Operations.Compile(IBLDocument doc)\r<br/>           in \r<br/>           d:\\CI_1\\Sources\\Common_CPS_Platfrm\\Implementation\\RM2.0\\BusinessLogic\\Code\\Platform\\Features\\BL.Operations\\CompileOperations.cs:li\r<br/>           ne 78\r\r<br/>       at BL.Operations.Test.Utility.PCRCompilePbaCompare.Test(String pbaFile, Boolean isPureDefaultCodeplug, ICompileTestCoverage \r<br/>    compileTestCoverage)\r<br/>           in \r<br/>           d:\\CI_1\\Sources\\Common_CPS_Platfrm\\Implementation\\RM2.0\\BusinessLogic\\Code\\Tools\\Test\\BL.Operations.GatedCheckInTest\\Utility\\PCRCo\r<br/>           mpilePbaCompare.cs:line 57\r\r<br/>       at BL.Operations.Test.Utility.PCRCompilePbaCompare.CompareCompileCodeplug(String pbaFile, String logFileName)\r<br/>           in \r<br/>           d:\\CI_1\\Sources\\Common_CPS_Platfrm\\Implementation\\RM2.0\\BusinessLogic\\Code\\Tools\\Test\\BL.Operations.GatedCheckInTest\\Utility\\PCRCo\r<br/>           mpilePbaCompare.cs:line 93\r\r<br/>       at BL.Operations.Test.Utility.Queue.QueueTestDataFiles.RunTestOnSingleFile(List`1 methods, DataFileKey key)\r<br/>           in \r<br/>           d:\\CI_1\\Sources\\Common_CPS_Platfrm\\Implementation\\RM2.0\\BusinessLogic\\Code\\Tools\\Test\\BL.Operations.GatedCheckInTest\\Utility\\Queue\r<br/>           TestDataFiles.cs:line 942\r\r<br/>    -----\r\r<br/>    \r\r<br/>    \r\r<br/>    \r\r<br/>    StackTrace:\r\r<br/>       at BL.Operation.PostCheckInTest.PCRCompileTest.PCRPackunPack_DebugTest()\r<br/>           in \r<br/>           d:\\CI_1\\Sources\\Common_CPS_Platfrm\\Implementation\\RM2.0\\BusinessLogic\\Code\\Tools\\Test\\BL.Operation.PostCheckInTest\\PCRConfiguratio\r<br/>           nTest\\PCRCompileTest.cs:line 84\r\r<br/>    \r\r<br/>    \r<br/>"
        },
        {
            "Version": 82720,
            "Passed": false,
            "TestRun": "cf9431d9-58b9-4ade-b916-03a84ea79296",
            "RunType": "PostCheckin",
            "Message": "Full Name: \r<br/>    BLLTest_PCT:BL.Operation.PostCheckInTest.PCRCompileTest.PCRPackunPack_DebugTest\r<br/>Message Version: \r<br/>    82720\r<br/>Message:\r<br/>    Error Message:\r\r<br/>    Assert.IsTrue failed. Case: [FAILED]\r\r<br/>    PCRPackunPack_DebugTest\r\r<br/>    Rounds 0\r\r<br/>     Tested Files 1\r\r<br/>     Result: &lt;Pass 0, Fail 1&gt;\r\r<br/>     Picked Files: 1/1\r\r<br/>      1st Priority 1 &lt;Unstable 0, Specified 1, RandomAtLeast 0&gt;\r\r<br/>      2nd Priority 0 &lt;NeverRun 0, RandomMore 0, Stable 0&gt;\r\r<br/>     Time: 0:22 &lt;Each 22.1&gt;\r\r<br/>     Pure: 0:00:22 &lt;Each 22.0 Compare 1.0&gt;\r\r<br/>    Log Folder: \\\\nebula-01\\TestLog\\C82720_.1\\BLL_From_VM_W7_64_2112\\MyTestResults\\BllLogs\r\r<br/>    Default_NA_R140104_T3000A_UHFB2.log\r\r<br/>    PCRPackunPack_DebugTest.log\r\r<br/>    Compile_NA_R140104_T3000A_UHFB2\r\r<br/>    \r\r<br/>    -----\r\r<br/>    SPELLCHECK_FAILED_IN_COMPILE\r\r<br/>       at BL.Operations.Operations.Compile(IBLDocument doc)\r<br/>           in \r<br/>           d:\\CI_1\\Sources\\Common_CPS_Platfrm\\Implementation\\RM2.0\\BusinessLogic\\Code\\Platform\\Features\\BL.Operations\\CompileOperations.cs:li\r<br/>           ne 78\r\r<br/>       at BL.Operations.Test.Utility.PCRCompilePbaCompare.Test(String pbaFile, Boolean isPureDefaultCodeplug, ICompileTestCoverage \r<br/>    compileTestCoverage)\r<br/>           in \r<br/>           d:\\CI_1\\Sources\\Common_CPS_Platfrm\\Implementation\\RM2.0\\BusinessLogic\\Code\\Tools\\Test\\BL.Operations.GatedCheckInTest\\Utility\\PCRCo\r<br/>           mpilePbaCompare.cs:line 57\r\r<br/>       at BL.Operations.Test.Utility.PCRCompilePbaCompare.CompareCompileCodeplug(String pbaFile, String logFileName)\r<br/>           in \r<br/>           d:\\CI_1\\Sources\\Common_CPS_Platfrm\\Implementation\\RM2.0\\BusinessLogic\\Code\\Tools\\Test\\BL.Operations.GatedCheckInTest\\Utility\\PCRCo\r<br/>           mpilePbaCompare.cs:line 93\r\r<br/>       at BL.Operations.Test.Utility.Queue.QueueTestDataFiles.RunTestOnSingleFile(List`1 methods, DataFileKey key)\r<br/>           in \r<br/>           d:\\CI_1\\Sources\\Common_CPS_Platfrm\\Implementation\\RM2.0\\BusinessLogic\\Code\\Tools\\Test\\BL.Operations.GatedCheckInTest\\Utility\\Queue\r<br/>           TestDataFiles.cs:line 942\r\r<br/>    -----\r\r<br/>    \r\r<br/>    \r\r<br/>    \r\r<br/>    StackTrace:\r\r<br/>       at BL.Operation.PostCheckInTest.PCRCompileTest.PCRPackunPack_DebugTest()\r<br/>           in \r<br/>           d:\\CI_1\\Sources\\Common_CPS_Platfrm\\Implementation\\RM2.0\\BusinessLogic\\Code\\Tools\\Test\\BL.Operation.PostCheckInTest\\PCRConfiguratio\r<br/>           nTest\\PCRCompileTest.cs:line 84\r\r<br/>    \r\r<br/>    \r<br/>"
        },
        {
            "Version": 82715,
            "Passed": false,
            "TestRun": "3bc4adde-5a1a-49d5-af98-69e4df4de1bb",
            "RunType": "PostCheckin",
            "Message": "Full Name: \r<br/>    BLLTest_PCT:BL.Operation.PostCheckInTest.PCRCompileTest.PCRPackunPack_DebugTest\r<br/>Message Version: \r<br/>    82715\r<br/>Message:\r<br/>    Error Message:\r\r<br/>    Assert.IsTrue failed. Case: [FAILED]\r\r<br/>    PCRPackunPack_DebugTest\r\r<br/>    Rounds 0\r\r<br/>     Tested Files 1\r\r<br/>     Result: &lt;Pass 0, Fail 1&gt;\r\r<br/>     Picked Files: 1/1\r\r<br/>      1st Priority 1 &lt;Unstable 0, Specified 1, RandomAtLeast 0&gt;\r\r<br/>      2nd Priority 0 &lt;NeverRun 0, RandomMore 0, Stable 0&gt;\r\r<br/>     Time: 0:23 &lt;Each 23.9&gt;\r\r<br/>     Pure: 0:00:23 &lt;Each 23.8 Compare 1.0&gt;\r\r<br/>    Log Folder: \\\\nebula-01\\TestLog\\C82715_.1\\BLL_From_VM_W7_64_1110\\MyTestResults\\BllLogs\r\r<br/>    Default_NA_R140104_T3000A_UHFB2.log\r\r<br/>    PCRPackunPack_DebugTest.log\r\r<br/>    Compile_NA_R140104_T3000A_UHFB2\r\r<br/>    \r\r<br/>    -----\r\r<br/>    SPELLCHECK_FAILED_IN_COMPILE\r\r<br/>       at BL.Operations.Operations.Compile(IBLDocument doc)\r<br/>           in \r<br/>           d:\\CI_1\\Sources\\Common_CPS_Platfrm\\Implementation\\RM2.0\\BusinessLogic\\Code\\Platform\\Features\\BL.Operations\\CompileOperations.cs:li\r<br/>           ne 78\r\r<br/>       at BL.Operations.Test.Utility.PCRCompilePbaCompare.Test(String pbaFile, Boolean isPureDefaultCodeplug, ICompileTestCoverage \r<br/>    compileTestCoverage)\r<br/>           in \r<br/>           d:\\CI_1\\Sources\\Common_CPS_Platfrm\\Implementation\\RM2.0\\BusinessLogic\\Code\\Tools\\Test\\BL.Operations.GatedCheckInTest\\Utility\\PCRCo\r<br/>           mpilePbaCompare.cs:line 57\r\r<br/>       at BL.Operations.Test.Utility.PCRCompilePbaCompare.CompareCompileCodeplug(String pbaFile, String logFileName)\r<br/>           in \r<br/>           d:\\CI_1\\Sources\\Common_CPS_Platfrm\\Implementation\\RM2.0\\BusinessLogic\\Code\\Tools\\Test\\BL.Operations.GatedCheckInTest\\Utility\\PCRCo\r<br/>           mpilePbaCompare.cs:line 93\r\r<br/>       at BL.Operations.Test.Utility.Queue.QueueTestDataFiles.RunTestOnSingleFile(List`1 methods, DataFileKey key)\r<br/>           in \r<br/>           d:\\CI_1\\Sources\\Common_CPS_Platfrm\\Implementation\\RM2.0\\BusinessLogic\\Code\\Tools\\Test\\BL.Operations.GatedCheckInTest\\Utility\\Queue\r<br/>           TestDataFiles.cs:line 942\r\r<br/>    -----\r\r<br/>    \r\r<br/>    \r\r<br/>    \r\r<br/>    StackTrace:\r\r<br/>       at BL.Operation.PostCheckInTest.PCRCompileTest.PCRPackunPack_DebugTest()\r<br/>           in \r<br/>           d:\\CI_1\\Sources\\Common_CPS_Platfrm\\Implementation\\RM2.0\\BusinessLogic\\Code\\Tools\\Test\\BL.Operation.PostCheckInTest\\PCRConfiguratio\r<br/>           nTest\\PCRCompileTest.cs:line 84\r\r<br/>    \r\r<br/>    \r<br/>"
        },
        {
            "Version": 82713,
            "Passed": false,
            "TestRun": "d15c40e1-5c84-4c3a-a802-3ac93343f476",
            "RunType": "PostCheckin",
            "Message": "Full Name: \r<br/>    BLLTest_PCT:BL.Operation.PostCheckInTest.PCRCompileTest.PCRPackunPack_DebugTest\r<br/>Message Version: \r<br/>    82713\r<br/>Message:\r<br/>    Error Message:\r\r<br/>    Assert.IsTrue failed. Case: [FAILED]\r\r<br/>    PCRPackunPack_DebugTest\r\r<br/>    Rounds 0\r\r<br/>     Tested Files 1\r\r<br/>     Result: &lt;Pass 0, Fail 1&gt;\r\r<br/>     Picked Files: 1/1\r\r<br/>      1st Priority 1 &lt;Unstable 0, Specified 1, RandomAtLeast 0&gt;\r\r<br/>      2nd Priority 0 &lt;NeverRun 0, RandomMore 0, Stable 0&gt;\r\r<br/>     Time: 0:16 &lt;Each 16.1&gt;\r\r<br/>     Pure: 0:00:16 &lt;Each 16.0 Compare 1.0&gt;\r\r<br/>    Log Folder: \\\\nebula-01\\TestLog\\C82713_.1\\BLL_From_VM_W7_64_1701\\MyTestResults\\BllLogs\r\r<br/>    Default_NA_R140104_T3000A_UHFB2.log\r\r<br/>    PCRPackunPack_DebugTest.log\r\r<br/>    Compile_NA_R140104_T3000A_UHFB2\r\r<br/>    \r\r<br/>    -----\r\r<br/>    SPELLCHECK_FAILED_IN_COMPILE\r\r<br/>       at BL.Operations.Operations.Compile(IBLDocument doc)\r<br/>           in \r<br/>           d:\\CI_1\\Sources\\Common_CPS_Platfrm\\Implementation\\RM2.0\\BusinessLogic\\Code\\Platform\\Features\\BL.Operations\\CompileOperations.cs:li\r<br/>           ne 78\r\r<br/>       at BL.Operations.Test.Utility.PCRCompilePbaCompare.Test(String pbaFile, Boolean isPureDefaultCodeplug, ICompileTestCoverage \r<br/>    compileTestCoverage)\r<br/>           in \r<br/>           d:\\CI_1\\Sources\\Common_CPS_Platfrm\\Implementation\\RM2.0\\BusinessLogic\\Code\\Tools\\Test\\BL.Operations.GatedCheckInTest\\Utility\\PCRCo\r<br/>           mpilePbaCompare.cs:line 57\r\r<br/>       at BL.Operations.Test.Utility.PCRCompilePbaCompare.CompareCompileCodeplug(String pbaFile, String logFileName)\r<br/>           in \r<br/>           d:\\CI_1\\Sources\\Common_CPS_Platfrm\\Implementation\\RM2.0\\BusinessLogic\\Code\\Tools\\Test\\BL.Operations.GatedCheckInTest\\Utility\\PCRCo\r<br/>           mpilePbaCompare.cs:line 93\r\r<br/>       at BL.Operations.Test.Utility.Queue.QueueTestDataFiles.RunTestOnSingleFile(List`1 methods, DataFileKey key)\r<br/>           in \r<br/>           d:\\CI_1\\Sources\\Common_CPS_Platfrm\\Implementation\\RM2.0\\BusinessLogic\\Code\\Tools\\Test\\BL.Operations.GatedCheckInTest\\Utility\\Queue\r<br/>           TestDataFiles.cs:line 942\r\r<br/>    -----\r\r<br/>    \r\r<br/>    \r\r<br/>    \r\r<br/>    StackTrace:\r\r<br/>       at BL.Operation.PostCheckInTest.PCRCompileTest.PCRPackunPack_DebugTest()\r<br/>           in \r<br/>           d:\\CI_1\\Sources\\Common_CPS_Platfrm\\Implementation\\RM2.0\\BusinessLogic\\Code\\Tools\\Test\\BL.Operation.PostCheckInTest\\PCRConfiguratio\r<br/>           nTest\\PCRCompileTest.cs:line 84\r\r<br/>    \r\r<br/>    \r<br/>"
        },
        {
            "Version": 82712,
            "Passed": false,
            "TestRun": "dcc9e30c-f5d0-4522-a121-7f926def24be",
            "RunType": "PostCheckin",
            "Message": "Full Name: \r<br/>    BLLTest_PCT:BL.Operation.PostCheckInTest.PCRCompileTest.PCRPackunPack_DebugTest\r<br/>Message Version: \r<br/>    82712\r<br/>Message:\r<br/>    Error Message:\r\r<br/>    Assert.IsTrue failed. Case: [FAILED]\r\r<br/>    PCRPackunPack_DebugTest\r\r<br/>    Rounds 0\r\r<br/>     Tested Files 1\r\r<br/>     Result: &lt;Pass 0, Fail 1&gt;\r\r<br/>     Picked Files: 1/1\r\r<br/>      1st Priority 1 &lt;Unstable 0, Specified 1, RandomAtLeast 0&gt;\r\r<br/>      2nd Priority 0 &lt;NeverRun 0, RandomMore 0, Stable 0&gt;\r\r<br/>     Time: 0:22 &lt;Each 23.0&gt;\r\r<br/>     Pure: 0:00:22 &lt;Each 22.7 Compare 1.0&gt;\r\r<br/>    Log Folder: \\\\nebula-01\\TestLog\\C82712_.1\\BLL_From_VM_W7_64_0607\\MyTestResults\\BllLogs\r\r<br/>    Default_NA_R140104_T3000A_UHFB2.log\r\r<br/>    PCRPackunPack_DebugTest.log\r\r<br/>    Compile_NA_R140104_T3000A_UHFB2\r\r<br/>    \r\r<br/>    -----\r\r<br/>    SPELLCHECK_FAILED_IN_COMPILE\r\r<br/>       at BL.Operations.Operations.Compile(IBLDocument doc)\r<br/>           in \r<br/>           d:\\CI_1\\Sources\\Common_CPS_Platfrm\\Implementation\\RM2.0\\BusinessLogic\\Code\\Platform\\Features\\BL.Operations\\CompileOperations.cs:li\r<br/>           ne 78\r\r<br/>       at BL.Operations.Test.Utility.PCRCompilePbaCompare.Test(String pbaFile, Boolean isPureDefaultCodeplug, ICompileTestCoverage \r<br/>    compileTestCoverage)\r<br/>           in \r<br/>           d:\\CI_1\\Sources\\Common_CPS_Platfrm\\Implementation\\RM2.0\\BusinessLogic\\Code\\Tools\\Test\\BL.Operations.GatedCheckInTest\\Utility\\PCRCo\r<br/>           mpilePbaCompare.cs:line 57\r\r<br/>       at BL.Operations.Test.Utility.PCRCompilePbaCompare.CompareCompileCodeplug(String pbaFile, String logFileName)\r<br/>           in \r<br/>           d:\\CI_1\\Sources\\Common_CPS_Platfrm\\Implementation\\RM2.0\\BusinessLogic\\Code\\Tools\\Test\\BL.Operations.GatedCheckInTest\\Utility\\PCRCo\r<br/>           mpilePbaCompare.cs:line 93\r\r<br/>       at BL.Operations.Test.Utility.Queue.QueueTestDataFiles.RunTestOnSingleFile(List`1 methods, DataFileKey key)\r<br/>           in \r<br/>           d:\\CI_1\\Sources\\Common_CPS_Platfrm\\Implementation\\RM2.0\\BusinessLogic\\Code\\Tools\\Test\\BL.Operations.GatedCheckInTest\\Utility\\Queue\r<br/>           TestDataFiles.cs:line 942\r\r<br/>    -----\r\r<br/>    \r\r<br/>    \r\r<br/>    \r\r<br/>    StackTrace:\r\r<br/>       at BL.Operation.PostCheckInTest.PCRCompileTest.PCRPackunPack_DebugTest()\r<br/>           in \r<br/>           d:\\CI_1\\Sources\\Common_CPS_Platfrm\\Implementation\\RM2.0\\BusinessLogic\\Code\\Tools\\Test\\BL.Operation.PostCheckInTest\\PCRConfiguratio\r<br/>           nTest\\PCRCompileTest.cs:line 84\r\r<br/>    \r\r<br/>    \r<br/>"
        },
        {
            "Version": 82709,
            "Passed": false,
            "TestRun": "f3a8cf6b-b653-4be0-ac86-d3d4c4424e78",
            "RunType": "PostCheckin",
            "Message": "Full Name: \r<br/>    BLLTest_PCT:BL.Operation.PostCheckInTest.PCRCompileTest.PCRPackunPack_DebugTest\r<br/>Message Version: \r<br/>    82709\r<br/>Message:\r<br/>    Error Message:\r\r<br/>    Assert.IsTrue failed. Case: [FAILED]\r\r<br/>    PCRPackunPack_DebugTest\r\r<br/>    Rounds 0\r\r<br/>     Tested Files 1\r\r<br/>     Result: &lt;Pass 0, Fail 1&gt;\r\r<br/>     Picked Files: 1/1\r\r<br/>      1st Priority 1 &lt;Unstable 0, Specified 1, RandomAtLeast 0&gt;\r\r<br/>      2nd Priority 0 &lt;NeverRun 0, RandomMore 0, Stable 0&gt;\r\r<br/>     Time: 0:25 &lt;Each 25.1&gt;\r\r<br/>     Pure: 0:00:24 &lt;Each 24.8 Compare 1.0&gt;\r\r<br/>    Log Folder: \\\\nebula-01\\TestLog\\C82709_.1\\BLL_From_VM_W7_64_1805\\MyTestResults\\BllLogs\r\r<br/>    Default_NA_R140104_T3000A_UHFB2.log\r\r<br/>    PCRPackunPack_DebugTest.log\r\r<br/>    Compile_NA_R140104_T3000A_UHFB2\r\r<br/>    \r\r<br/>    -----\r\r<br/>    SPELLCHECK_FAILED_IN_COMPILE\r\r<br/>       at BL.Operations.Operations.Compile(IBLDocument doc)\r<br/>           in \r<br/>           d:\\CI_1\\Sources\\Common_CPS_Platfrm\\Implementation\\RM2.0\\BusinessLogic\\Code\\Platform\\Features\\BL.Operations\\CompileOperations.cs:li\r<br/>           ne 78\r\r<br/>       at BL.Operations.Test.Utility.PCRCompilePbaCompare.Test(String pbaFile, Boolean isPureDefaultCodeplug, ICompileTestCoverage \r<br/>    compileTestCoverage)\r<br/>           in \r<br/>           d:\\CI_1\\Sources\\Common_CPS_Platfrm\\Implementation\\RM2.0\\BusinessLogic\\Code\\Tools\\Test\\BL.Operations.GatedCheckInTest\\Utility\\PCRCo\r<br/>           mpilePbaCompare.cs:line 57\r\r<br/>       at BL.Operations.Test.Utility.PCRCompilePbaCompare.CompareCompileCodeplug(String pbaFile, String logFileName)\r<br/>           in \r<br/>           d:\\CI_1\\Sources\\Common_CPS_Platfrm\\Implementation\\RM2.0\\BusinessLogic\\Code\\Tools\\Test\\BL.Operations.GatedCheckInTest\\Utility\\PCRCo\r<br/>           mpilePbaCompare.cs:line 93\r\r<br/>       at BL.Operations.Test.Utility.Queue.QueueTestDataFiles.RunTestOnSingleFile(List`1 methods, DataFileKey key)\r<br/>           in \r<br/>           d:\\CI_1\\Sources\\Common_CPS_Platfrm\\Implementation\\RM2.0\\BusinessLogic\\Code\\Tools\\Test\\BL.Operations.GatedCheckInTest\\Utility\\Queue\r<br/>           TestDataFiles.cs:line 934\r\r<br/>    -----\r\r<br/>    \r\r<br/>    \r\r<br/>    \r\r<br/>    StackTrace:\r\r<br/>       at BL.Operation.PostCheckInTest.PCRCompileTest.PCRPackunPack_DebugTest()\r<br/>           in \r<br/>           d:\\CI_1\\Sources\\Common_CPS_Platfrm\\Implementation\\RM2.0\\BusinessLogic\\Code\\Tools\\Test\\BL.Operation.PostCheckInTest\\PCRConfiguratio\r<br/>           nTest\\PCRCompileTest.cs:line 84\r\r<br/>    \r\r<br/>    \r<br/>"
        },
        {
            "Version": 82708,
            "Passed": false,
            "TestRun": "647e44c1-87d2-4924-9756-9a4f9d7801d7",
            "RunType": "PostCheckin",
            "Message": "Full Name: \r<br/>    BLLTest_PCT:BL.Operation.PostCheckInTest.PCRCompileTest.PCRPackunPack_DebugTest\r<br/>Message Version: \r<br/>    82708\r<br/>Message:\r<br/>    Error Message:\r\r<br/>    Assert.IsTrue failed. Case: [FAILED]\r\r<br/>    PCRPackunPack_DebugTest\r\r<br/>    Rounds 0\r\r<br/>     Tested Files 1\r\r<br/>     Result: &lt;Pass 0, Fail 1&gt;\r\r<br/>     Picked Files: 1/1\r\r<br/>      1st Priority 1 &lt;Unstable 0, Specified 1, RandomAtLeast 0&gt;\r\r<br/>      2nd Priority 0 &lt;NeverRun 0, RandomMore 0, Stable 0&gt;\r\r<br/>     Time: 0:19 &lt;Each 19.8&gt;\r\r<br/>     Pure: 0:00:19 &lt;Each 19.5 Compare 1.0&gt;\r\r<br/>    Log Folder: \\\\nebula-01\\TestLog\\C82708_.1\\BLL_From_VM_W7_64_1207\\MyTestResults\\BllLogs\r\r<br/>    Default_NA_R140104_T3000A_UHFB2.log\r\r<br/>    PCRPackunPack_DebugTest.log\r\r<br/>    Compile_NA_R140104_T3000A_UHFB2\r\r<br/>    \r\r<br/>    -----\r\r<br/>    SPELLCHECK_FAILED_IN_COMPILE\r\r<br/>       at BL.Operations.Operations.Compile(IBLDocument doc)\r<br/>           in \r<br/>           d:\\CI_1\\Sources\\Common_CPS_Platfrm\\Implementation\\RM2.0\\BusinessLogic\\Code\\Platform\\Features\\BL.Operations\\CompileOperations.cs:li\r<br/>           ne 78\r\r<br/>       at BL.Operations.Test.Utility.PCRCompilePbaCompare.Test(String pbaFile, Boolean isPureDefaultCodeplug, ICompileTestCoverage \r<br/>    compileTestCoverage)\r<br/>           in \r<br/>           d:\\CI_1\\Sources\\Common_CPS_Platfrm\\Implementation\\RM2.0\\BusinessLogic\\Code\\Tools\\Test\\BL.Operations.GatedCheckInTest\\Utility\\PCRCo\r<br/>           mpilePbaCompare.cs:line 57\r\r<br/>       at BL.Operations.Test.Utility.PCRCompilePbaCompare.CompareCompileCodeplug(String pbaFile, String logFileName)\r<br/>           in \r<br/>           d:\\CI_1\\Sources\\Common_CPS_Platfrm\\Implementation\\RM2.0\\BusinessLogic\\Code\\Tools\\Test\\BL.Operations.GatedCheckInTest\\Utility\\PCRCo\r<br/>           mpilePbaCompare.cs:line 93\r\r<br/>       at BL.Operations.Test.Utility.Queue.QueueTestDataFiles.RunTestOnSingleFile(List`1 methods, DataFileKey key)\r<br/>           in \r<br/>           d:\\CI_1\\Sources\\Common_CPS_Platfrm\\Implementation\\RM2.0\\BusinessLogic\\Code\\Tools\\Test\\BL.Operations.GatedCheckInTest\\Utility\\Queue\r<br/>           TestDataFiles.cs:line 934\r\r<br/>    -----\r\r<br/>    \r\r<br/>    \r\r<br/>    \r\r<br/>    StackTrace:\r\r<br/>       at BL.Operation.PostCheckInTest.PCRCompileTest.PCRPackunPack_DebugTest()\r<br/>           in \r<br/>           d:\\CI_1\\Sources\\Common_CPS_Platfrm\\Implementation\\RM2.0\\BusinessLogic\\Code\\Tools\\Test\\BL.Operation.PostCheckInTest\\PCRConfiguratio\r<br/>           nTest\\PCRCompileTest.cs:line 84\r\r<br/>    \r\r<br/>    \r<br/>"
        },
        {
            "Version": 82707,
            "Passed": false,
            "TestRun": "88827600-3e6b-4483-aad7-a9b796d7a6e4",
            "RunType": "PostCheckin",
            "Message": "Full Name: \r<br/>    BLLTest_PCT:BL.Operation.PostCheckInTest.PCRCompileTest.PCRPackunPack_DebugTest\r<br/>Message Version: \r<br/>    82707\r<br/>Message:\r<br/>    Error Message:\r\r<br/>    Assert.IsTrue failed. Case: [FAILED]\r\r<br/>    PCRPackunPack_DebugTest\r\r<br/>    Rounds 0\r\r<br/>     Tested Files 1\r\r<br/>     Result: &lt;Pass 0, Fail 1&gt;\r\r<br/>     Picked Files: 1/1\r\r<br/>      1st Priority 1 &lt;Unstable 0, Specified 1, RandomAtLeast 0&gt;\r\r<br/>      2nd Priority 0 &lt;NeverRun 0, RandomMore 0, Stable 0&gt;\r\r<br/>     Time: 0:25 &lt;Each 25.6&gt;\r\r<br/>     Pure: 0:00:25 &lt;Each 25.5 Compare 1.0&gt;\r\r<br/>    Log Folder: \\\\nebula-01\\TestLog\\C82707_.1\\BLL_From_VM_W7_64_0312\\MyTestResults\\BllLogs\r\r<br/>    Default_NA_R140104_T3000A_UHFB2.log\r\r<br/>    PCRPackunPack_DebugTest.log\r\r<br/>    Compile_NA_R140104_T3000A_UHFB2\r\r<br/>    \r\r<br/>    -----\r\r<br/>    SPELLCHECK_FAILED_IN_COMPILE\r\r<br/>       at BL.Operations.Operations.Compile(IBLDocument doc)\r<br/>           in \r<br/>           d:\\CI_1\\Sources\\Common_CPS_Platfrm\\Implementation\\RM2.0\\BusinessLogic\\Code\\Platform\\Features\\BL.Operations\\CompileOperations.cs:li\r<br/>           ne 78\r\r<br/>       at BL.Operations.Test.Utility.PCRCompilePbaCompare.Test(String pbaFile, Boolean isPureDefaultCodeplug, ICompileTestCoverage \r<br/>    compileTestCoverage)\r<br/>           in \r<br/>           d:\\CI_1\\Sources\\Common_CPS_Platfrm\\Implementation\\RM2.0\\BusinessLogic\\Code\\Tools\\Test\\BL.Operations.GatedCheckInTest\\Utility\\PCRCo\r<br/>           mpilePbaCompare.cs:line 57\r\r<br/>       at BL.Operations.Test.Utility.PCRCompilePbaCompare.CompareCompileCodeplug(String pbaFile, String logFileName)\r<br/>           in \r<br/>           d:\\CI_1\\Sources\\Common_CPS_Platfrm\\Implementation\\RM2.0\\BusinessLogic\\Code\\Tools\\Test\\BL.Operations.GatedCheckInTest\\Utility\\PCRCo\r<br/>           mpilePbaCompare.cs:line 93\r\r<br/>       at BL.Operations.Test.Utility.Queue.QueueTestDataFiles.RunTestOnSingleFile(List`1 methods, DataFileKey key)\r<br/>           in \r<br/>           d:\\CI_1\\Sources\\Common_CPS_Platfrm\\Implementation\\RM2.0\\BusinessLogic\\Code\\Tools\\Test\\BL.Operations.GatedCheckInTest\\Utility\\Queue\r<br/>           TestDataFiles.cs:line 934\r\r<br/>    -----\r\r<br/>    \r\r<br/>    \r\r<br/>    \r\r<br/>    StackTrace:\r\r<br/>       at BL.Operation.PostCheckInTest.PCRCompileTest.PCRPackunPack_DebugTest()\r<br/>           in \r<br/>           d:\\CI_1\\Sources\\Common_CPS_Platfrm\\Implementation\\RM2.0\\BusinessLogic\\Code\\Tools\\Test\\BL.Operation.PostCheckInTest\\PCRConfiguratio\r<br/>           nTest\\PCRCompileTest.cs:line 84\r\r<br/>    \r\r<br/>    \r<br/>"
        },
        {
            "Version": 82704,
            "Passed": false,
            "TestRun": "50c3a4e5-356b-427e-9939-9a604f5bbc96",
            "RunType": "PostCheckin",
            "Message": "Full Name: \r<br/>    BLLTest_PCT:BL.Operation.PostCheckInTest.PCRCompileTest.PCRPackunPack_DebugTest\r<br/>Message Version: \r<br/>    82704\r<br/>Message:\r<br/>    Error Message:\r\r<br/>    Assert.IsTrue failed. Case: [FAILED]\r\r<br/>    PCRPackunPack_DebugTest\r\r<br/>    Rounds 0\r\r<br/>     Tested Files 1\r\r<br/>     Result: &lt;Pass 0, Fail 1&gt;\r\r<br/>     Picked Files: 1/1\r\r<br/>      1st Priority 1 &lt;Unstable 0, Specified 1, RandomAtLeast 0&gt;\r\r<br/>      2nd Priority 0 &lt;NeverRun 0, RandomMore 0, Stable 0&gt;\r\r<br/>     Time: 0:27 &lt;Each 27.3&gt;\r\r<br/>     Pure: 0:00:27 &lt;Each 27.1 Compare 1.0&gt;\r\r<br/>    Log Folder: \\\\nebula-01\\TestLog\\C82704_.1\\BLL_From_VM_W7_64_0401\\MyTestResults\\BllLogs\r\r<br/>    Default_NA_R140104_T3000A_UHFB2.log\r\r<br/>    PCRPackunPack_DebugTest.log\r\r<br/>    Compile_NA_R140104_T3000A_UHFB2\r\r<br/>    \r\r<br/>    -----\r\r<br/>    SPELLCHECK_FAILED_IN_COMPILE\r\r<br/>       at BL.Operations.Operations.Compile(IBLDocument doc)\r<br/>           in \r<br/>           d:\\CI_1\\Sources\\Common_CPS_Platfrm\\Implementation\\RM2.0\\BusinessLogic\\Code\\Platform\\Features\\BL.Operations\\CompileOperations.cs:li\r<br/>           ne 78\r\r<br/>       at BL.Operations.Test.Utility.PCRCompilePbaCompare.Test(String pbaFile, Boolean isPureDefaultCodeplug, ICompileTestCoverage \r<br/>    compileTestCoverage)\r<br/>           in \r<br/>           d:\\CI_1\\Sources\\Common_CPS_Platfrm\\Implementation\\RM2.0\\BusinessLogic\\Code\\Tools\\Test\\BL.Operations.GatedCheckInTest\\Utility\\PCRCo\r<br/>           mpilePbaCompare.cs:line 57\r\r<br/>       at BL.Operations.Test.Utility.PCRCompilePbaCompare.CompareCompileCodeplug(String pbaFile, String logFileName)\r<br/>           in \r<br/>           d:\\CI_1\\Sources\\Common_CPS_Platfrm\\Implementation\\RM2.0\\BusinessLogic\\Code\\Tools\\Test\\BL.Operations.GatedCheckInTest\\Utility\\PCRCo\r<br/>           mpilePbaCompare.cs:line 93\r\r<br/>       at BL.Operations.Test.Utility.Queue.QueueTestDataFiles.RunTestOnSingleFile(List`1 methods, DataFileKey key)\r<br/>           in \r<br/>           d:\\CI_1\\Sources\\Common_CPS_Platfrm\\Implementation\\RM2.0\\BusinessLogic\\Code\\Tools\\Test\\BL.Operations.GatedCheckInTest\\Utility\\Queue\r<br/>           TestDataFiles.cs:line 934\r\r<br/>    -----\r\r<br/>    \r\r<br/>    \r\r<br/>    \r\r<br/>    StackTrace:\r\r<br/>       at BL.Operation.PostCheckInTest.PCRCompileTest.PCRPackunPack_DebugTest()\r<br/>           in \r<br/>           d:\\CI_1\\Sources\\Common_CPS_Platfrm\\Implementation\\RM2.0\\BusinessLogic\\Code\\Tools\\Test\\BL.Operation.PostCheckInTest\\PCRConfiguratio\r<br/>           nTest\\PCRCompileTest.cs:line 84\r\r<br/>    \r\r<br/>    \r<br/>"
        },
        {
            "Version": 82701,
            "Passed": false,
            "TestRun": "43e168d0-fbf0-492b-96b3-659be83c9ab0",
            "RunType": "PostCheckin",
            "Message": "Full Name: \r<br/>    BLLTest_PCT:BL.Operation.PostCheckInTest.PCRCompileTest.PCRPackunPack_DebugTest\r<br/>Message Version: \r<br/>    82701\r<br/>Message:\r<br/>    Error Message:\r\r<br/>    Assert.IsTrue failed. Case: [FAILED]\r\r<br/>    PCRPackunPack_DebugTest\r\r<br/>    Rounds 0\r\r<br/>     Tested Files 1\r\r<br/>     Result: &lt;Pass 0, Fail 1&gt;\r\r<br/>     Picked Files: 1/1\r\r<br/>      1st Priority 1 &lt;Unstable 0, Specified 1, RandomAtLeast 0&gt;\r\r<br/>      2nd Priority 0 &lt;NeverRun 0, RandomMore 0, Stable 0&gt;\r\r<br/>     Time: 0:19 &lt;Each 19.5&gt;\r\r<br/>     Pure: 0:00:19 &lt;Each 19.5 Compare 1.0&gt;\r\r<br/>    Log Folder: \\\\nebula-01\\TestLog\\C82701_.1\\BLL_From_VM_W7_64_1210\\MyTestResults\\BllLogs\r\r<br/>    Default_NA_R140104_T3000A_UHFB2.log\r\r<br/>    PCRPackunPack_DebugTest.log\r\r<br/>    Compile_NA_R140104_T3000A_UHFB2\r\r<br/>    \r\r<br/>    -----\r\r<br/>    SPELLCHECK_FAILED_IN_COMPILE\r\r<br/>       at BL.Operations.Operations.Compile(IBLDocument doc)\r<br/>           in \r<br/>           d:\\CI_1\\Sources\\Common_CPS_Platfrm\\Implementation\\RM2.0\\BusinessLogic\\Code\\Platform\\Features\\BL.Operations\\CompileOperations.cs:li\r<br/>           ne 78\r\r<br/>       at BL.Operations.Test.Utility.PCRCompilePbaCompare.Test(String pbaFile, Boolean isPureDefaultCodeplug, ICompileTestCoverage \r<br/>    compileTestCoverage)\r<br/>           in \r<br/>           d:\\CI_1\\Sources\\Common_CPS_Platfrm\\Implementation\\RM2.0\\BusinessLogic\\Code\\Tools\\Test\\BL.Operations.GatedCheckInTest\\Utility\\PCRCo\r<br/>           mpilePbaCompare.cs:line 57\r\r<br/>       at BL.Operations.Test.Utility.PCRCompilePbaCompare.CompareCompileCodeplug(String pbaFile, String logFileName)\r<br/>           in \r<br/>           d:\\CI_1\\Sources\\Common_CPS_Platfrm\\Implementation\\RM2.0\\BusinessLogic\\Code\\Tools\\Test\\BL.Operations.GatedCheckInTest\\Utility\\PCRCo\r<br/>           mpilePbaCompare.cs:line 93\r\r<br/>       at BL.Operations.Test.Utility.Queue.QueueTestDataFiles.RunTestOnSingleFile(List`1 methods, DataFileKey key)\r<br/>           in \r<br/>           d:\\CI_1\\Sources\\Common_CPS_Platfrm\\Implementation\\RM2.0\\BusinessLogic\\Code\\Tools\\Test\\BL.Operations.GatedCheckInTest\\Utility\\Queue\r<br/>           TestDataFiles.cs:line 934\r\r<br/>    -----\r\r<br/>    \r\r<br/>    \r\r<br/>    \r\r<br/>    StackTrace:\r\r<br/>       at BL.Operation.PostCheckInTest.PCRCompileTest.PCRPackunPack_DebugTest()\r<br/>           in \r<br/>           d:\\CI_1\\Sources\\Common_CPS_Platfrm\\Implementation\\RM2.0\\BusinessLogic\\Code\\Tools\\Test\\BL.Operation.PostCheckInTest\\PCRConfiguratio\r<br/>           nTest\\PCRCompileTest.cs:line 84\r\r<br/>    \r\r<br/>    \r<br/>"
        },
        {
            "Version": 82698,
            "Passed": false,
            "TestRun": "85ff40c9-7c90-4418-ab14-b82de5202da6",
            "RunType": "PostCheckin",
            "Message": "Full Name: \r<br/>    BLLTest_PCT:BL.Operation.PostCheckInTest.PCRCompileTest.PCRPackunPack_DebugTest\r<br/>Message Version: \r<br/>    82698\r<br/>Message:\r<br/>    Error Message:\r\r<br/>    Assert.IsTrue failed. Case: [FAILED]\r\r<br/>    PCRPackunPack_DebugTest\r\r<br/>    Rounds 0\r\r<br/>     Tested Files 1\r\r<br/>     Result: &lt;Pass 0, Fail 1&gt;\r\r<br/>     Picked Files: 1/1\r\r<br/>      1st Priority 1 &lt;Unstable 0, Specified 1, RandomAtLeast 0&gt;\r\r<br/>      2nd Priority 0 &lt;NeverRun 0, RandomMore 0, Stable 0&gt;\r\r<br/>     Time: 0:21 &lt;Each 21.5&gt;\r\r<br/>     Pure: 0:00:21 &lt;Each 21.1 Compare 1.0&gt;\r\r<br/>    Log Folder: \\\\nebula-01\\TestLog\\C82698_.1\\BLL_From_VM_W7_64_1406\\MyTestResults\\BllLogs\r\r<br/>    Default_NA_R140104_T3000A_UHFB2.log\r\r<br/>    PCRPackunPack_DebugTest.log\r\r<br/>    Compile_NA_R140104_T3000A_UHFB2\r\r<br/>    \r\r<br/>    -----\r\r<br/>    SPELLCHECK_FAILED_IN_COMPILE\r\r<br/>       at BL.Operations.Operations.Compile(IBLDocument doc)\r<br/>           in \r<br/>           d:\\CI_1\\Sources\\Common_CPS_Platfrm\\Implementation\\RM2.0\\BusinessLogic\\Code\\Platform\\Features\\BL.Operations\\CompileOperations.cs:li\r<br/>           ne 78\r\r<br/>       at BL.Operations.Test.Utility.PCRCompilePbaCompare.Test(String pbaFile, Boolean isPureDefaultCodeplug, ICompileTestCoverage \r<br/>    compileTestCoverage)\r<br/>           in \r<br/>           d:\\CI_1\\Sources\\Common_CPS_Platfrm\\Implementation\\RM2.0\\BusinessLogic\\Code\\Tools\\Test\\BL.Operations.GatedCheckInTest\\Utility\\PCRCo\r<br/>           mpilePbaCompare.cs:line 57\r\r<br/>       at BL.Operations.Test.Utility.PCRCompilePbaCompare.CompareCompileCodeplug(String pbaFile, String logFileName)\r<br/>           in \r<br/>           d:\\CI_1\\Sources\\Common_CPS_Platfrm\\Implementation\\RM2.0\\BusinessLogic\\Code\\Tools\\Test\\BL.Operations.GatedCheckInTest\\Utility\\PCRCo\r<br/>           mpilePbaCompare.cs:line 93\r\r<br/>       at BL.Operations.Test.Utility.Queue.QueueTestDataFiles.RunTestOnSingleFile(List`1 methods, DataFileKey key)\r<br/>           in \r<br/>           d:\\CI_1\\Sources\\Common_CPS_Platfrm\\Implementation\\RM2.0\\BusinessLogic\\Code\\Tools\\Test\\BL.Operations.GatedCheckInTest\\Utility\\Queue\r<br/>           TestDataFiles.cs:line 934\r\r<br/>    -----\r\r<br/>    \r\r<br/>    \r\r<br/>    \r\r<br/>    StackTrace:\r\r<br/>       at BL.Operation.PostCheckInTest.PCRCompileTest.PCRPackunPack_DebugTest()\r<br/>           in \r<br/>           d:\\CI_1\\Sources\\Common_CPS_Platfrm\\Implementation\\RM2.0\\BusinessLogic\\Code\\Tools\\Test\\BL.Operation.PostCheckInTest\\PCRConfiguratio\r<br/>           nTest\\PCRCompileTest.cs:line 84\r\r<br/>    \r\r<br/>    \r<br/>"
        },
        {
            "Version": 82697,
            "Passed": false,
            "TestRun": "bc6252d1-e68a-495e-8192-65f2ba42a8bb",
            "RunType": "PostCheckin",
            "Message": "Full Name: \r<br/>    BLLTest_PCT:BL.Operation.PostCheckInTest.PCRCompileTest.PCRPackunPack_DebugTest\r<br/>Message Version: \r<br/>    82697\r<br/>Message:\r<br/>    Error Message:\r\r<br/>    Assert.IsTrue failed. Case: [FAILED]\r\r<br/>    PCRPackunPack_DebugTest\r\r<br/>    Rounds 0\r\r<br/>     Tested Files 1\r\r<br/>     Result: &lt;Pass 0, Fail 1&gt;\r\r<br/>     Picked Files: 1/1\r\r<br/>      1st Priority 1 &lt;Unstable 0, Specified 1, RandomAtLeast 0&gt;\r\r<br/>      2nd Priority 0 &lt;NeverRun 0, RandomMore 0, Stable 0&gt;\r\r<br/>     Time: 0:18 &lt;Each 18.0&gt;\r\r<br/>     Pure: 0:0:17 &lt;Each 18.0 Compare 1.0&gt;\r\r<br/>    Log Folder: \\\\nebula-01\\TestLog\\C82697_.1\\BLL_From_VM_W7_64_0310\\MyTestResults\\BllLogs\r\r<br/>    Default_NA_R140104_T3000A_UHFB2.log\r\r<br/>    PCRPackunPack_DebugTest.log\r\r<br/>    Compile_NA_R140104_T3000A_UHFB2\r\r<br/>    \r\r<br/>    -----\r\r<br/>    SPELLCHECK_FAILED_IN_COMPILE\r\r<br/>       at BL.Operations.Operations.Compile(IBLDocument doc)\r<br/>           in \r<br/>           d:\\CI_1\\Sources\\Common_CPS_Platfrm\\Implementation\\RM2.0\\BusinessLogic\\Code\\Platform\\Features\\BL.Operations\\CompileOperations.cs:li\r<br/>           ne 78\r\r<br/>       at BL.Operations.Test.Utility.PCRCompilePbaCompare.Test(String pbaFile, Boolean isPureDefaultCodeplug, ICompileTestCoverage \r<br/>    compileTestCoverage)\r<br/>           in \r<br/>           d:\\CI_1\\Sources\\Common_CPS_Platfrm\\Implementation\\RM2.0\\BusinessLogic\\Code\\Tools\\Test\\BL.Operations.GatedCheckInTest\\Utility\\PCRCo\r<br/>           mpilePbaCompare.cs:line 57\r\r<br/>       at BL.Operations.Test.Utility.PCRCompilePbaCompare.CompareCompileCodeplug(String pbaFile, String logFileName)\r<br/>           in \r<br/>           d:\\CI_1\\Sources\\Common_CPS_Platfrm\\Implementation\\RM2.0\\BusinessLogic\\Code\\Tools\\Test\\BL.Operations.GatedCheckInTest\\Utility\\PCRCo\r<br/>           mpilePbaCompare.cs:line 93\r\r<br/>       at BL.Operations.Test.Utility.Queue.QueueTestDataFiles.RunTestOnSingleFile(List`1 methods, DataFileKey key)\r<br/>           in \r<br/>           d:\\CI_1\\Sources\\Common_CPS_Platfrm\\Implementation\\RM2.0\\BusinessLogic\\Code\\Tools\\Test\\BL.Operations.GatedCheckInTest\\Utility\\Queue\r<br/>           TestDataFiles.cs:line 931\r\r<br/>    -----\r\r<br/>    \r\r<br/>    \r\r<br/>    \r\r<br/>    StackTrace:\r\r<br/>       at BL.Operation.PostCheckInTest.PCRCompileTest.PCRPackunPack_DebugTest()\r<br/>           in \r<br/>           d:\\CI_1\\Sources\\Common_CPS_Platfrm\\Implementation\\RM2.0\\BusinessLogic\\Code\\Tools\\Test\\BL.Operation.PostCheckInTest\\PCRConfiguratio\r<br/>           nTest\\PCRCompileTest.cs:line 84\r\r<br/>    \r\r<br/>    \r<br/>"
        },
        {
            "Version": 82694,
            "Passed": false,
            "TestRun": "7ddfe180-49ba-42b2-8ada-7734e0fbdd99",
            "RunType": "PostCheckin",
            "Message": "Full Name: \r<br/>    BLLTest_PCT:BL.Operation.PostCheckInTest.PCRCompileTest.PCRPackunPack_DebugTest\r<br/>Message Version: \r<br/>    82694\r<br/>Message:\r<br/>    Error Message:\r\r<br/>    Assert.IsTrue failed. Case: [FAILED]\r\r<br/>    PCRPackunPack_DebugTest\r\r<br/>    Rounds 0\r\r<br/>     Tested Files 1\r\r<br/>     Result: &lt;Pass 0, Fail 1&gt;\r\r<br/>     Picked Files: 1/1\r\r<br/>      1st Priority 1 &lt;Unstable 0, Specified 1, RandomAtLeast 0&gt;\r\r<br/>      2nd Priority 0 &lt;NeverRun 0, RandomMore 0, Stable 0&gt;\r\r<br/>     Time: 0:22 &lt;Each 22.7&gt;\r\r<br/>     Pure: 0:0:22 &lt;Each 22.6 Compare 1.0&gt;\r\r<br/>    Log Folder: \\\\nebula-01\\TestLog\\C82694_.1\\BLL_From_VM_W7_64_2010\\MyTestResults\\BllLogs\r\r<br/>    Default_NA_R140104_T3000A_UHFB2.log\r\r<br/>    PCRPackunPack_DebugTest.log\r\r<br/>    Compile_NA_R140104_T3000A_UHFB2\r\r<br/>    \r\r<br/>    -----\r\r<br/>    SPELLCHECK_FAILED_IN_COMPILE\r\r<br/>       at BL.Operations.Operations.Compile(IBLDocument doc)\r<br/>           in \r<br/>           d:\\CI_1\\Sources\\Common_CPS_Platfrm\\Implementation\\RM2.0\\BusinessLogic\\Code\\Platform\\Features\\BL.Operations\\CompileOperations.cs:li\r<br/>           ne 78\r\r<br/>       at BL.Operations.Test.Utility.PCRCompilePbaCompare.Test(String pbaFile, Boolean isPureDefaultCodeplug, ICompileTestCoverage \r<br/>    compileTestCoverage)\r<br/>           in \r<br/>           d:\\CI_1\\Sources\\Common_CPS_Platfrm\\Implementation\\RM2.0\\BusinessLogic\\Code\\Tools\\Test\\BL.Operations.GatedCheckInTest\\Utility\\PCRCo\r<br/>           mpilePbaCompare.cs:line 57\r\r<br/>       at BL.Operations.Test.Utility.PCRCompilePbaCompare.CompareCompileCodeplug(String pbaFile, String logFileName)\r<br/>           in \r<br/>           d:\\CI_1\\Sources\\Common_CPS_Platfrm\\Implementation\\RM2.0\\BusinessLogic\\Code\\Tools\\Test\\BL.Operations.GatedCheckInTest\\Utility\\PCRCo\r<br/>           mpilePbaCompare.cs:line 93\r\r<br/>       at BL.Operations.Test.Utility.Queue.QueueTestDataFiles.RunTestOnSingleFile(List`1 methods, DataFileKey key)\r<br/>           in \r<br/>           d:\\CI_1\\Sources\\Common_CPS_Platfrm\\Implementation\\RM2.0\\BusinessLogic\\Code\\Tools\\Test\\BL.Operations.GatedCheckInTest\\Utility\\Queue\r<br/>           TestDataFiles.cs:line 931\r\r<br/>    -----\r\r<br/>    \r\r<br/>    \r\r<br/>    \r\r<br/>    StackTrace:\r\r<br/>       at BL.Operation.PostCheckInTest.PCRCompileTest.PCRPackunPack_DebugTest()\r<br/>           in \r<br/>           d:\\CI_1\\Sources\\Common_CPS_Platfrm\\Implementation\\RM2.0\\BusinessLogic\\Code\\Tools\\Test\\BL.Operation.PostCheckInTest\\PCRConfiguratio\r<br/>           nTest\\PCRCompileTest.cs:line 84\r\r<br/>    \r\r<br/>    \r<br/>"
        },
        {
            "Version": 82659,
            "Passed": false,
            "TestRun": "49c7bee0-b1e5-415a-939b-cf74452da8bd",
            "RunType": "PostCheckin",
            "Message": "Full Name: \r<br/>    BLLTest_PCT:BL.Operation.PostCheckInTest.PCRCompileTest.PCRPackunPack_DebugTest\r<br/>Message Version: \r<br/>    82659\r<br/>Message:\r<br/>    Error Message:\r\r<br/>    Assert.IsTrue failed. Case: [FAILED]\r\r<br/>    PCRPackunPack_DebugTest\r\r<br/>    Total Data Files 1\r\r<br/>     Result: &lt;Pass 0, Fail 1&gt;\r\r<br/>     Picked Data Files:\r\r<br/>      Priority-1 1 &lt;Unstable 0, Specified 1, RandomAtLeast 0&gt;\r\r<br/>      Priority-2 0 &lt;NeverRun 0, RandomMore 0, Stable 0&gt;\r\r<br/>     Time: 0:17 &lt;Each 17.4&gt;\r\r<br/>     Pure: 0:0:17 &lt;Each 17.3 Compare 1.0&gt;\r\r<br/>    Log Folder: \\\\nebula-01\\TestLog\\C82659_.1\\BLL_From_VM_W7_64_2404\\MyTestResults\\BllLogs\r\r<br/>    Default_NA_R140104_T3000A_UHFB2.log\r\r<br/>    PCRPackunPack_DebugTest.log\r\r<br/>    Compile_NA_R140104_T3000A_UHFB2\r\r<br/>    \r\r<br/>    -----\r\r<br/>    SPELLCHECK_FAILED_IN_COMPILE\r\r<br/>       at BL.Operations.Operations.Compile(IBLDocument doc)\r<br/>           in \r<br/>           d:\\CI_1\\Sources\\Common_CPS_Platfrm\\Implementation\\RM2.0\\BusinessLogic\\Code\\Platform\\Features\\BL.Operations\\CompileOperations.cs:li\r<br/>           ne 78\r\r<br/>       at BL.Operations.Test.Utility.PCRCompilePbaCompare.Test(String pbaFile, Boolean isPureDefaultCodeplug, ICompileTestCoverage \r<br/>    compileTestCoverage)\r<br/>           in \r<br/>           d:\\CI_1\\Sources\\Common_CPS_Platfrm\\Implementation\\RM2.0\\BusinessLogic\\Code\\Tools\\Test\\BL.Operations.GatedCheckInTest\\Utility\\PCRCo\r<br/>           mpilePbaCompare.cs:line 57\r\r<br/>       at BL.Operations.Test.Utility.PCRCompilePbaCompare.CompareCompileCodeplug(String pbaFile, String logFileName)\r<br/>           in \r<br/>           d:\\CI_1\\Sources\\Common_CPS_Platfrm\\Implementation\\RM2.0\\BusinessLogic\\Code\\Tools\\Test\\BL.Operations.GatedCheckInTest\\Utility\\PCRCo\r<br/>           mpilePbaCompare.cs:line 93\r\r<br/>       at BL.Operations.Test.Utility.Queue.QueueTestDataFiles.RunTestOnSingleFile(List`1 methods, DataFileKey key)\r<br/>           in \r<br/>           d:\\CI_1\\Sources\\Common_CPS_Platfrm\\Implementation\\RM2.0\\BusinessLogic\\Code\\Tools\\Test\\BL.Operations.GatedCheckInTest\\Utility\\Queue\r<br/>           TestDataFiles.cs:line 930\r\r<br/>    -----\r\r<br/>    \r\r<br/>    \r\r<br/>    \r\r<br/>    StackTrace:\r\r<br/>       at BL.Operation.PostCheckInTest.PCRCompileTest.PCRPackunPack_DebugTest()\r<br/>           in \r<br/>           d:\\CI_1\\Sources\\Common_CPS_Platfrm\\Implementation\\RM2.0\\BusinessLogic\\Code\\Tools\\Test\\BL.Operation.PostCheckInTest\\PCRConfiguratio\r<br/>           nTest\\PCRCompileTest.cs:line 84\r\r<br/>    \r\r<br/>    \r<br/>"
        },
        {
            "Version": 82648,
            "Passed": false,
            "TestRun": "e0fb1ce7-9969-4bcf-b219-75bb97adf3ee",
            "RunType": "PostCheckin",
            "Message": "Full Name: \r<br/>    BLLTest_PCT:BL.Operation.PostCheckInTest.PCRCompileTest.PCRPackunPack_DebugTest\r<br/>Message Version: \r<br/>    82648\r<br/>Message:\r<br/>    Error Message:\r\r<br/>    Assert.IsTrue failed. Case: [FAILED]\r\r<br/>    PCRPackunPack_DebugTest\r\r<br/>    Total Data Files 1\r\r<br/>     Result: &lt;Pass 0, Fail 1&gt;\r\r<br/>     Picked Data Files:\r\r<br/>      Priority-1 1 &lt;Unstable 0, Specified 1, RandomAtLeast 0&gt;\r\r<br/>      Priority-2 0 &lt;NeverRun 0, RandomMore 0, Stable 0&gt;\r\r<br/>     Time: 0:23 &lt;Each 23.7&gt;\r\r<br/>     Pure: 0:23 &lt;Each 23.4 Compare 1.0&gt;\r\r<br/>    Log Folder: \\\\nebula-01\\TestLog\\C82648_.1\\BLL_From_VM_W7_64_0301\\MyTestResults\\BllLogs\r\r<br/>    Default_NA_R140104_T3000A_UHFB2.log\r\r<br/>    PCRPackunPack_DebugTest.log\r\r<br/>    Compile_NA_R140104_T3000A_UHFB2\r\r<br/>    \r\r<br/>    -----\r\r<br/>    SPELLCHECK_FAILED_IN_COMPILE\r\r<br/>       at BL.Operations.Operations.Compile(IBLDocument doc)\r<br/>           in \r<br/>           d:\\CI_1\\Sources\\Common_CPS_Platfrm\\Implementation\\RM2.0\\BusinessLogic\\Code\\Platform\\Features\\BL.Operations\\CompileOperations.cs:li\r<br/>           ne 78\r\r<br/>       at BL.Operations.Test.Utility.PCRCompilePbaCompare.Test(String pbaFile, Boolean isPureDefaultCodeplug, ICompileTestCoverage \r<br/>    compileTestCoverage)\r<br/>           in \r<br/>           d:\\CI_1\\Sources\\Common_CPS_Platfrm\\Implementation\\RM2.0\\BusinessLogic\\Code\\Tools\\Test\\BL.Operations.GatedCheckInTest\\Utility\\PCRCo\r<br/>           mpilePbaCompare.cs:line 57\r\r<br/>       at BL.Operations.Test.Utility.PCRCompilePbaCompare.CompareCompileCodeplug(String pbaFile, String logFileName)\r<br/>           in \r<br/>           d:\\CI_1\\Sources\\Common_CPS_Platfrm\\Implementation\\RM2.0\\BusinessLogic\\Code\\Tools\\Test\\BL.Operations.GatedCheckInTest\\Utility\\PCRCo\r<br/>           mpilePbaCompare.cs:line 93\r\r<br/>       at BL.Operations.Test.Utility.Queue.QueueTestDataFiles.RunTestOnSingleFile(List`1 methods, DataFileKey key)\r<br/>           in \r<br/>           d:\\CI_1\\Sources\\Common_CPS_Platfrm\\Implementation\\RM2.0\\BusinessLogic\\Code\\Tools\\Test\\BL.Operations.GatedCheckInTest\\Utility\\Queue\r<br/>           TestDataFiles.cs:line 930\r\r<br/>    -----\r\r<br/>    \r\r<br/>    \r\r<br/>    \r\r<br/>    StackTrace:\r\r<br/>       at BL.Operation.PostCheckInTest.PCRCompileTest.PCRPackunPack_DebugTest()\r<br/>           in \r<br/>           d:\\CI_1\\Sources\\Common_CPS_Platfrm\\Implementation\\RM2.0\\BusinessLogic\\Code\\Tools\\Test\\BL.Operation.PostCheckInTest\\PCRConfiguratio\r<br/>           nTest\\PCRCompileTest.cs:line 84\r\r<br/>    \r\r<br/>    \r<br/>"
        },
        {
            "Version": 82641,
            "Passed": false,
            "TestRun": "e7f6a1f0-46d5-4ea1-87ec-fd09f86d44bb",
            "RunType": "PostCheckin",
            "Message": "Full Name: \r<br/>    BLLTest_PCT:BL.Operation.PostCheckInTest.PCRCompileTest.PCRPackunPack_DebugTest\r<br/>Message Version: \r<br/>    82641\r<br/>Message:\r<br/>    Error Message:\r\r<br/>    Assert.IsTrue failed. Case: [FAILED]\r\r<br/>    PCRPackunPack_DebugTest\r\r<br/>    Total Data Files 1\r\r<br/>     Result: &lt;Pass 0, Fail 1&gt;\r\r<br/>     Picked Data Files:\r\r<br/>      Priority-1 1 &lt;Unstable 0, Specified 1, RandomAtLeast 0&gt;\r\r<br/>      Priority-2 0 &lt;NeverRun 0, RandomMore 0, Stable 0&gt;\r\r<br/>     Time: 0:19 &lt;Each 19.5&gt;\r\r<br/>     Pure: 0:19 &lt;Each 19.3 Compare 1.0&gt;\r\r<br/>    Log Folder: \\\\nebula-01\\TestLog\\C82641_.1\\BLL_From_VM_W7_64_2404\\MyTestResults\\BllLogs\r\r<br/>    Default_NA_R140104_T3000A_UHFB2.log\r\r<br/>    PCRPackunPack_DebugTest.log\r\r<br/>    Compile_NA_R140104_T3000A_UHFB2\r\r<br/>    \r\r<br/>    -----\r\r<br/>    SPELLCHECK_FAILED_IN_COMPILE\r\r<br/>       at BL.Operations.Operations.Compile(IBLDocument doc)\r<br/>           in \r<br/>           d:\\CI_1\\Sources\\Common_CPS_Platfrm\\Implementation\\RM2.0\\BusinessLogic\\Code\\Platform\\Features\\BL.Operations\\CompileOperations.cs:li\r<br/>           ne 78\r\r<br/>       at BL.Operations.Test.Utility.PCRCompilePbaCompare.Test(String pbaFile, Boolean isPureDefaultCodeplug, ICompileTestCoverage \r<br/>    compileTestCoverage)\r<br/>           in \r<br/>           d:\\CI_1\\Sources\\Common_CPS_Platfrm\\Implementation\\RM2.0\\BusinessLogic\\Code\\Tools\\Test\\BL.Operations.GatedCheckInTest\\Utility\\PCRCo\r<br/>           mpilePbaCompare.cs:line 57\r\r<br/>       at BL.Operations.Test.Utility.PCRCompilePbaCompare.CompareCompileCodeplug(String pbaFile, String logFileName)\r<br/>           in \r<br/>           d:\\CI_1\\Sources\\Common_CPS_Platfrm\\Implementation\\RM2.0\\BusinessLogic\\Code\\Tools\\Test\\BL.Operations.GatedCheckInTest\\Utility\\PCRCo\r<br/>           mpilePbaCompare.cs:line 93\r\r<br/>       at BL.Operations.Test.Utility.Queue.QueueTestDataFiles.RunTestOnSingleFile(List`1 methods, DataFileKey key)\r<br/>           in \r<br/>           d:\\CI_1\\Sources\\Common_CPS_Platfrm\\Implementation\\RM2.0\\BusinessLogic\\Code\\Tools\\Test\\BL.Operations.GatedCheckInTest\\Utility\\Queue\r<br/>           TestDataFiles.cs:line 930\r\r<br/>    -----\r\r<br/>    \r\r<br/>    \r\r<br/>    \r\r<br/>    StackTrace:\r\r<br/>       at BL.Operation.PostCheckInTest.PCRCompileTest.PCRPackunPack_DebugTest()\r<br/>           in \r<br/>           d:\\CI_1\\Sources\\Common_CPS_Platfrm\\Implementation\\RM2.0\\BusinessLogic\\Code\\Tools\\Test\\BL.Operation.PostCheckInTest\\PCRConfiguratio\r<br/>           nTest\\PCRCompileTest.cs:line 84\r\r<br/>    \r\r<br/>    \r<br/>"
        },
        {
            "Version": 82637,
            "Passed": false,
            "TestRun": "a8bb8f8c-532c-470b-a697-92e2c1ea9cc7",
            "RunType": "PostCheckin",
            "Message": "Full Name: \r<br/>    BLLTest_PCT:BL.Operation.PostCheckInTest.PCRCompileTest.PCRPackunPack_DebugTest\r<br/>Message Version: \r<br/>    82637\r<br/>Message:\r<br/>    Error Message:\r\r<br/>    Assert.IsTrue failed. Case: [FAILED]\r\r<br/>    PCRPackunPack_DebugTest\r\r<br/>    Total Data Files 1\r\r<br/>     Result: &lt;Pass 0, Fail 1&gt;\r\r<br/>     Picked Data Files:\r\r<br/>      Priority-1 1 &lt;Unstable 0, Specified 1, RandomAtLeast 0&gt;\r\r<br/>      Priority-2 0 &lt;NeverRun 0, RandomMore 0, Stable 0&gt;\r\r<br/>     Time: 0:19 &lt;Each 19.2&gt;\r\r<br/>     Pure: 0:19 &lt;Each 19.2 Compare 1.0&gt;\r\r<br/>    Log Folder: \\\\nebula-01\\TestLog\\C82637_.1\\BLL_From_VM_W7_64_2310\\MyTestResults\\BllLogs\r\r<br/>    Default_NA_R140104_T3000A_UHFB2.log\r\r<br/>    PCRPackunPack_DebugTest.log\r\r<br/>    Compile_NA_R140104_T3000A_UHFB2\r\r<br/>    \r\r<br/>    -----\r\r<br/>    SPELLCHECK_FAILED_IN_COMPILE\r\r<br/>       at BL.Operations.Operations.Compile(IBLDocument doc)\r<br/>           in \r<br/>           d:\\CI_1\\Sources\\Common_CPS_Platfrm\\Implementation\\RM2.0\\BusinessLogic\\Code\\Platform\\Features\\BL.Operations\\CompileOperations.cs:li\r<br/>           ne 78\r\r<br/>       at BL.Operations.Test.Utility.PCRCompilePbaCompare.Test(String pbaFile, Boolean isPureDefaultCodeplug, ICompileTestCoverage \r<br/>    compileTestCoverage)\r<br/>           in \r<br/>           d:\\CI_1\\Sources\\Common_CPS_Platfrm\\Implementation\\RM2.0\\BusinessLogic\\Code\\Tools\\Test\\BL.Operations.GatedCheckInTest\\Utility\\PCRCo\r<br/>           mpilePbaCompare.cs:line 57\r\r<br/>       at BL.Operations.Test.Utility.PCRCompilePbaCompare.CompareCompileCodeplug(String pbaFile, String logFileName)\r<br/>           in \r<br/>           d:\\CI_1\\Sources\\Common_CPS_Platfrm\\Implementation\\RM2.0\\BusinessLogic\\Code\\Tools\\Test\\BL.Operations.GatedCheckInTest\\Utility\\PCRCo\r<br/>           mpilePbaCompare.cs:line 93\r\r<br/>       at BL.Operations.Test.Utility.Queue.QueueTestDataFiles.RunTestOnSingleFile(List`1 methods, DataFileKey key)\r<br/>           in \r<br/>           d:\\CI_1\\Sources\\Common_CPS_Platfrm\\Implementation\\RM2.0\\BusinessLogic\\Code\\Tools\\Test\\BL.Operations.GatedCheckInTest\\Utility\\Queue\r<br/>           TestDataFiles.cs:line 899\r\r<br/>    -----\r\r<br/>    \r\r<br/>    \r\r<br/>    \r\r<br/>    StackTrace:\r\r<br/>       at BL.Operation.PostCheckInTest.PCRCompileTest.PCRPackunPack_DebugTest()\r<br/>           in \r<br/>           d:\\CI_1\\Sources\\Common_CPS_Platfrm\\Implementation\\RM2.0\\BusinessLogic\\Code\\Tools\\Test\\BL.Operation.PostCheckInTest\\PCRConfiguratio\r<br/>           nTest\\PCRCompileTest.cs:line 84\r\r<br/>    \r\r<br/>    \r<br/>"
        },
        {
            "Version": 82631,
            "Passed": false,
            "TestRun": "6fccdfbb-46bd-4022-907f-04fc0e25f377",
            "RunType": "PostCheckin",
            "Message": "Full Name: \r<br/>    BLLTest_PCT:BL.Operation.PostCheckInTest.PCRCompileTest.PCRPackunPack_DebugTest\r<br/>Message Version: \r<br/>    82631\r<br/>Message:\r<br/>    Error Message:\r\r<br/>    Assert.IsTrue failed. Case: [FAILED]\r\r<br/>    PCRPackunPack_DebugTest\r\r<br/>    Total Data Files 1\r\r<br/>     Result: &lt;Pass 0, Fail 1&gt;\r\r<br/>     Picked Data Files:\r\r<br/>      Priority-1 1 &lt;Unstable 0, Specified 1, RandomAtLeast 0&gt;\r\r<br/>      Priority-2 0 &lt;NeverRun 0, RandomMore 0, Stable 0&gt;\r\r<br/>     Time: 0:18 &lt;Each 18.5&gt;\r\r<br/>     Pure: 0:17 &lt;Each 17.9 Compare 1.0&gt;\r\r<br/>    Log Folder: \\\\nebula-01\\TestLog\\C82631_.1\\BLL_From_VM_W7_64_2211\\MyTestResults\\BllLogs\r\r<br/>    Default_NA_R140104_T3000A_UHFB2.log\r\r<br/>    PCRPackunPack_DebugTest.log\r\r<br/>    Compile_NA_R140104_T3000A_UHFB2\r\r<br/>    \r\r<br/>    -----\r\r<br/>    SPELLCHECK_FAILED_IN_COMPILE\r\r<br/>       at BL.Operations.Operations.Compile(IBLDocument doc)\r<br/>           in \r<br/>           d:\\CI_1\\Sources\\Common_CPS_Platfrm\\Implementation\\RM2.0\\BusinessLogic\\Code\\Platform\\Features\\BL.Operations\\CompileOperations.cs:li\r<br/>           ne 78\r\r<br/>       at BL.Operations.Test.Utility.PCRCompilePbaCompare.Test(String pbaFile, Boolean isPureDefaultCodeplug, ICompileTestCoverage \r<br/>    compileTestCoverage)\r<br/>           in \r<br/>           d:\\CI_1\\Sources\\Common_CPS_Platfrm\\Implementation\\RM2.0\\BusinessLogic\\Code\\Tools\\Test\\BL.Operations.GatedCheckInTest\\Utility\\PCRCo\r<br/>           mpilePbaCompare.cs:line 57\r\r<br/>       at BL.Operations.Test.Utility.PCRCompilePbaCompare.CompareCompileCodeplug(String pbaFile, String logFileName)\r<br/>           in \r<br/>           d:\\CI_1\\Sources\\Common_CPS_Platfrm\\Implementation\\RM2.0\\BusinessLogic\\Code\\Tools\\Test\\BL.Operations.GatedCheckInTest\\Utility\\PCRCo\r<br/>           mpilePbaCompare.cs:line 93\r\r<br/>       at BL.Operations.Test.Utility.Queue.QueueTestDataFiles.RunTestOnSingleFile(List`1 methods, DataFileKey key)\r<br/>           in \r<br/>           d:\\CI_1\\Sources\\Common_CPS_Platfrm\\Implementation\\RM2.0\\BusinessLogic\\Code\\Tools\\Test\\BL.Operations.GatedCheckInTest\\Utility\\Queue\r<br/>           TestDataFiles.cs:line 899\r\r<br/>    -----\r\r<br/>    \r\r<br/>    \r\r<br/>    \r\r<br/>    StackTrace:\r\r<br/>       at BL.Operation.PostCheckInTest.PCRCompileTest.PCRPackunPack_DebugTest()\r<br/>           in \r<br/>           d:\\CI_1\\Sources\\Common_CPS_Platfrm\\Implementation\\RM2.0\\BusinessLogic\\Code\\Tools\\Test\\BL.Operation.PostCheckInTest\\PCRConfiguratio\r<br/>           nTest\\PCRCompileTest.cs:line 84\r\r<br/>    \r\r<br/>    \r<br/>"
        },
        {
            "Version": 82629,
            "Passed": false,
            "TestRun": "6022032c-2460-4874-80e6-d43cd8cd5ac4",
            "RunType": "PostCheckin",
            "Message": "Full Name: \r<br/>    BLLTest_PCT:BL.Operation.PostCheckInTest.PCRCompileTest.PCRPackunPack_DebugTest\r<br/>Message Version: \r<br/>    82629\r<br/>Message:\r<br/>    Error Message:\r\r<br/>    Assert.IsTrue failed. Case: [FAILED]\r\r<br/>    PCRPackunPack_DebugTest\r\r<br/>    Total Data Files 1\r\r<br/>     Result: &lt;Pass 0, Fail 1&gt;\r\r<br/>     Picked Data Files:\r\r<br/>      Priority-1 1 &lt;Unstable 0, Specified 1, RandomAtLeast 0&gt;\r\r<br/>      Priority-2 0 &lt;NeverRun 0, RandomMore 0, Stable 0&gt;\r\r<br/>     Time: 0:26 &lt;Each 26.8&gt;\r\r<br/>     Pure: 0:26 &lt;Each 26.5 Compare 1.0&gt;\r\r<br/>    Log Folder: \\\\nebula-01\\TestLog\\C82629_.1\\BLL_From_VM_W7_64_0405\\MyTestResults\\BllLogs\r\r<br/>    Default_NA_R140104_T3000A_UHFB2.log\r\r<br/>    PCRPackunPack_DebugTest.log\r\r<br/>    Compile_NA_R140104_T3000A_UHFB2\r\r<br/>    \r\r<br/>    -----\r\r<br/>    SPELLCHECK_FAILED_IN_COMPILE\r\r<br/>       at BL.Operations.Operations.Compile(IBLDocument doc)\r<br/>           in \r<br/>           d:\\CI_1\\Sources\\Common_CPS_Platfrm\\Implementation\\RM2.0\\BusinessLogic\\Code\\Platform\\Features\\BL.Operations\\CompileOperations.cs:li\r<br/>           ne 78\r\r<br/>       at BL.Operations.Test.Utility.PCRCompilePbaCompare.Test(String pbaFile, Boolean isPureDefaultCodeplug, ICompileTestCoverage \r<br/>    compileTestCoverage)\r<br/>           in \r<br/>           d:\\CI_1\\Sources\\Common_CPS_Platfrm\\Implementation\\RM2.0\\BusinessLogic\\Code\\Tools\\Test\\BL.Operations.GatedCheckInTest\\Utility\\PCRCo\r<br/>           mpilePbaCompare.cs:line 57\r\r<br/>       at BL.Operations.Test.Utility.PCRCompilePbaCompare.CompareCompileCodeplug(String pbaFile, String logFileName)\r<br/>           in \r<br/>           d:\\CI_1\\Sources\\Common_CPS_Platfrm\\Implementation\\RM2.0\\BusinessLogic\\Code\\Tools\\Test\\BL.Operations.GatedCheckInTest\\Utility\\PCRCo\r<br/>           mpilePbaCompare.cs:line 93\r\r<br/>       at BL.Operations.Test.Utility.Queue.QueueTestDataFiles.RunTestOnSingleFile(List`1 methods, DataFileKey key)\r<br/>           in \r<br/>           d:\\CI_1\\Sources\\Common_CPS_Platfrm\\Implementation\\RM2.0\\BusinessLogic\\Code\\Tools\\Test\\BL.Operations.GatedCheckInTest\\Utility\\Queue\r<br/>           TestDataFiles.cs:line 899\r\r<br/>    -----\r\r<br/>    \r\r<br/>    \r\r<br/>    \r\r<br/>    StackTrace:\r\r<br/>       at BL.Operation.PostCheckInTest.PCRCompileTest.PCRPackunPack_DebugTest()\r<br/>           in \r<br/>           d:\\CI_1\\Sources\\Common_CPS_Platfrm\\Implementation\\RM2.0\\BusinessLogic\\Code\\Tools\\Test\\BL.Operation.PostCheckInTest\\PCRConfiguratio\r<br/>           nTest\\PCRCompileTest.cs:line 84\r\r<br/>    \r\r<br/>    \r<br/>"
        }
    ]
}